<?xml version="1.0"?>
<!--Phoronix Test Suite v10.2.0m2-->
<PhoronixTestSuite>
  <TestInformation>
    <Title>Coremark</Title>
    <AppVersion>1.0</AppVersion>
    <Description>This is a test of EEMBC CoreMark processor benchmark.</Description>
    <ResultScale>Iterations/Sec</ResultScale>
    <Proportion>HIB</Proportion>
    <SubTitle>CoreMark Size 666 - Iterations Per Second</SubTitle>
    <TimesToRun>3</TimesToRun>
  </TestInformation>
  <TestProfile>
    <Version>1.0.1</Version>
    <SupportedPlatforms>Linux, Solaris, MacOSX, BSD, Windows</SupportedPlatforms>
    <SoftwareType>Utility</SoftwareType>
    <TestType>Processor</TestType>
    <License>Free</License>
    <Status>Verified</Status>
    <ExternalDependencies>build-utilities</ExternalDependencies>
    <EnvironmentSize>2.0</EnvironmentSize>
    <ProjectURL>https://www.eembc.org/coremark/</ProjectURL>
    <InternalTags>SMP</InternalTags>
    <Maintainer>Michael Larabel</Maintainer>
  </TestProfile>
</PhoronixTestSuite>
