<?xml version="1.0"?>
<!--Phoronix Test Suite v8.8.0m2-->
<PhoronixTestSuite>
  <TestInformation>
    <Title>SPEC CPU 2017</Title>
    <Description>This is a benchmark of SPEC CPU 2017. For this test profile to work, you must have a valid license/copy of the SPEC CPU 2017 ISO (cpu2017-1_0_5.iso) in your Phoronix Test Suite download cache.</Description>
    <ResultScale>Base Rate</ResultScale>
    <Proportion>HIB</Proportion>
    <TimesToRun>1</TimesToRun>
    <PreInstallMessage>This test will only work if you have a legitimate copy of SPEC CPU 2017 for your organization. Contact SPEC for purchasing the SPEC software.</PreInstallMessage>
  </TestInformation>
  <TestProfile>
    <Version>1.0.2</Version>
    <SupportedPlatforms>Linux, Windows</SupportedPlatforms>
    <SoftwareType>Utility</SoftwareType>
    <TestType>System</TestType>
    <License>Retail</License>
    <Status>Verified</Status>
    <ExternalDependencies>build-utilities</ExternalDependencies>
    <EnvironmentSize>15200</EnvironmentSize>
    <ProjectURL>https://www.spec.org/cpu2017/</ProjectURL>
    <Maintainer>Michael Larabel</Maintainer>
    <SystemDependencies>fuseiso</SystemDependencies>
  </TestProfile>
  <TestSettings>
    <Option>
      <DisplayName>Copies</DisplayName>
      <Identifier>cpu-physical-threads</Identifier>
      <ArgumentPrefix>--copies=</ArgumentPrefix>
      <Menu>
        <Entry>
          <Name>1</Name>
          <Value>1</Value>
        </Entry>
        <Entry>
          <Name>2</Name>
          <Value>2</Value>
        </Entry>
        <Entry>
          <Name>4</Name>
          <Value>4</Value>
        </Entry>
        <Entry>
          <Name>8</Name>
          <Value>8</Value>
        </Entry>
      </Menu>
    </Option>
    <Option>
      <DisplayName>Benchmark</DisplayName>
      <Identifier>type</Identifier>
      <ArgumentPrefix>--reportable </ArgumentPrefix>
      <Menu>
        <Entry>
          <Name>intrate</Name>
          <Value>intrate</Value>
        </Entry>
        <Entry>
          <Name>fprate</Name>
          <Value>fprate</Value>
        </Entry>
      </Menu>
    </Option>
  </TestSettings>
</PhoronixTestSuite>
