<?xml version="1.0"?>
<!--Phoronix Test Suite v10.0.0-->
<PhoronixTestSuite>
  <TestInformation>
    <Title>Waifu2x-NCNN Vulkan</Title>
    <AppVersion>20200818</AppVersion>
    <Description>Waifu2x-NCNN is an NCNN neural network implementation of the Waifu2x converter project and accelerated using the Vulkan API. NCNN is a high performance neural network inference framework optimized for mobile and other platforms developed by Tencent. This test profile times how long it takes to increase the resolution of a sample image with Vulkan.</Description>
    <ResultScale>Seconds</ResultScale>
    <Proportion>LIB</Proportion>
    <TimesToRun>3</TimesToRun>
  </TestInformation>
  <TestProfile>
    <Version>1.0.0</Version>
    <SupportedPlatforms>Linux, Windows</SupportedPlatforms>
    <SoftwareType>Application</SoftwareType>
    <TestType>Graphics</TestType>
    <License>Free</License>
    <Status>Verified</Status>
    <SupportedArchitectures>x86_64</SupportedArchitectures>
    <ExternalDependencies>vulkan-development</ExternalDependencies>
    <EnvironmentSize>78</EnvironmentSize>
    <ProjectURL>https://github.com/nihui/waifu2x-ncnn-vulkan</ProjectURL>
    <Maintainer>Michael Larabel</Maintainer>
  </TestProfile>
  <TestSettings>
    <Option>
      <DisplayName>Scale</DisplayName>
      <Identifier>scale</Identifier>
      <ArgumentPrefix>-s </ArgumentPrefix>
      <Menu>
        <Entry>
          <Name>2x</Name>
          <Value>2</Value>
        </Entry>
      </Menu>
    </Option>
    <Option>
      <DisplayName>Denoise</DisplayName>
      <Identifier>denoise</Identifier>
      <ArgumentPrefix>-n </ArgumentPrefix>
      <Menu>
        <Entry>
          <Name>3</Name>
          <Value>3</Value>
        </Entry>
      </Menu>
    </Option>
    <Option>
      <DisplayName>TAA</DisplayName>
      <Identifier>taa</Identifier>
      <Menu>
        <Entry>
          <Name>Yes</Name>
          <Value>-x</Value>
        </Entry>
        <Entry>
          <Name>No</Name>
        </Entry>
      </Menu>
    </Option>
  </TestSettings>
</PhoronixTestSuite>
