<?xml version="1.0"?>
<!--Phoronix Test Suite v8.6.1-->
<PhoronixTestSuite>
  <TestInformation>
    <Title>Novabench</Title>
    <Description>This is a benchmark of Novabench. The test profile automates the execution of Novabench under the Phoronix Test Suite, assuming you have a valid license key for Novabench Pro or Novabench Commercial. This test will not work without a valid license key and activating Novabench.</Description>
    <ResultScale>Score</ResultScale>
    <Proportion>HIB</Proportion>
    <TimesToRun>3</TimesToRun>
    <PreInstallMessage>You must manually activate the Novabench binary with your account before this benchmark will work.</PreInstallMessage>
  </TestInformation>
  <TestProfile>
    <Version>1.0.0</Version>
    <SupportedPlatforms>Windows, Linux</SupportedPlatforms>
    <SoftwareType>Utility</SoftwareType>
    <TestType>System</TestType>
    <License>Retail</License>
    <Status>Verified</Status>
    <SupportedArchitectures>x86_64</SupportedArchitectures>
    <EnvironmentSize>188</EnvironmentSize>
    <ProjectURL>https://novabench.com/</ProjectURL>
    <Maintainer>Michael Larabel</Maintainer>
  </TestProfile>
  <TestSettings>
    <Default>
      <Arguments> </Arguments>
    </Default>
    <Option>
      <DisplayName>Test</DisplayName>
      <Identifier>test</Identifier>
      <Menu>
        <Entry>
          <Name>CPU</Name>
          <Value>--test=cpu</Value>
        </Entry>
        <Entry>
          <Name>GPU</Name>
          <Value>--test=gpu</Value>
        </Entry>
        <Entry>
          <Name>RAM</Name>
          <Value>--test=ram</Value>
        </Entry>
      </Menu>
    </Option>
  </TestSettings>
</PhoronixTestSuite>
