<?xml version="1.0"?>
<!--Phoronix Test Suite v6.6.0m1-->
<PhoronixTestSuite>
  <TestInformation>
    <Title>Systemd Total Boot Time</Title>
    <Description>This test uses systemd-analyze to report the entire boot time.</Description>
    <ResultScale>ms</ResultScale>
    <Proportion>LIB</Proportion>
    <TimesToRun>1</TimesToRun>
  </TestInformation>
  <TestProfile>
    <Version>1.0.4</Version>
    <SupportedPlatforms>Linux</SupportedPlatforms>
    <SoftwareType>Utility</SoftwareType>
    <TestType>Processor</TestType>
    <Maintainer>Jim Kukunas</Maintainer>
  </TestProfile>
  <TestSettings>
    <Option>
      <DisplayName>Test</DisplayName>
      <Identifier>run-test</Identifier>
      <ArgumentPrefix></ArgumentPrefix>
      <ArgumentPostfix></ArgumentPostfix>
      <DefaultEntry>0</DefaultEntry>
      <Menu>
        <Entry>
          <Name>Total</Name>
          <Value>total</Value>
          <Message></Message>
        </Entry>
        <Entry>
          <Name>Userspace</Name>
          <Value>userspace</Value>
          <Message></Message>
        </Entry>
        <Entry>
          <Name>Kernel</Name>
          <Value>kernel</Value>
          <Message></Message>
        </Entry>
        <Entry>
          <Name>Loader</Name>
          <Value>loader</Value>
          <Message></Message>
        </Entry>
        <Entry>
          <Name>Firmware</Name>
          <Value>firmware</Value>
          <Message></Message>
        </Entry>
      </Menu>
    </Option>
  </TestSettings>
</PhoronixTestSuite>
