<?xml version="1.0"?>
<!--Phoronix Test Suite v9.0.0m3-->
<PhoronixTestSuite>
  <TestInformation>
    <Title>Stressful Application Test</Title>
    <Description>This is a pass/fail benchmark of stressapptest (Stressful Application Test) for verifying memory/RAM stability of the system.</Description>
    <ResultScale>Pass / Fail</ResultScale>
    <DisplayFormat>PASS_FAIL</DisplayFormat>
    <TimesToRun>1</TimesToRun>
  </TestInformation>
  <TestProfile>
    <Version>1.0.1</Version>
    <SupportedPlatforms>Linux</SupportedPlatforms>
    <SoftwareType>Utility</SoftwareType>
    <TestType>Memory</TestType>
    <License>Free</License>
    <Status>Verified</Status>
    <ExternalDependencies>build-utilities</ExternalDependencies>
    <EnvironmentSize>3</EnvironmentSize>
    <ProjectURL>https://github.com/stressapptest/stressapptest</ProjectURL>
    <Maintainer>Michael Larabel</Maintainer>
  </TestProfile>
  <TestSettings>
    <Option>
      <DisplayName>Threads</DisplayName>
      <Identifier>cpu-threads</Identifier>
      <ArgumentPrefix>-m </ArgumentPrefix>
      <Menu>
        <Entry>
          <Name>1</Name>
          <Value>1</Value>
        </Entry>
        <Entry>
          <Name>2</Name>
          <Value>2</Value>
        </Entry>
        <Entry>
          <Name>4</Name>
          <Value>4</Value>
        </Entry>
        <Entry>
          <Name>8</Name>
          <Value>8</Value>
        </Entry>
      </Menu>
    </Option>
    <Option>
      <DisplayName>RAM To Test</DisplayName>
      <Identifier>ram-capacity</Identifier>
      <ArgumentPrefix>-M </ArgumentPrefix>
      <Menu>
        <Entry>
          <Name>2MB</Name>
          <Value>2</Value>
        </Entry>
        <Entry>
          <Name>64MB</Name>
          <Value>64</Value>
        </Entry>
        <Entry>
          <Name>256MB</Name>
          <Value>256</Value>
        </Entry>
        <Entry>
          <Name>1GB</Name>
          <Value>1024</Value>
        </Entry>
      </Menu>
    </Option>
    <Option>
      <DisplayName>Duration</DisplayName>
      <Identifier>duration</Identifier>
      <ArgumentPrefix>-s </ArgumentPrefix>
      <Menu>
        <Entry>
          <Name>30 Seconds</Name>
          <Value>30</Value>
        </Entry>
        <Entry>
          <Name>1 Minute</Name>
          <Value>60</Value>
        </Entry>
        <Entry>
          <Name>3 Minute</Name>
          <Value>180</Value>
        </Entry>
        <Entry>
          <Name>10 Minutes</Name>
          <Value>600</Value>
        </Entry>
        <Entry>
          <Name>30 Minutes</Name>
          <Value>1800</Value>
        </Entry>
        <Entry>
          <Name>1 Hour</Name>
          <Value>3600</Value>
        </Entry>
      </Menu>
    </Option>
  </TestSettings>
</PhoronixTestSuite>
