<?xml version="1.0"?>
<!--Phoronix Test Suite v9.2.1-->
<PhoronixTestSuite>
  <TestInformation>
    <Title>rays1bench</Title>
    <AppVersion>2020-01-09</AppVersion>
    <Description>This is a test of rays1bench, a simple path-tracer / ray-tracing that supports SSE and AVX instructions, multi-threading, and other features. This test profile is measuring the performance of the "large scene" in rays1bench.</Description>
    <ResultScale>mrays/s</ResultScale>
    <Proportion>HIB</Proportion>
    <SubTitle>Large Scene</SubTitle>
    <TimesToRun>3</TimesToRun>
  </TestInformation>
  <TestProfile>
    <Version>1.0.0</Version>
    <SupportedPlatforms>Linux, BSD</SupportedPlatforms>
    <SoftwareType>Utility</SoftwareType>
    <TestType>Processor</TestType>
    <License>Free</License>
    <Status>Verified</Status>
    <ExternalDependencies>build-utilities, python</ExternalDependencies>
    <EnvironmentSize>7</EnvironmentSize>
    <ProjectURL>https://github.com/montib/rays1bench</ProjectURL>
    <InternalTags>SMP</InternalTags>
    <Maintainer>Michael Larabel</Maintainer>
  </TestProfile>
</PhoronixTestSuite>
