<?xml version="1.0"?>
<!--Phoronix Test Suite v10.2.1-->
<PhoronixTestSuite>
  <TestInformation>
    <Title>Pennant</Title>
    <AppVersion>1.0.1</AppVersion>
    <Description>Pennant is an application focused on hydrodynamics on general unstructured meshes in 2D.</Description>
    <ResultScale>Hydro Cycle Time - Seconds</ResultScale>
    <Proportion>LIB</Proportion>
    <TimesToRun>3</TimesToRun>
  </TestInformation>
  <TestProfile>
    <Version>1.1.0</Version>
    <SupportedPlatforms>Linux</SupportedPlatforms>
    <SoftwareType>Scientific</SoftwareType>
    <TestType>Processor</TestType>
    <License>Free</License>
    <Status>Verified</Status>
    <ExternalDependencies>openmpi-development, build-utilities</ExternalDependencies>
    <EnvironmentSize>20</EnvironmentSize>
    <ProjectURL>http://github.com/lanl/PENNANT/</ProjectURL>
    <InternalTags>SMP, MPI</InternalTags>
    <Maintainer>Michael Larabel</Maintainer>
  </TestProfile>
  <TestSettings>
    <Option>
      <DisplayName>Test</DisplayName>
      <Identifier>run-test</Identifier>
      <Menu>
        <Entry>
          <Name>leblancbig</Name>
          <Value>leblancbig/leblancbig.pnt</Value>
        </Entry>
        <Entry>
          <Name>sedovbig</Name>
          <Value>sedovbig/sedovbig.pnt</Value>
        </Entry>
      </Menu>
    </Option>
  </TestSettings>
</PhoronixTestSuite>
