<?xml version="1.0"?>
<!--Phoronix Test Suite v9.0.0-->
<PhoronixTestSuite>
  <TestInformation>
    <Title>Intel Open Image Denoise</Title>
    <AppVersion>1.0.0</AppVersion>
    <Description>Open Image Denoise is a denoising library for ray-tracing and part of the oneAPI rendering toolkit.</Description>
    <ResultScale>Images / Sec</ResultScale>
    <Proportion>HIB</Proportion>
    <TimesToRun>3</TimesToRun>
  </TestInformation>
  <TestProfile>
    <Version>1.1.0</Version>
    <SupportedPlatforms>Linux, Windows</SupportedPlatforms>
    <SoftwareType>Utility</SoftwareType>
    <TestType>Processor</TestType>
    <License>Free</License>
    <Status>Verified</Status>
    <SupportedArchitectures>x86_64</SupportedArchitectures>
    <EnvironmentSize>82</EnvironmentSize>
    <ProjectURL>https://openimagedenoise.github.io/</ProjectURL>
    <InternalTags>SMP</InternalTags>
    <Maintainer>Michael Larabel</Maintainer>
  </TestProfile>
  <TestSettings>
    <Default>
      <PostArguments> -out out.pfm -bench 100 </PostArguments>
    </Default>
    <Option>
      <DisplayName>Scene</DisplayName>
      <Identifier>scene</Identifier>
      <Menu>
        <Entry>
          <Name>Memorial</Name>
          <Value>-hdr memorial.pfm</Value>
        </Entry>
      </Menu>
    </Option>
  </TestSettings>
</PhoronixTestSuite>
