<?xml version="1.0"?>
<!--Phoronix Test Suite v9.4.0m3-->
<PhoronixTestSuite>
  <TestInformation>
    <Title>Tachyon</Title>
    <AppVersion>0.99b6</AppVersion>
    <Description>This is a test of the threaded Tachyon, a parallel ray-tracing system, measuring the time to ray-trace a sample scene.</Description>
    <ResultScale>Seconds</ResultScale>
    <Proportion>LIB</Proportion>
    <SubTitle>Total Time</SubTitle>
    <Executable>tachyon-benchmark</Executable>
    <TimesToRun>3</TimesToRun>
  </TestInformation>
  <TestProfile>
    <Version>1.2.0</Version>
    <SupportedPlatforms>Linux, MacOSX, BSD, Solaris</SupportedPlatforms>
    <SoftwareType>Utility</SoftwareType>
    <TestType>Processor</TestType>
    <License>Free</License>
    <Status>Verified</Status>
    <ExternalDependencies>build-utilities</ExternalDependencies>
    <EnvironmentSize>17</EnvironmentSize>
    <ProjectURL>http://jedi.ks.uiuc.edu/~johns/raytracer/</ProjectURL>
    <Maintainer>Michael Larabel</Maintainer>
  </TestProfile>
</PhoronixTestSuite>
