<?xml version="1.0"?>
<!--Phoronix Test Suite v9.4.0-->
<PhoronixTestSuite>
  <TestInformation>
    <Title>Intel MPI Benchmarks</Title>
    <AppVersion>2019.3</AppVersion>
    <Description>Intel MPI Benchmarks for stressing MPI implementations. At this point the test profile aggregates results for some common MPI functionality.</Description>
    <ResultScale>Mbytes/sec</ResultScale>
    <Proportion>HIB</Proportion>
    <TimesToRun>3</TimesToRun>
  </TestInformation>
  <TestProfile>
    <Version>1.0.0</Version>
    <SupportedPlatforms>Linux</SupportedPlatforms>
    <SoftwareType>Benchmark</SoftwareType>
    <TestType>System</TestType>
    <License>Free</License>
    <Status>Verified</Status>
    <ExternalDependencies>build-utilities, openmpi-development</ExternalDependencies>
    <EnvironmentSize>31</EnvironmentSize>
    <ProjectURL>https://github.com/intel/mpi-benchmarks</ProjectURL>
    <InternalTags>SMP, MPI</InternalTags>
    <Maintainer>Michael Larabel</Maintainer>
  </TestProfile>
  <TestSettings>
    <Option>
      <DisplayName>Test</DisplayName>
      <Identifier>test</Identifier>
      <Menu>
        <Entry>
          <Name>IMB-MPI1 PingPong</Name>
          <Value>IMB-MPI1 PingPong</Value>
        </Entry>
        <Entry>
          <Name>IMB-MPI1 Sendrecv</Name>
          <Value>IMB-MPI1 Sendrecv</Value>
        </Entry>
        <Entry>
          <Name>IMB-MPI1 Exchange</Name>
          <Value>IMB-MPI1 Exchange</Value>
        </Entry>
        <Entry>
          <Name>IMB-P2P PingPong</Name>
          <Value>IMB-P2P PingPong</Value>
        </Entry>
      </Menu>
    </Option>
  </TestSettings>
</PhoronixTestSuite>
