<?xml version="1.0"?>
<!--Phoronix Test Suite v10.0.0m2-->
<PhoronixTestSuite>
  <TestInformation>
    <Title>LLVM Test Suite</Title>
    <AppVersion>6.0.0</AppVersion>
    <Description>This test times how long it takes to run the LLVM Test Suite.</Description>
    <ResultScale>Seconds</ResultScale>
    <Proportion>LIB</Proportion>
    <SubTitle>Time To Run</SubTitle>
    <TimesToRun>1</TimesToRun>
  </TestInformation>
  <TestProfile>
    <Version>1.0.1</Version>
    <SupportedPlatforms>Linux, BSD, MacOSX</SupportedPlatforms>
    <SoftwareType>Utility</SoftwareType>
    <TestType>Processor</TestType>
    <License>Free</License>
    <Status>Deprecated</Status>
    <ExternalDependencies>build-utilities, cmake, python</ExternalDependencies>
    <ProjectURL>http://www.llvm.org/</ProjectURL>
    <InternalTags>SMP</InternalTags>
    <Maintainer>Michael Larabel</Maintainer>
  </TestProfile>
</PhoronixTestSuite>
