<?xml version="1.0"?>
<!--Phoronix Test Suite v7.8.0m3-->
<PhoronixTestSuite>
  <TestInformation>
    <Title>Mencoder</Title>
    <AppVersion>1.3.0</AppVersion>
    <Description>This test uses mplayer's mencoder utility and the libavcodec family for testing the system's audio/video encoding performance.</Description>
    <ResultScale>Seconds</ResultScale>
    <Proportion>LIB</Proportion>
    <SubTitle>AVI To LAVC</SubTitle>
    <TimesToRun>3</TimesToRun>
  </TestInformation>
  <TestProfile>
    <Version>1.5.0</Version>
    <SupportedPlatforms>Linux, BSD, Solaris, MacOSX</SupportedPlatforms>
    <SoftwareType>Utility</SoftwareType>
    <TestType>Processor</TestType>
    <License>Free</License>
    <Status>Verified</Status>
    <ExternalDependencies>build-utilities, yasm</ExternalDependencies>
    <Extends>pts/video-sample</Extends>
    <EnvironmentSize>143</EnvironmentSize>
    <ProjectURL>http://www.mplayerhq.hu/</ProjectURL>
    <Maintainer>Michael Larabel</Maintainer>
  </TestProfile>
</PhoronixTestSuite>
