<?xml version="1.0"?>
<!--Phoronix Test Suite v10.4.0m1-->
<PhoronixTestSuite>
  <TestInformation>
    <Title>LuxCoreRender</Title>
    <AppVersion>2.5</AppVersion>
    <Description>LuxCoreRender is an open-source 3D physically based renderer formerly known as LuxRender. LuxCoreRender supports CPU-based rendering as well as GPU acceleration via OpenCL, NVIDIA CUDA, and NVIDIA OptiX interfaces.</Description>
    <ResultScale>M samples/sec</ResultScale>
    <Proportion>HIB</Proportion>
    <TimesToRun>3</TimesToRun>
  </TestInformation>
  <TestProfile>
    <Version>1.3.0</Version>
    <SupportedPlatforms>Linux, Windows, MacOSX</SupportedPlatforms>
    <SoftwareType>Utility</SoftwareType>
    <TestType>Processor</TestType>
    <License>Free</License>
    <Status>Verified</Status>
    <SupportedArchitectures>x86_64</SupportedArchitectures>
    <ExternalDependencies>opencl</ExternalDependencies>
    <EnvironmentSize>855</EnvironmentSize>
    <ProjectURL>https://luxcorerender.org/</ProjectURL>
    <InternalTags>SMP, CUDA, OptiX</InternalTags>
    <Maintainer>Michael Larabel</Maintainer>
  </TestProfile>
  <TestSettings>
    <Default>
      <Arguments> -D batch.halttime 60 </Arguments>
    </Default>
    <Option>
      <DisplayName>Scene</DisplayName>
      <Identifier>scene</Identifier>
      <Menu>
        <Entry>
          <Name>DLSC</Name>
          <Value>DLSC/LuxCoreScene/render.cfg</Value>
        </Entry>
        <Entry>
          <Name>Rainbow Colors and Prism</Name>
          <Value>RainbowColorsAndPrism/LuxCoreScene/render.cfg</Value>
        </Entry>
        <Entry>
          <Name>LuxCore Benchmark</Name>
          <Value>LuxCore2.1Benchmark/LuxCoreScene/render.cfg</Value>
        </Entry>
        <Entry>
          <Name>Orange Juice</Name>
          <Value>OrangeJuice/LuxCoreScene/render.cfg</Value>
        </Entry>
        <Entry>
          <Name>Danish Mood</Name>
          <Value>DanishMood/LuxCoreScene/render.cfg</Value>
        </Entry>
      </Menu>
    </Option>
    <Option>
      <DisplayName>Acceleration</DisplayName>
      <Identifier>accel</Identifier>
      <Menu>
        <Entry>
          <Name>CPU</Name>
          <Value>-D renderengine.type PATHCPU</Value>
        </Entry>
        <Entry>
          <Name>GPU</Name>
          <Value>-D renderengine.type PATHOCL -D opencl.native.threads.count 0 -D context.cuda.optix.enable 0</Value>
        </Entry>
      </Menu>
    </Option>
  </TestSettings>
</PhoronixTestSuite>
