<?xml version="1.0"?>
<!--Phoronix Test Suite v10.0.0m1-->
<PhoronixTestSuite>
  <TestInformation>
    <Title>ECP-CANDLE</Title>
    <AppVersion>0.3</AppVersion>
    <Description>The CANDLE benchmark codes implement deep learning architectures relevant to problems in cancer. These architectures address problems at different biological scales, specifically problems at the molecular, cellular and population scales.</Description>
    <ResultScale>Seconds</ResultScale>
    <Proportion>LIB</Proportion>
    <SubTitle>Time To Completion</SubTitle>
    <TimesToRun>1</TimesToRun>
  </TestInformation>
  <TestProfile>
    <Version>1.0.1</Version>
    <SupportedPlatforms>Linux, BSD</SupportedPlatforms>
    <SoftwareType>Utility</SoftwareType>
    <TestType>System</TestType>
    <License>Free</License>
    <Status>Verified</Status>
    <ExternalDependencies>python</ExternalDependencies>
    <EnvironmentSize>14800</EnvironmentSize>
    <ProjectURL>https://github.com/ECP-CANDLE/Benchmarks</ProjectURL>
    <InternalTags>Python, CUDA</InternalTags>
    <Maintainer>Michael Larabel</Maintainer>
  </TestProfile>
  <TestSettings>
    <Option>
      <DisplayName>Benchmark</DisplayName>
      <Identifier>benchmark</Identifier>
      <Menu>
        <Entry>
          <Name>P1B2</Name>
          <Value>P1B2</Value>
        </Entry>
        <Entry>
          <Name>P3B1</Name>
          <Value>P3B1</Value>
        </Entry>
        <Entry>
          <Name>P3B2</Name>
          <Value>P3B2</Value>
        </Entry>
      </Menu>
    </Option>
  </TestSettings>
</PhoronixTestSuite>
