<?xml version="1.0"?>
<!--Phoronix Test Suite v10.2.0m2-->
<PhoronixTestSuite>
  <TestInformation>
    <Title>simdjson</Title>
    <AppVersion>0.7.1</AppVersion>
    <Description>This is a benchmark of SIMDJSON, a high performance JSON parser. SIMDJSON aims to be the fastest JSON parser and is used by projects like Microsoft FishStore, Yandex ClickHouse, Shopify, and others.</Description>
    <ResultScale>GB/s</ResultScale>
    <Proportion>HIB</Proportion>
    <TimesToRun>3</TimesToRun>
  </TestInformation>
  <TestProfile>
    <Version>1.1.1</Version>
    <SupportedPlatforms>Linux, MacOSX, BSD</SupportedPlatforms>
    <SoftwareType>Utility</SoftwareType>
    <TestType>Processor</TestType>
    <License>Free</License>
    <Status>Verified</Status>
    <ExternalDependencies>build-utilities, cmake</ExternalDependencies>
    <EnvironmentSize>178</EnvironmentSize>
    <ProjectURL>https://simdjson.org/</ProjectURL>
    <Maintainer>Michael Larabel</Maintainer>
  </TestProfile>
  <TestSettings>
    <Option>
      <DisplayName>Throughput Test</DisplayName>
      <Identifier>test</Identifier>
      <Menu>
        <Entry>
          <Name>PartialTweets</Name>
          <Value>PartialTweets</Value>
        </Entry>
        <Entry>
          <Name>LargeRandom</Name>
          <Value>LargeRandom</Value>
        </Entry>
        <Entry>
          <Name>Kostya</Name>
          <Value>Kostya</Value>
        </Entry>
        <Entry>
          <Name>DistinctUserID</Name>
          <Value>DistinctUserID</Value>
        </Entry>
      </Menu>
    </Option>
  </TestSettings>
</PhoronixTestSuite>
