<?xml version="1.0"?>
<!--Phoronix Test Suite v9.4.0m2-->
<PhoronixTestSuite>
  <TestInformation>
    <Title>rav1e</Title>
    <AppVersion>0.3.0</AppVersion>
    <Description>Xiph rav1e is a Rust-written AV1 video encoder.</Description>
    <ResultScale>Frames Per Second</ResultScale>
    <Proportion>HIB</Proportion>
    <SubTitle>1080p To AV1 Video Encode</SubTitle>
    <TimesToRun>3</TimesToRun>
  </TestInformation>
  <TestProfile>
    <Version>1.3.0</Version>
    <SupportedPlatforms>Linux, Windows</SupportedPlatforms>
    <SoftwareType>Utility</SoftwareType>
    <TestType>Processor</TestType>
    <License>Free</License>
    <Status>Verified</Status>
    <ExternalDependencies>rust, yasm, perl, cmake, p7zip</ExternalDependencies>
    <EnvironmentSize>3000</EnvironmentSize>
    <ProjectURL>https://github.com/xiph/rav1e</ProjectURL>
    <InternalTags>SMP</InternalTags>
    <Maintainer>Michael Larabel</Maintainer>
  </TestProfile>
  <TestSettings>
    <Option>
      <DisplayName>Speed</DisplayName>
      <Identifier>s</Identifier>
      <Menu>
        <Entry>
          <Name>10</Name>
          <Value>-s 10 -l 90</Value>
          <Message>Fastest</Message>
        </Entry>
        <Entry>
          <Name>6</Name>
          <Value>-s 6 -l 60</Value>
          <Message>Default</Message>
        </Entry>
        <Entry>
          <Name>5</Name>
          <Value>-s 5 -l 60</Value>
          <Message>Mid-Speed</Message>
        </Entry>
        <Entry>
          <Name>1</Name>
          <Value>-s 1 -l 20</Value>
          <Message>Slowest / Best Quality</Message>
        </Entry>
      </Menu>
    </Option>
  </TestSettings>
</PhoronixTestSuite>
