<?xml version="1.0"?>
<!--Phoronix Test Suite v10.0.0m2-->
<PhoronixTestSuite>
  <TestInformation>
    <Title>WebP Image Encode</Title>
    <AppVersion>1.1</AppVersion>
    <Description>This is a test of Google's libwebp with the cwebp image encode utility and using a sample 6000x4000 pixel JPEG image as the input.</Description>
    <ResultScale>Encode Time - Seconds</ResultScale>
    <Proportion>LIB</Proportion>
    <TimesToRun>3</TimesToRun>
  </TestInformation>
  <TestProfile>
    <Version>1.0.0</Version>
    <SupportedPlatforms>Linux, MacOSX, Windows</SupportedPlatforms>
    <SoftwareType>Utility</SoftwareType>
    <TestType>Processor</TestType>
    <License>Free</License>
    <Status>Verified</Status>
    <ExternalDependencies>build-utilities, jpeg-development</ExternalDependencies>
    <EnvironmentSize>72</EnvironmentSize>
    <ProjectURL>https://developers.google.com/speed/webp/docs/cwebp</ProjectURL>
    <Maintainer>Michael Larabel</Maintainer>
  </TestProfile>
  <TestSettings>
    <Default>
      <Arguments>-v -mt</Arguments>
    </Default>
    <Option>
      <DisplayName>Encode Settings</DisplayName>
      <Identifier>encode</Identifier>
      <Menu>
        <Entry>
          <Name>Default</Name>
          <Value> </Value>
        </Entry>
        <Entry>
          <Name>Quality 100</Name>
          <Value>-q 100</Value>
        </Entry>
        <Entry>
          <Name>Quality 100, Highest Compression</Name>
          <Value>-q 100 -m 6</Value>
        </Entry>
        <Entry>
          <Name>Quality 100, Lossless</Name>
          <Value>-q 100 -lossless</Value>
        </Entry>
        <Entry>
          <Name>Quality 100, Lossless, Highest Compression</Name>
          <Value>-q 100 -lossless -m 6</Value>
        </Entry>
      </Menu>
    </Option>
  </TestSettings>
</PhoronixTestSuite>
