<?xml version="1.0"?>
<!--Phoronix Test Suite v9.6.1-->
<PhoronixTestSuite>
  <TestInformation>
    <Title>libavif avifenc</Title>
    <AppVersion>0.7.3</AppVersion>
    <Description>This is a test of the AOMedia libavif library testing the encoding of a JPEG image to AV1 Image Format (AVIF).</Description>
    <ResultScale>Seconds</ResultScale>
    <Proportion>LIB</Proportion>
    <TimesToRun>3</TimesToRun>
  </TestInformation>
  <TestProfile>
    <Version>1.0.0</Version>
    <SupportedPlatforms>Linux, MacOSX, BSD, Windows</SupportedPlatforms>
    <SoftwareType>Utility</SoftwareType>
    <TestType>Processor</TestType>
    <License>Free</License>
    <Status>Verified</Status>
    <ExternalDependencies>build-utilities, cmake, perl, yasm, meson, nasm, libpng-development, jpeg-development</ExternalDependencies>
    <EnvironmentSize>70</EnvironmentSize>
    <ProjectURL>https://github.com/AOMediaCodec/libavif/</ProjectURL>
    <InternalTags>SMP</InternalTags>
    <Maintainer>Michael Larabel</Maintainer>
  </TestProfile>
  <TestSettings>
    <Default>
      <PostArguments> sample-photo-6000x4000.JPG output.avif</PostArguments>
    </Default>
    <Option>
      <DisplayName>Encoder Speed</DisplayName>
      <Identifier>enc-mode</Identifier>
      <Menu>
        <Entry>
          <Name>0</Name>
          <Value>-s 0</Value>
          <Message>Slowest</Message>
        </Entry>
        <Entry>
          <Name>2</Name>
          <Value>-s 2</Value>
          <Message>Slowest</Message>
        </Entry>
        <Entry>
          <Name>8</Name>
          <Value>-s 8</Value>
          <Message>Default</Message>
        </Entry>
        <Entry>
          <Name>10</Name>
          <Value>-s 10</Value>
          <Message>Fastest</Message>
        </Entry>
      </Menu>
    </Option>
  </TestSettings>
</PhoronixTestSuite>
