<?xml version="1.0"?>
<!--Phoronix Test Suite v8.2.0m1-->
<PhoronixTestSuite>
  <TestInformation>
    <Title>x265</Title>
    <AppVersion>2.8</AppVersion>
    <Description>This is a simple test of the x265 encoder run on the CPU with a sample video file.</Description>
    <ResultScale>Frames Per Second</ResultScale>
    <Proportion>HIB</Proportion>
    <SubTitle>H.265 Video Encoding</SubTitle>
    <TimesToRun>3</TimesToRun>
  </TestInformation>
  <TestProfile>
    <Version>1.0.0</Version>
    <SupportedPlatforms>Linux, MacOSX, BSD</SupportedPlatforms>
    <SoftwareType>Utility</SoftwareType>
    <TestType>Processor</TestType>
    <License>Free</License>
    <Status>Verified</Status>
    <ExternalDependencies>build-utilities, p7zip, cmake, yasm</ExternalDependencies>
    <EnvironmentSize>2600</EnvironmentSize>
    <ProjectURL>http://x265.org/</ProjectURL>
    <InternalTags>SMP</InternalTags>
    <Maintainer>Michael Larabel</Maintainer>
  </TestProfile>
</PhoronixTestSuite>
