<?xml version="1.0"?>
<!--Phoronix Test Suite v9.2.1-->
<PhoronixTestSuite>
  <TestInformation>
    <Title>Node.js Express HTTP Load Test</Title>
    <Description>A Node.js Express server with a Node-based loadtest client for facilitating HTTP benchmarking.</Description>
    <ResultScale>Requests Per Second</ResultScale>
    <Proportion>HIB</Proportion>
    <TimesToRun>3</TimesToRun>
  </TestInformation>
  <TestProfile>
    <Version>1.0.1</Version>
    <SupportedPlatforms>Linux, BSD, Solaris, MacOSX</SupportedPlatforms>
    <SoftwareType>Utility</SoftwareType>
    <TestType>Processor</TestType>
    <License>Free</License>
    <Status>Verified</Status>
    <ExternalDependencies>node-npm</ExternalDependencies>
    <EnvironmentSize>2</EnvironmentSize>
    <ProjectURL>https://github.com/PlainSight/NodeRestPerfTest3</ProjectURL>
    <Maintainer>Michael Larabel</Maintainer>
  </TestProfile>
</PhoronixTestSuite>
