<?xml version="1.0"?>
<!--Phoronix Test Suite v8.0.0m4-->
<PhoronixTestSuite>
  <TestInformation>
    <Title>Tinymembench</Title>
    <AppVersion>2018-05-28</AppVersion>
    <Description>This benchmark tests the system memory (RAM) performance.</Description>
    <ResultScale>MB/s</ResultScale>
    <Proportion>HIB</Proportion>
    <TimesToRun>1</TimesToRun>
  </TestInformation>
  <TestProfile>
    <Version>1.0.0</Version>
    <SupportedPlatforms>Linux</SupportedPlatforms>
    <SoftwareType>Utility</SoftwareType>
    <TestType>Memory</TestType>
    <License>Free</License>
    <Status>Verified</Status>
    <ExternalDependencies>build-utilities</ExternalDependencies>
    <EnvironmentSize>0.3</EnvironmentSize>
    <ProjectURL>http://github.com/ssvb/tinymembench</ProjectURL>
    <Maintainer>Michael Larabel</Maintainer>
  </TestProfile>
</PhoronixTestSuite>
