<?xml version="1.0"?>
<!--Phoronix Test Suite v7.4.0-->
<PhoronixTestSuite>
  <TestInformation>
    <Title>asmFish</Title>
    <AppVersion>2017-09-19</AppVersion>
    <Description>This is a test of asmFish, an advanced chess benchmark written in Assembly.</Description>
    <ResultScale>Nodes/second</ResultScale>
    <Proportion>HIB</Proportion>
    <SubTitle>1024 Hash Memory, 26 Depth</SubTitle>
    <TimesToRun>3</TimesToRun>
  </TestInformation>
  <TestProfile>
    <Version>1.0.1</Version>
    <SupportedPlatforms>Linux, Solaris, MacOSX, BSD</SupportedPlatforms>
    <SoftwareType>Utility</SoftwareType>
    <TestType>Processor</TestType>
    <License>Free</License>
    <Status>Verified</Status>
    <ExternalDependencies>build-utilities</ExternalDependencies>
    <EnvironmentSize>5</EnvironmentSize>
    <ProjectURL>https://github.com/lantonov/asmFish/</ProjectURL>
    <InternalTags>SMP</InternalTags>
    <Maintainer>Michael Larabel</Maintainer>
  </TestProfile>
</PhoronixTestSuite>
