<?xml version="1.0"?>
<!--Phoronix Test Suite v5.8.0 (Belev)-->
<PhoronixTestSuite>
  <TestInformation>
    <Title>SQLite</Title>
    <AppVersion>3.8.10.2</AppVersion>
    <Description>This is a simple benchmark of SQLite. At present this test profile just measures the time to perform a pre-defined number of insertions on an indexed database.</Description>
    <ResultScale>Seconds</ResultScale>
    <Proportion>LIB</Proportion>
    <SubTitle>Timed SQLite Insertions</SubTitle>
    <Executable>sqlite-benchmark</Executable>
    <TimesToRun>3</TimesToRun>
  </TestInformation>
  <TestProfile>
    <Version>1.9.0</Version>
    <SupportedPlatforms>Linux, BSD, MacOSX, Solaris</SupportedPlatforms>
    <SoftwareType>Benchmark</SoftwareType>
    <TestType>Disk</TestType>
    <License>Free</License>
    <Status>Verified</Status>
    <ExternalDependencies>build-utilities</ExternalDependencies>
    <EnvironmentSize>22</EnvironmentSize>
    <ProjectURL>http://www.sqlite.org/</ProjectURL>
    <Maintainer>Michael Larabel</Maintainer>
  </TestProfile>
  <TestSettings>
    <Option>
      <DisplayName>Test Target</DisplayName>
      <Identifier>auto-disk-mount-points</Identifier>
      <DefaultEntry>0</DefaultEntry>
    </Option>
  </TestSettings>
</PhoronixTestSuite>
