<?xml version="1.0"?>
<!--Phoronix Test Suite v10.0.0m2-->
<PhoronixTestSuite>
  <TestInformation>
    <Title>GROMACS</Title>
    <AppVersion>2020.3</AppVersion>
    <Description>The GROMACS (GROningen MAchine for Chemical Simulations) molecular dynamics package testing on the CPU with the water_GMX50 data.</Description>
    <ResultScale>Ns Per Day</ResultScale>
    <Proportion>HIB</Proportion>
    <SubTitle>Water Benchmark</SubTitle>
    <TimesToRun>3</TimesToRun>
  </TestInformation>
  <TestProfile>
    <Version>1.4.0</Version>
    <SupportedPlatforms>Linux, BSD</SupportedPlatforms>
    <SoftwareType>Benchmark</SoftwareType>
    <TestType>System</TestType>
    <License>Free</License>
    <Status>Verified</Status>
    <ExternalDependencies>build-utilities, cmake, openmpi-development</ExternalDependencies>
    <EnvironmentSize>1100</EnvironmentSize>
    <ProjectURL>http://www.gromacs.org/</ProjectURL>
    <InternalTags>SMP, MPI</InternalTags>
    <Maintainer>Michael Larabel</Maintainer>
  </TestProfile>
</PhoronixTestSuite>
