<?xml version="1.0"?>
<!--Phoronix Test Suite v9.4.0m2-->
<PhoronixTestSuite>
  <TestInformation>
    <Title>Timed Apache Compilation</Title>
    <AppVersion>2.4.41</AppVersion>
    <Description>This test times how long it takes to build the Apache HTTPD web server.</Description>
    <ResultScale>Seconds</ResultScale>
    <Proportion>LIB</Proportion>
    <SubTitle>Time To Compile</SubTitle>
    <TimesToRun>3</TimesToRun>
  </TestInformation>
  <TestProfile>
    <Version>1.6.0</Version>
    <SupportedPlatforms>Linux, MacOSX, Solaris, BSD</SupportedPlatforms>
    <SoftwareType>Utility</SoftwareType>
    <TestType>Processor</TestType>
    <License>Free</License>
    <Status>Verified</Status>
    <ExternalDependencies>build-utilities, perl, pcre</ExternalDependencies>
    <ProjectURL>http://www.apache.org/</ProjectURL>
    <InternalTags>SMP</InternalTags>
    <Maintainer>Michael Larabel</Maintainer>
  </TestProfile>
</PhoronixTestSuite>
