<?xml version="1.0"?>
<!--Phoronix Test Suite v8.2.0-->
<PhoronixTestSuite>
  <TestInformation>
    <Title>RAR Compression</Title>
    <AppVersion>5.6.1</AppVersion>
    <Description>This test measures the time needed to archive/compress two copies of the Linux 4.13 kernel source tree using RAR/WinRAR compression.</Description>
    <ResultScale>Seconds</ResultScale>
    <Proportion>LIB</Proportion>
    <SubTitle>Linux Source Tree Archiving To RAR</SubTitle>
    <TimesToRun>3</TimesToRun>
  </TestInformation>
  <TestProfile>
    <Version>1.1.0</Version>
    <SupportedPlatforms>Linux, Windows, MacOSX</SupportedPlatforms>
    <SoftwareType>Utility</SoftwareType>
    <TestType>System</TestType>
    <License>Non-Free</License>
    <Status>Verified</Status>
    <SupportedArchitectures>x86_64</SupportedArchitectures>
    <EnvironmentTestingSize>2048</EnvironmentTestingSize>
    <ProjectURL>https://www.rarlab.com/download.htm</ProjectURL>
    <Maintainer>Michael Larabel</Maintainer>
  </TestProfile>
</PhoronixTestSuite>
