<?xml version="1.0"?>
<!--Phoronix Test Suite v4.8.3 (Sokndal)-->
<PhoronixTestSuite>
  <TestInformation>
    <Title>OpenDwarfs</Title>
    <AppVersion>2013-11-06</AppVersion>
    <Description>OpenDwarfs is a non-commercial OpenCL compute benchmark suite developed at Virginia Tech in cooperation with various organizations.</Description>
    <ResultScale>ms</ResultScale>
    <Proportion>LIB</Proportion>
    <TimesToRun>3</TimesToRun>
  </TestInformation>
  <TestProfile>
    <Version>1.0.0</Version>
    <SupportedPlatforms>Linux</SupportedPlatforms>
    <SoftwareType>Utility</SoftwareType>
    <TestType>System</TestType>
    <License>Free</License>
    <Status>Verified</Status>
    <ExternalDependencies>build-utilities, opencl, build-utilities, libtool</ExternalDependencies>
    <EnvironmentSize>476</EnvironmentSize>
    <ProjectURL>http://github.com/opendwarfs/OpenDwarfs</ProjectURL>
    <InternalTags>OpenCL</InternalTags>
    <Maintainer>Michael Larabel</Maintainer>
  </TestProfile>
  <TestSettings>
    <Option>
      <DisplayName>Test</DisplayName>
      <Identifier>test</Identifier>
      <Menu>
        <Entry>
          <Name>Cyclic Redundancy Check</Name>
          <Value>crc -s 55555 -p 9 -v</Value>
        </Entry>
        <Entry>
          <Name>LU Decomposition</Name>
          <Value>lud -i ../test/dense-linear-algebra/lud/2048.dat</Value>
        </Entry>
        <Entry>
          <Name>Compressed Sparse Row</Name>
          <Value>csr</Value>
        </Entry>
      </Menu>
    </Option>
  </TestSettings>
</PhoronixTestSuite>
