<?xml version="1.0"?>
<!--Phoronix Test Suite v5.4.0 (Lipki)-->
<PhoronixTestSuite>
  <TestInformation>
    <Title>Civilization: Beyond Earth</Title>
    <Description>A Steam-based test of Sid Meier's Civilization: Beyond Earth game.</Description>
    <ResultScale>Frames Per Second</ResultScale>
    <Proportion>HIB</Proportion>
    <TimesToRun>3</TimesToRun>
    <PreInstallMessage>This test profile assumes you have the Valve Steam client already installed for your operating system / distribution and that it's installed to the standard path. Your Steam account must also be active and the game already installed. If the test appears hung you may need to manually exit the Steam client.</PreInstallMessage>
  </TestInformation>
  <TestProfile>
    <Version>1.0.0</Version>
    <SupportedPlatforms>Linux</SupportedPlatforms>
    <SoftwareType>Game</SoftwareType>
    <TestType>Graphics</TestType>
    <License>Free</License>
    <Status>Unverified</Status>
    <SupportedArchitectures>x86, x86_64</SupportedArchitectures>
    <EnvironmentSize>7000</EnvironmentSize>
    <ProjectURL>http://store.steampowered.com/app/65980/</ProjectURL>
    <RequiresCoreVersionMin>5401</RequiresCoreVersionMin>
    <Maintainer>Michael Larabel</Maintainer>
  </TestProfile>
  <TestSettings>
    <Option>
      <DisplayName>Resolution</DisplayName>
      <Identifier>auto-resolution</Identifier>
      <DefaultEntry>0</DefaultEntry>
      <Menu>
        <Entry>
          <Name>$VIDEO_WIDTH x $VIDEO_HEIGHT</Name>
          <Value>$VIDEO_WIDTH $VIDEO_HEIGHT</Value>
        </Entry>
      </Menu>
    </Option>
  </TestSettings>
</PhoronixTestSuite>
