<?xml version="1.0"?>
<!--Phoronix Test Suite v9.2.0m2-->
<PhoronixTestSuite>
  <TestInformation>
    <Title>libgav1</Title>
    <AppVersion>2019-10-05</AppVersion>
    <Description>Libgav1 is an AV1 decoder developed by Google for AV1 profile 0/1 compliance.</Description>
    <ResultScale>FPS</ResultScale>
    <Proportion>HIB</Proportion>
    <TimesToRun>3</TimesToRun>
  </TestInformation>
  <TestProfile>
    <Version>1.0.1</Version>
    <SupportedPlatforms>Linux</SupportedPlatforms>
    <SoftwareType>Utility</SoftwareType>
    <TestType>Processor</TestType>
    <License>Free</License>
    <Status>Verified</Status>
    <ExternalDependencies>build-utilities, cmake</ExternalDependencies>
    <EnvironmentSize>1200</EnvironmentSize>
    <ProjectURL>http://chromium.googlesource.com/codecs/libgav1/</ProjectURL>
    <Maintainer>Michael Larabel</Maintainer>
  </TestProfile>
  <TestSettings>
    <Default>
      <Arguments> </Arguments>
    </Default>
    <Option>
      <DisplayName>Video Input</DisplayName>
      <Identifier>video</Identifier>
      <Menu>
        <Entry>
          <Name>Summer Nature 1080p</Name>
          <Value>summer_nature_1080p.ivf</Value>
        </Entry>
        <Entry>
          <Name>Summer Nature 4K</Name>
          <Value>summer_nature_4k.ivf</Value>
        </Entry>
        <Entry>
          <Name>Chimera 1080p</Name>
          <Value>chimera_8b_1080p.ivf</Value>
        </Entry>
        <Entry>
          <Name>Chimera 1080p 10-bit</Name>
          <Value>chimera_10b_1080p.ivf</Value>
        </Entry>
      </Menu>
    </Option>
  </TestSettings>
</PhoronixTestSuite>
