<?xml version="1.0"?>
<!--Phoronix Test Suite v10.2.2-->
<PhoronixTestSuite>
  <TestInformation>
    <Title>srsLTE</Title>
    <AppVersion>20.10.1</AppVersion>
    <Description>srsLTE is an open-source LTE software radio suite created by Software Radio Systems (SRS). srsLTE can be used for building your own software defined (SDR) LTE mobile network.</Description>
    <ResultScale>Mb/s</ResultScale>
    <Proportion>HIB</Proportion>
    <TimesToRun>3</TimesToRun>
  </TestInformation>
  <TestProfile>
    <Version>1.0.1</Version>
    <SupportedPlatforms>Linux, MacOSX</SupportedPlatforms>
    <SoftwareType>Utility</SoftwareType>
    <TestType>Processor</TestType>
    <License>Free</License>
    <Status>Verified</Status>
    <ExternalDependencies>build-utilities, fftw3-development, cmake, boost-development, libconfigpp</ExternalDependencies>
    <EnvironmentSize>294</EnvironmentSize>
    <ProjectURL>https://www.srslte.com/</ProjectURL>
    <Maintainer>Michael Larabel</Maintainer>
    <SystemDependencies>libbladeRF.h, mbedtls/aes.h, libmbedtls.so, libboost_program_options.so, /usr/include/libconfig.h++, libconfig++.so, netinet/sctp.h, libsctp.so</SystemDependencies>
  </TestProfile>
  <TestSettings>
    <Option>
      <DisplayName>Test</DisplayName>
      <Identifier>test</Identifier>
      <Menu>
        <Entry>
          <Name>OFDM_Test</Name>
          <Value>lib/src/phy/dft/test/ofdm_test -N 2048 -n 100 -r 500000</Value>
        </Entry>
        <Entry>
          <Name>PHY_DL_Test</Name>
          <Value>lib/test/phy/phy_dl_test -p 100 -s 20000 -m 28</Value>
        </Entry>
      </Menu>
    </Option>
  </TestSettings>
</PhoronixTestSuite>
