<?xml version="1.0"?>
<!--Phoronix Test Suite v8.0.0m2-->
<PhoronixTestSuite>
  <TestInformation>
    <Title>Threaded I/O Tester</Title>
    <AppVersion>20170503</AppVersion>
    <Description>Tiotester (Threaded I/O Tester) benchmarks the hard disk drive / file-system performance.</Description>
    <ResultScale>MB/s</ResultScale>
    <Proportion>HIB</Proportion>
    <TimesToRun>3</TimesToRun>
  </TestInformation>
  <TestProfile>
    <Version>1.3.1</Version>
    <SupportedPlatforms>Linux, Solaris, MacOSX</SupportedPlatforms>
    <SoftwareType>Utility</SoftwareType>
    <TestType>Disk</TestType>
    <License>Free</License>
    <Status>Verified</Status>
    <ExternalDependencies>build-utilities</ExternalDependencies>
    <EnvironmentSize>0.2</EnvironmentSize>
    <ProjectURL>https://github.com/mkuoppal/tiobench/</ProjectURL>
    <Maintainer>Michael Larabel</Maintainer>
  </TestProfile>
  <TestSettings>
    <Default>
      <Arguments>-S</Arguments>
    </Default>
    <Option>
      <DisplayName>Test</DisplayName>
      <Identifier>test-item</Identifier>
      <ArgumentPrefix></ArgumentPrefix>
      <ArgumentPostfix></ArgumentPostfix>
      <DefaultEntry>0</DefaultEntry>
      <Menu>
        <Entry>
          <Name>Write</Name>
          <Value>-k3 -k2 -k1</Value>
          <Message></Message>
        </Entry>
        <Entry>
          <Name>Random Write</Name>
          <Value>-k3 -k2</Value>
          <Message></Message>
        </Entry>
        <Entry>
          <Name>Read</Name>
          <Value>-k3 -k1</Value>
          <Message></Message>
        </Entry>
        <Entry>
          <Name>Random Read</Name>
          <Value>-k2 -k1</Value>
          <Message></Message>
        </Entry>
      </Menu>
    </Option>
    <Option>
      <DisplayName>Size Per Thread</DisplayName>
      <Identifier>filesize-per-thread</Identifier>
      <ArgumentPrefix>-f </ArgumentPrefix>
      <ArgumentPostfix></ArgumentPostfix>
      <DefaultEntry>0</DefaultEntry>
      <Menu>
        <Entry>
          <Name>32MB</Name>
          <Value>32</Value>
          <Message></Message>
        </Entry>
        <Entry>
          <Name>64MB</Name>
          <Value>64</Value>
          <Message></Message>
        </Entry>
        <Entry>
          <Name>128MB</Name>
          <Value>128</Value>
          <Message></Message>
        </Entry>
        <Entry>
          <Name>256MB</Name>
          <Value>256</Value>
          <Message></Message>
        </Entry>
      </Menu>
    </Option>
    <Option>
      <DisplayName>Thread Count</DisplayName>
      <Identifier>thread-count</Identifier>
      <ArgumentPrefix>-t </ArgumentPrefix>
      <ArgumentPostfix></ArgumentPostfix>
      <DefaultEntry>0</DefaultEntry>
      <Menu>
        <Entry>
          <Name>4</Name>
          <Value>4</Value>
          <Message></Message>
        </Entry>
        <Entry>
          <Name>8</Name>
          <Value>8</Value>
          <Message></Message>
        </Entry>
        <Entry>
          <Name>16</Name>
          <Value>16</Value>
          <Message></Message>
        </Entry>
        <Entry>
          <Name>32</Name>
          <Value>32</Value>
          <Message></Message>
        </Entry>
      </Menu>
    </Option>
  </TestSettings>
</PhoronixTestSuite>
