<?xml version="1.0"?>
<!--Phoronix Test Suite v10.2.0m2-->
<PhoronixTestSuite>
  <TestInformation>
    <Title>WavPack Audio Encoding</Title>
    <AppVersion>5.3</AppVersion>
    <Description>This test times how long it takes to encode a sample WAV file to WavPack format with very high quality settings.</Description>
    <ResultScale>Seconds</ResultScale>
    <Proportion>LIB</Proportion>
    <SubTitle>WAV To WavPack</SubTitle>
    <Executable>encode-wavpack</Executable>
    <TimesToRun>5</TimesToRun>
  </TestInformation>
  <TestProfile>
    <Version>1.4.1</Version>
    <SupportedPlatforms>Linux, MacOSX, Solaris, Windows</SupportedPlatforms>
    <SoftwareType>Utility</SoftwareType>
    <TestType>System</TestType>
    <License>Free</License>
    <Status>Verified</Status>
    <ExternalDependencies>build-utilities, cmake</ExternalDependencies>
    <Extends>pts/timed-audio-encode</Extends>
    <ProjectURL>http://www.wavpack.com/</ProjectURL>
    <Maintainer>apaige</Maintainer>
  </TestProfile>
</PhoronixTestSuite>
