<?xml version="1.0"?>
<!--Phoronix Test Suite v8.2.0-->
<PhoronixTestSuite>
  <TestInformation>
    <Title>Rust Prime Benchmark</Title>
    <Description>Based on petehunt/rust-benchmark, this is a prime number benchmark that is multi-threaded and written in Rustlang.</Description>
    <ResultScale>Seconds</ResultScale>
    <Proportion>LIB</Proportion>
    <SubTitle>Prime Number Test To 200,000,000</SubTitle>
    <TimesToRun>3</TimesToRun>
  </TestInformation>
  <TestProfile>
    <Version>1.0.0</Version>
    <SupportedPlatforms>Linux, BSD, Solaris, MacOSX</SupportedPlatforms>
    <SoftwareType>Utility</SoftwareType>
    <TestType>Processor</TestType>
    <License>Free</License>
    <Status>Verified</Status>
    <ExternalDependencies>build-utilities, rust</ExternalDependencies>
    <EnvironmentSize>2</EnvironmentSize>
    <ProjectURL>https://github.com/petehunt/rust-benchmark</ProjectURL>
    <InternalTags>SMP</InternalTags>
    <Maintainer>Michael Larabel</Maintainer>
  </TestProfile>
</PhoronixTestSuite>
