<?xml version="1.0"?>
<!--Phoronix Test Suite v8.2.0m1-->
<PhoronixTestSuite>
  <TestInformation>
    <Title>Chaos Group V-RAY</Title>
    <AppVersion>1.1.0</AppVersion>
    <Description>This is a test of Chaos Group's V-RAY benchmark.</Description>
    <ResultScale>Seconds</ResultScale>
    <Proportion>LIB</Proportion>
    <TimesToRun>3</TimesToRun>
    <PreInstallMessage>You must manually download the V-RAY benchmark program from https://download.chaosgroup.com/downloads/5890/vraybenchmark-standalone-108-free# and place it in your Phoronix Test Suite download cache.</PreInstallMessage>
  </TestInformation>
  <TestProfile>
    <Version>1.0.1</Version>
    <SupportedPlatforms>Linux</SupportedPlatforms>
    <SoftwareType>Utility</SoftwareType>
    <TestType>System</TestType>
    <License>Non-Free</License>
    <Status>Verified</Status>
    <SupportedArchitectures>x86_64</SupportedArchitectures>
    <EnvironmentSize>170</EnvironmentSize>
    <ProjectURL>https://www.chaosgroup.com/vray/benchmark</ProjectURL>
    <Maintainer>Michael Larabel</Maintainer>
  </TestProfile>
  <TestSettings>
    <Default>
      <Arguments>--q </Arguments>
      <MinimumLength>8</MinimumLength>
    </Default>
    <Option>
      <DisplayName>Mode</DisplayName>
      <Identifier>mode</Identifier>
      <ArgumentPrefix>-m </ArgumentPrefix>
      <Menu>
        <Entry>
          <Name>CPU</Name>
          <Value>cpu</Value>
        </Entry>
        <Entry>
          <Name>CUDA GPU</Name>
          <Value>gpu</Value>
        </Entry>
      </Menu>
    </Option>
  </TestSettings>
</PhoronixTestSuite>
