<?xml version="1.0"?>
<!--Phoronix Test Suite v10.2.0m2-->
<PhoronixTestSuite>
  <TestInformation>
    <Title>SQLite Speedtest</Title>
    <AppVersion>3.30</AppVersion>
    <Description>This is a benchmark of SQLite's speedtest1 benchmark program with an increased problem size of 1,000.</Description>
    <ResultScale>Seconds</ResultScale>
    <Proportion>LIB</Proportion>
    <SubTitle>Timed Time - Size 1,000</SubTitle>
    <TimesToRun>3</TimesToRun>
  </TestInformation>
  <TestProfile>
    <Version>1.0.1</Version>
    <SupportedPlatforms>Linux, BSD, MacOSX, Solaris</SupportedPlatforms>
    <SoftwareType>Benchmark</SoftwareType>
    <TestType>System</TestType>
    <License>Free</License>
    <Status>Verified</Status>
    <ExternalDependencies>build-utilities, tcl</ExternalDependencies>
    <EnvironmentSize>128</EnvironmentSize>
    <ProjectURL>http://www.sqlite.org/</ProjectURL>
    <Maintainer>Michael Larabel</Maintainer>
  </TestProfile>
  <TestSettings>
    <Default>
      <Arguments>--multithread --size 1000</Arguments>
    </Default>
  </TestSettings>
</PhoronixTestSuite>
