<?xml version="1.0"?>
<!--Phoronix Test Suite v10.2.1-->
<PhoronixTestSuite>
  <TestInformation>
    <Title>x264 OpenCL</Title>
    <AppVersion>2014-08-30</AppVersion>
    <Description>This is a simple test of the x264 H.264/AVC encoder using OpenCL. If you wish to run the x264 test on the CPU, just use the x264 test profile rather than x264-opencl.</Description>
    <ResultScale>Frames Per Second</ResultScale>
    <Proportion>HIB</Proportion>
    <SubTitle>H.264 Video Encoding</SubTitle>
    <TimesToRun>5</TimesToRun>
  </TestInformation>
  <TestProfile>
    <Version>1.9.1</Version>
    <SupportedPlatforms>Linux</SupportedPlatforms>
    <SoftwareType>Utility</SoftwareType>
    <TestType>Processor</TestType>
    <License>Free</License>
    <Status>Deprecated</Status>
    <ExternalDependencies>build-utilities, yasm, opencl, perl</ExternalDependencies>
    <EnvironmentSize>353</EnvironmentSize>
    <ProjectURL>http://www.videolan.org/developers/x264.html</ProjectURL>
    <InternalTags>SMP</InternalTags>
    <Maintainer>Michael Larabel</Maintainer>
  </TestProfile>
</PhoronixTestSuite>
