<?xml version="1.0"?>
<!--Phoronix Test Suite v10.4.0m1-->
<PhoronixTestSuite>
  <TestInformation>
    <Title>SecureMark</Title>
    <AppVersion>1.0.4</AppVersion>
    <Description>SecureMark is an objective, standardized benchmarking framework for measuring the efficiency of cryptographic processing solutions developed by EEMBC. SecureMark-TLS is benchmarking Transport Layer Security performance with a focus on IoT/edge computing.</Description>
    <ResultScale>marks</ResultScale>
    <Proportion>HIB</Proportion>
    <SubTitle>Benchmark: SecureMark-TLS</SubTitle>
    <TimesToRun>3</TimesToRun>
  </TestInformation>
  <TestProfile>
    <Version>1.0.0</Version>
    <SupportedPlatforms>Linux</SupportedPlatforms>
    <SoftwareType>Utility</SoftwareType>
    <TestType>Processor</TestType>
    <License>Free</License>
    <Status>Verified</Status>
    <ExternalDependencies>build-utilities, cmake</ExternalDependencies>
    <EnvironmentSize>2.0</EnvironmentSize>
    <ProjectURL>https://github.com/eembc/securemark-tls</ProjectURL>
    <Maintainer>Michael Larabel</Maintainer>
  </TestProfile>
</PhoronixTestSuite>
