<?xml version="1.0"?>
<!--Phoronix Test Suite v8.6.0m3-->
<PhoronixTestSuite>
  <TestInformation>
    <Title>LuaJIT</Title>
    <AppVersion>2.1-git</AppVersion>
    <Description>This test profile is a collection of Lua scripts/benchmarks run against a locally-built copy of LuaJIT upstream.</Description>
    <ResultScale>Mflops</ResultScale>
    <Proportion>HIB</Proportion>
    <TimesToRun>3</TimesToRun>
  </TestInformation>
  <TestProfile>
    <Version>1.1.0</Version>
    <SupportedPlatforms>Linux, Solaris, BSD, MacOSX</SupportedPlatforms>
    <SoftwareType>Utility</SoftwareType>
    <TestType>Processor</TestType>
    <License>Free</License>
    <Status>Verified</Status>
    <ExternalDependencies>build-utilities</ExternalDependencies>
    <EnvironmentSize>5</EnvironmentSize>
    <ProjectURL>https://luajit.org/</ProjectURL>
    <Maintainer>Michael Larabel</Maintainer>
  </TestProfile>
  <TestSettings>
    <Default>
      <AllowCacheShare>TRUE</AllowCacheShare>
    </Default>
    <Option>
      <DisplayName>Test</DisplayName>
      <Identifier>test</Identifier>
      <ArgumentPrefix>TEST_</ArgumentPrefix>
      <Menu>
        <Entry>
          <Name>Composite</Name>
          <Value>COMPOSITE</Value>
        </Entry>
        <Entry>
          <Name>Fast Fourier Transform</Name>
          <Value>FFT</Value>
        </Entry>
        <Entry>
          <Name>Jacobi Successive Over-Relaxation</Name>
          <Value>SOR</Value>
        </Entry>
        <Entry>
          <Name>Monte Carlo</Name>
          <Value>MONTE</Value>
        </Entry>
        <Entry>
          <Name>Sparse Matrix Multiply</Name>
          <Value>SPARSE</Value>
        </Entry>
        <Entry>
          <Name>Dense LU Matrix Factorization</Name>
          <Value>DENSE</Value>
        </Entry>
      </Menu>
    </Option>
  </TestSettings>
</PhoronixTestSuite>
