<?xml version="1.0"?>
<!--Phoronix Test Suite v8.4.0m3-->
<PhoronixTestSuite>
  <TestInformation>
    <Title>PHP Micro Benchmarks</Title>
    <Description>Various small PHP micro-benchmarks.</Description>
    <ResultScale>Seconds</ResultScale>
    <Proportion>LIB</Proportion>
    <TimesToRun>3</TimesToRun>
  </TestInformation>
  <TestProfile>
    <Version>1.0.0</Version>
    <SupportedPlatforms>Linux, BSD, MacOSX, Windows</SupportedPlatforms>
    <SoftwareType>Utility</SoftwareType>
    <TestType>System</TestType>
    <License>Free</License>
    <Status>Verified</Status>
    <EnvironmentSize>128</EnvironmentSize>
    <ProjectURL>http://www.php.net/</ProjectURL>
    <Maintainer>Michael Larabel</Maintainer>
  </TestProfile>
  <TestSettings>
    <Option>
      <DisplayName>Test</DisplayName>
      <Identifier>test</Identifier>
      <Menu>
        <Entry>
          <Name>Zend bench</Name>
          <Value>php_/Zend/bench.php</Value>
        </Entry>
        <Entry>
          <Name>Zend micro_bench</Name>
          <Value>php_/Zend/micro_bench.php</Value>
        </Entry>
      </Menu>
    </Option>
  </TestSettings>
</PhoronixTestSuite>
