<?xml version="1.0"?>
<!--Phoronix Test Suite v10.0.0m2-->
<PhoronixTestSuite>
  <TestInformation>
    <Title>Apache CouchDB</Title>
    <AppVersion>3.1.1</AppVersion>
    <Description>This is a bulk insertion benchmark of Apache CouchDB. CouchDB is a document-oriented NoSQL database implemented in Erlang.</Description>
    <ResultScale>Seconds</ResultScale>
    <Proportion>LIB</Proportion>
    <TimesToRun>3</TimesToRun>
  </TestInformation>
  <TestProfile>
    <Version>1.0.1</Version>
    <SupportedPlatforms>Linux</SupportedPlatforms>
    <SoftwareType>Application</SoftwareType>
    <TestType>System</TestType>
    <License>Free</License>
    <Status>Verified</Status>
    <ExternalDependencies>build-utilities, curl, erlang</ExternalDependencies>
    <EnvironmentSize>275</EnvironmentSize>
    <ProjectURL>https://couchdb.apache.org/</ProjectURL>
    <Maintainer>Michael Larabel</Maintainer>
    <SystemDependencies>erl, unicode/utf8.h, mozjs-68/jsapi.h</SystemDependencies>
  </TestProfile>
  <TestSettings>
    <Default>
      <MinimumLength>20</MinimumLength>
    </Default>
    <Option>
      <DisplayName>Bulk Size</DisplayName>
      <Identifier>bulk-size</Identifier>
      <Menu>
        <Entry>
          <Name>100</Name>
          <Value>100</Value>
        </Entry>
      </Menu>
    </Option>
    <Option>
      <DisplayName>Inserts</DisplayName>
      <Identifier>inserts</Identifier>
      <Menu>
        <Entry>
          <Name>1000</Name>
          <Value>1000</Value>
        </Entry>
      </Menu>
    </Option>
    <Option>
      <DisplayName>Rounds</DisplayName>
      <Identifier>rounds</Identifier>
      <Menu>
        <Entry>
          <Name>24</Name>
          <Value>24</Value>
        </Entry>
      </Menu>
    </Option>
  </TestSettings>
</PhoronixTestSuite>
