<?xml version="1.0"?>
<!--Phoronix Test Suite v10.2.1-->
<PhoronixTestSuite>
  <TestInformation>
    <Title>JPEG XL</Title>
    <AppVersion>0.3.1</AppVersion>
    <Description>The JPEG XL Image Coding System is designed to provide next-generation JPEG image capabilities with JPEG XL offering better image quality and compression over legacy JPEG. This test profile is currently focused on the multi-threaded JPEG XL image encode performance.</Description>
    <ResultScale>MP/s</ResultScale>
    <Proportion>HIB</Proportion>
    <TimesToRun>3</TimesToRun>
  </TestInformation>
  <TestProfile>
    <Version>1.1.1</Version>
    <SupportedPlatforms>Linux, MacOSX, BSD</SupportedPlatforms>
    <SoftwareType>Utility</SoftwareType>
    <TestType>Processor</TestType>
    <License>Free</License>
    <Status>Verified</Status>
    <ExternalDependencies>build-utilities, jpeg-development, cmake, curl</ExternalDependencies>
    <EnvironmentSize>126</EnvironmentSize>
    <ProjectURL>https://jpeg.org/jpegxl/</ProjectURL>
    <Maintainer>Michael Larabel</Maintainer>
    <SystemDependencies>gif_lib.h, gtest/gtest.h, brotli/encode.h</SystemDependencies>
  </TestProfile>
  <TestSettings>
    <Option>
      <DisplayName>Input</DisplayName>
      <Identifier>input-type</Identifier>
      <Menu>
        <Entry>
          <Name>JPEG</Name>
          <Value>sample-photo-6000x4000.JPG out.jxl</Value>
        </Entry>
        <Entry>
          <Name>PNG</Name>
          <Value>sample-4.png out.jxl</Value>
        </Entry>
      </Menu>
    </Option>
    <Option>
      <DisplayName>Encode Speed</DisplayName>
      <Identifier>speed</Identifier>
      <Menu>
        <Entry>
          <Name>5</Name>
          <Value>-s 5 --num_reps 55</Value>
          <Message>Hare</Message>
        </Entry>
        <Entry>
          <Name>7</Name>
          <Value>-s 7 --num_reps 40</Value>
          <Message>Wombat (Default)</Message>
        </Entry>
        <Entry>
          <Name>8</Name>
          <Value>-s 8 --num_reps 10</Value>
          <Message>Kitten</Message>
        </Entry>
      </Menu>
    </Option>
  </TestSettings>
</PhoronixTestSuite>
