<?xml version="1.0"?>
<!--Phoronix Test Suite v10.0.0m2-->
<PhoronixTestSuite>
  <TestInformation>
    <Title>Hashcat</Title>
    <AppVersion>6.1.1</AppVersion>
    <Description>Hashcat is an open-source, advanced password recovery tool supporting GPU acceleration with OpenCL, NVIDIA CUDA, and Radeon ROCm.</Description>
    <ResultScale>H/s</ResultScale>
    <Proportion>HIB</Proportion>
    <TimesToRun>3</TimesToRun>
  </TestInformation>
  <TestProfile>
    <Version>1.0.0</Version>
    <SupportedPlatforms>Linux, Windows</SupportedPlatforms>
    <SoftwareType>Benchmark</SoftwareType>
    <TestType>Graphics</TestType>
    <License>Free</License>
    <Status>Verified</Status>
    <SupportedArchitectures>x86_64</SupportedArchitectures>
    <ExternalDependencies>opencl, p7zip</ExternalDependencies>
    <EnvironmentSize>143</EnvironmentSize>
    <ProjectURL>https://hashcat.net/hashcat/</ProjectURL>
    <InternalTags>CUDA, OpenCL</InternalTags>
    <Maintainer>Michael Larabel</Maintainer>
  </TestProfile>
  <TestSettings>
    <Option>
      <DisplayName>Benchmark</DisplayName>
      <Identifier>benchmark</Identifier>
      <ArgumentPrefix>-m </ArgumentPrefix>
      <Menu>
        <Entry>
          <Name>MD5</Name>
          <Value>0</Value>
        </Entry>
        <Entry>
          <Name>SHA1</Name>
          <Value>100</Value>
        </Entry>
        <Entry>
          <Name>SHA-512</Name>
          <Value>1700</Value>
        </Entry>
        <Entry>
          <Name>7-Zip</Name>
          <Value>11600</Value>
        </Entry>
        <Entry>
          <Name>TrueCrypt RIPEMD160 + XTS</Name>
          <Value>6211</Value>
        </Entry>
      </Menu>
    </Option>
  </TestSettings>
</PhoronixTestSuite>
