<?xml version="1.0"?>
<!--Phoronix Test Suite v10.2.0-->
<PhoronixTestSuite>
  <TestInformation>
    <Title>ASKAP</Title>
    <AppVersion>1.0</AppVersion>
    <Description>ASKAP is a set of benchmarks from the Australian SKA Pathfinder. The principal ASKAP benchmarks are the Hogbom Clean Benchmark (tHogbomClean) and Convolutional Resamping Benchmark (tConvolve) as well as some previous ASKAP benchmarks being included as well for OpenCL and CUDA execution of tConvolve.</Description>
    <ResultScale>Million Grid Points Per Second</ResultScale>
    <Proportion>HIB</Proportion>
    <TimesToRun>3</TimesToRun>
  </TestInformation>
  <TestProfile>
    <Version>2.1.0</Version>
    <SupportedPlatforms>Linux</SupportedPlatforms>
    <SoftwareType>Benchmark</SoftwareType>
    <TestType>System</TestType>
    <License>Free</License>
    <Status>Verified</Status>
    <ExternalDependencies>build-utilities, cuda, opencl, openmpi-development</ExternalDependencies>
    <EnvironmentSize>417</EnvironmentSize>
    <ProjectURL>https://github.com/ATNF/askap-benchmarks</ProjectURL>
    <InternalTags>CUDA, SMP, MPI, OpenMP</InternalTags>
    <Maintainer>Michael Larabel</Maintainer>
  </TestProfile>
  <TestSettings>
    <Option>
      <DisplayName>Test</DisplayName>
      <Identifier>test</Identifier>
      <Menu>
        <Entry>
          <Name>tConvolve OpenCL</Name>
          <Value>tConvolve OpenCL</Value>
        </Entry>
        <Entry>
          <Name>tConvolve CUDA</Name>
          <Value>tConvolveCuda</Value>
        </Entry>
        <Entry>
          <Name>tConvolve MPI</Name>
          <Value>tConvolveMPI</Value>
        </Entry>
        <Entry>
          <Name>tConvolve OpenMP</Name>
          <Value>tConvolveOMP</Value>
        </Entry>
        <Entry>
          <Name>tConvolve MT</Name>
          <Value>tConvolveMT</Value>
        </Entry>
        <Entry>
          <Name>Hogbom Clean OpenMP</Name>
          <Value>tHogbomCleanOMP</Value>
        </Entry>
      </Menu>
    </Option>
  </TestSettings>
</PhoronixTestSuite>
