<?xml version="1.0"?>
<!--Phoronix Test Suite v10.4.0m1-->
<PhoronixTestSuite>
  <TestInformation>
    <Title>Zstd Compression</Title>
    <AppVersion>1.5.0</AppVersion>
    <Description>This test measures the time needed to compress/decompress a sample file (a FreeBSD disk image - FreeBSD-12.2-RELEASE-amd64-memstick.img) using Zstd compression with options for different compression levels / settings.</Description>
    <ResultScale>MB/s</ResultScale>
    <Proportion>HIB</Proportion>
    <TimesToRun>3</TimesToRun>
  </TestInformation>
  <TestProfile>
    <Version>1.5.0</Version>
    <SupportedPlatforms>Linux, BSD, MacOSX, Solaris, Windows</SupportedPlatforms>
    <SoftwareType>Utility</SoftwareType>
    <TestType>Processor</TestType>
    <License>Free</License>
    <Status>Verified</Status>
    <ExternalDependencies>build-utilities</ExternalDependencies>
    <EnvironmentSize>2000</EnvironmentSize>
    <ProjectURL>http://github.com/facebook/zstd</ProjectURL>
    <Maintainer>Michael Larabel</Maintainer>
  </TestProfile>
  <TestSettings>
    <Default>
      <Arguments>-S -i15</Arguments>
    </Default>
    <Option>
      <DisplayName>Compression Level</DisplayName>
      <Identifier>compression</Identifier>
      <Menu>
        <Entry>
          <Name>3</Name>
          <Value>-b3</Value>
        </Entry>
        <Entry>
          <Name>3, Long Mode</Name>
          <Value>-b3 --long</Value>
        </Entry>
        <Entry>
          <Name>8</Name>
          <Value>-b8</Value>
        </Entry>
        <Entry>
          <Name>8, Long Mode</Name>
          <Value>-b8 --long</Value>
        </Entry>
        <Entry>
          <Name>19</Name>
          <Value>-b19</Value>
        </Entry>
        <Entry>
          <Name>19, Long Mode</Name>
          <Value>-b19 --long</Value>
        </Entry>
      </Menu>
    </Option>
  </TestSettings>
</PhoronixTestSuite>
