<?xml version="1.0"?>
<!--Phoronix Test Suite v8.0.0m2-->
<PhoronixTestSuite>
  <TestInformation>
    <Title>Opus Codec Encoding</Title>
    <AppVersion>1.0.1</AppVersion>
    <Description>Opus is an open audio codec. Opus is a lossy audio compression format designed primarily for interactive real-time applications over the Internet. This test uses Opus-Tools and measures the time required to encode a WAV file to Opus and then to decode the generated Opus file.</Description>
    <SubTitle>WAV, Opus Encode, Opus Decode</SubTitle>
  </TestInformation>
  <TestProfile>
    <Version>1.0.2</Version>
    <SupportedPlatforms>Linux, Solaris, MacOSX, BSD</SupportedPlatforms>
    <SoftwareType>Utility</SoftwareType>
    <Status>Deprecated</Status>
    <ExternalDependencies>build-utilities, vorbis-development</ExternalDependencies>
    <Extends>pts/timed-audio-encode</Extends>
    <EnvironmentSize>1.3</EnvironmentSize>
    <ProjectURL>http://opus-codec.org/</ProjectURL>
    <Maintainer>Michael Larabel</Maintainer>
  </TestProfile>
</PhoronixTestSuite>
