<?xml version="1.0"?>
<!--Phoronix Test Suite v10.2.0m2-->
<PhoronixTestSuite>
  <TestInformation>
    <Title>Ogg Audio Encoding</Title>
    <AppVersion>1.3.4</AppVersion>
    <Description>This test times how long it takes to encode a sample WAV file to Ogg format using the reference Xiph.org tools/libraries.</Description>
    <ResultScale>Seconds</ResultScale>
    <Proportion>LIB</Proportion>
    <SubTitle>WAV To Ogg</SubTitle>
    <Executable>oggenc</Executable>
    <TimesToRun>3</TimesToRun>
  </TestInformation>
  <TestProfile>
    <Version>1.6.1</Version>
    <SupportedPlatforms>Linux, Solaris, MacOSX, BSD</SupportedPlatforms>
    <SoftwareType>Utility</SoftwareType>
    <TestType>Processor</TestType>
    <License>Free</License>
    <Status>Deprecated</Status>
    <ExternalDependencies>build-utilities</ExternalDependencies>
    <Extends>pts/timed-audio-encode</Extends>
    <EnvironmentSize>6</EnvironmentSize>
    <ProjectURL>http://www.vorbis.com/</ProjectURL>
    <Maintainer>Michael Larabel</Maintainer>
  </TestProfile>
</PhoronixTestSuite>
