<?xml version="1.0"?>
<!--Phoronix Test Suite v10.4.0m1-->
<PhoronixTestSuite>
  <TestInformation>
    <Title>Xmrig</Title>
    <AppVersion>6.12.1</AppVersion>
    <Description>Xmrig is an open-source cross-platform CPU/GPU miner for RandomX, KawPow, CryptoNight and AstroBWT. This test profile is setup to measure the Xmlrig CPU mining performance.</Description>
    <ResultScale>H/s</ResultScale>
    <Proportion>HIB</Proportion>
    <TimesToRun>3</TimesToRun>
  </TestInformation>
  <TestProfile>
    <Version>1.0.0</Version>
    <SupportedPlatforms>Linux, BSD</SupportedPlatforms>
    <SoftwareType>Utility</SoftwareType>
    <TestType>Processor</TestType>
    <License>Free</License>
    <Status>Verified</Status>
    <ExternalDependencies>cmake, build-utilities, openssl-development</ExternalDependencies>
    <EnvironmentSize>25</EnvironmentSize>
    <ProjectURL>https://xmrig.com/</ProjectURL>
    <Maintainer>Michael Larabel</Maintainer>
    <SystemDependencies>uv.h, hwloc.h</SystemDependencies>
  </TestProfile>
  <TestSettings>
    <Option>
      <DisplayName>Variant</DisplayName>
      <Identifier>variant</Identifier>
      <Menu>
        <Entry>
          <Name>Monero</Name>
          <Message>Default</Message>
        </Entry>
        <Entry>
          <Name>Wownero</Name>
          <Value>-a rx/wow</Value>
        </Entry>
      </Menu>
    </Option>
    <Option>
      <DisplayName>Hash Count</DisplayName>
      <Identifier>count</Identifier>
      <ArgumentPrefix>--bench=</ArgumentPrefix>
      <Menu>
        <Entry>
          <Name>1M</Name>
          <Value>1M</Value>
        </Entry>
      </Menu>
    </Option>
  </TestSettings>
</PhoronixTestSuite>
