<?xml version="1.0"?>
<!--Phoronix Test Suite v7.0.1-->
<PhoronixTestSuite>
  <TestInformation>
    <Title>WavPack Audio Encoding</Title>
    <AppVersion>5.1</AppVersion>
    <Description>This test times how long it takes to encode a sample WAV file to WavPack format.</Description>
    <SubTitle>WAV To WavPack</SubTitle>
    <Executable>encode-wavpack</Executable>
  </TestInformation>
  <TestProfile>
    <Version>1.3.0</Version>
    <SupportedPlatforms>Linux, MacOSX, Solaris</SupportedPlatforms>
    <SoftwareType>Utility</SoftwareType>
    <Extends>pts/timed-audio-encode</Extends>
    <ProjectURL>http://www.wavpack.com/</ProjectURL>
    <Maintainer>apaige</Maintainer>
  </TestProfile>
</PhoronixTestSuite>
