<?xml version="1.0"?>
<!--Phoronix Test Suite v7.0.0m2-->
<PhoronixTestSuite>
  <TestInformation>
    <Title>Tensorflow</Title>
    <AppVersion>2017-02-03</AppVersion>
    <Description>This is a benchmark of the Tensorflow deep learning framework using the CIFAR10 data set.</Description>
    <ResultScale>Seconds</ResultScale>
    <Proportion>LIB</Proportion>
    <TimesToRun>3</TimesToRun>
  </TestInformation>
  <TestProfile>
    <Version>1.0.0</Version>
    <SupportedPlatforms>Linux</SupportedPlatforms>
    <SoftwareType>Benchmark</SoftwareType>
    <TestType>System</TestType>
    <License>Free</License>
    <Status>Verified</Status>
    <ExternalDependencies>python</ExternalDependencies>
    <EnvironmentSize>100</EnvironmentSize>
    <ProjectURL>https://www.tensorflow.org</ProjectURL>
    <InternalTags>SMP</InternalTags>
    <Maintainer>Michael Larabel</Maintainer>
    <SystemDependencies>pip3</SystemDependencies>
  </TestProfile>
  <TestSettings>
    <Option>
      <DisplayName>Build</DisplayName>
      <Identifier>build</Identifier>
      <ArgumentPrefix></ArgumentPrefix>
      <ArgumentPostfix></ArgumentPostfix>
      <DefaultEntry>0</DefaultEntry>
      <Menu>
        <Entry>
          <Name>Cifar10</Name>
          <Value>400</Value>
          <Message></Message>
        </Entry>
      </Menu>
    </Option>
  </TestSettings>
</PhoronixTestSuite>
