<?xml version="1.0"?>
<!--Phoronix Test Suite v6.8.0m1-->
<PhoronixTestSuite>
  <TestInformation>
    <Title>ET: Legacy</Title>
    <AppVersion>2.75</AppVersion>
    <Description>ETLegacy is an open-source engine evolution of Wolfenstein: Enemy Territory, a World War II era first person shooter that was released for free by Splash Damage using the id Tech 3 engine.</Description>
    <ResultScale>Frames Per Second</ResultScale>
    <Proportion>HIB</Proportion>
    <TimesToRun>3</TimesToRun>
  </TestInformation>
  <TestProfile>
    <Version>1.0.0</Version>
    <SupportedPlatforms>Linux</SupportedPlatforms>
    <SoftwareType>Game</SoftwareType>
    <TestType>Graphics</TestType>
    <License>Free</License>
    <Status>Verified</Status>
    <SupportedArchitectures>x86_64</SupportedArchitectures>
    <ExternalDependencies>sdl-development</ExternalDependencies>
    <EnvironmentSize>285</EnvironmentSize>
    <ProjectURL>http://www.idsoftware.com/</ProjectURL>
    <Maintainer>Michael Larabel</Maintainer>
  </TestProfile>
  <TestSettings>
    <Default>
      <Arguments>+exec pts-etconfig +set ui_r_mode -1 +set r_mode -1 +timedemo 1 +set demodone "quit" +set demoloop1 "demo railgun; set nextdemo vstr demodone" +vstr demoloop1</Arguments>
    </Default>
    <Option>
      <DisplayName>Renderer</DisplayName>
      <Identifier>renderer</Identifier>
      <ArgumentPrefix></ArgumentPrefix>
      <ArgumentPostfix></ArgumentPostfix>
      <DefaultEntry>0</DefaultEntry>
      <Menu>
        <Entry>
          <Name>Default</Name>
          <Value></Value>
          <Message></Message>
        </Entry>
        <Entry>
          <Name>Renderer2</Name>
          <Value>+set cl_renderer opengl2</Value>
          <Message></Message>
        </Entry>
      </Menu>
    </Option>
    <Option>
      <DisplayName>Resolution</DisplayName>
      <Identifier>auto-resolution</Identifier>
      <ArgumentPrefix></ArgumentPrefix>
      <ArgumentPostfix></ArgumentPostfix>
      <DefaultEntry>0</DefaultEntry>
      <Menu>
        <Entry>
          <Name>$VIDEO_WIDTH x $VIDEO_HEIGHT</Name>
          <Value>+set r_customwidth $VIDEO_WIDTH +set r_customheight $VIDEO_HEIGHT</Value>
          <Message></Message>
        </Entry>
      </Menu>
    </Option>
  </TestSettings>
</PhoronixTestSuite>
