<?xml version="1.0"?>
<!--Phoronix Test Suite v8.0.0m0-->
<PhoronixTestSuite>
  <TestInformation>
    <Title>BlogBench</Title>
    <AppVersion>1.0</AppVersion>
    <Description>BlogBench is designed to replicate the load of a real-world busy file server by stressing the file-system with multiple threads of random reads, writes, and rewrites. The behavior is mimicked of that of a blog by creating blogs with content and pictures, modifying blog posts, adding comments to these blogs, and then reading the content of the blogs. All of these blogs generated are created locally with fake content and pictures.</Description>
    <ResultScale>Final Score</ResultScale>
    <Proportion>HIB</Proportion>
    <TimesToRun>3</TimesToRun>
  </TestInformation>
  <TestProfile>
    <Version>1.0.1</Version>
    <SupportedPlatforms>Linux, MacOSX, BSD, Solaris, Windows</SupportedPlatforms>
    <SoftwareType>Utility</SoftwareType>
    <TestType>Disk</TestType>
    <License>Free</License>
    <Status>Verified</Status>
    <ExternalDependencies>build-utilities</ExternalDependencies>
    <EnvironmentSize>1</EnvironmentSize>
    <ProjectURL>http://blogbench.pureftpd.org/project/blogbench/</ProjectURL>
    <Maintainer>Michael Larabel</Maintainer>
  </TestProfile>
  <TestSettings>
    <Default>
      <AllowCacheShare>TRUE</AllowCacheShare>
    </Default>
    <Option>
      <DisplayName>Test</DisplayName>
      <Identifier>test</Identifier>
      <ArgumentPrefix></ArgumentPrefix>
      <ArgumentPostfix></ArgumentPostfix>
      <DefaultEntry>0</DefaultEntry>
      <Menu>
        <Entry>
          <Name>Read</Name>
          <Value>READ</Value>
          <Message></Message>
        </Entry>
        <Entry>
          <Name>Write</Name>
          <Value>WRITE</Value>
          <Message></Message>
        </Entry>
      </Menu>
    </Option>
  </TestSettings>
</PhoronixTestSuite>
