<?xml version="1.0"?>
<!--Phoronix Test Suite v8.0.0m0-->
<PhoronixTestSuite>
  <TestInformation>
    <Title>LuxMark</Title>
    <AppVersion>3.1</AppVersion>
    <Description>LuxMark is a multi-platform OpenGL benchmark using LuxRender. LuxMark supports targeting different OpenCL devices and has multiple scenes available for rendering. LuxMark is a fully open-source OpenCL program with real-world rendering examples.</Description>
    <ResultScale>Score</ResultScale>
    <Proportion>HIB</Proportion>
    <TimesToRun>3</TimesToRun>
  </TestInformation>
  <TestProfile>
    <Version>1.2.0</Version>
    <SupportedPlatforms>Linux, Windows</SupportedPlatforms>
    <SoftwareType>Utility</SoftwareType>
    <TestType>System</TestType>
    <License>Free</License>
    <Status>Verified</Status>
    <SupportedArchitectures>x86_64</SupportedArchitectures>
    <ExternalDependencies>build-utilities, glut, opencl</ExternalDependencies>
    <EnvironmentSize>230</EnvironmentSize>
    <ProjectURL>http://www.luxrender.net/wiki/LuxMark</ProjectURL>
    <InternalTags>OpenCL</InternalTags>
    <Maintainer>Michael Larabel</Maintainer>
  </TestProfile>
  <TestSettings>
    <Default>
      <Arguments>--single-run</Arguments>
    </Default>
    <Option>
      <DisplayName>OpenCL Device</DisplayName>
      <Identifier>cl-device</Identifier>
      <ArgumentPrefix>--mode=</ArgumentPrefix>
      <ArgumentPostfix></ArgumentPostfix>
      <DefaultEntry>0</DefaultEntry>
      <Menu>
        <Entry>
          <Name>CPU</Name>
          <Value>BENCHMARK_OCL_CPU</Value>
          <Message></Message>
        </Entry>
        <Entry>
          <Name>GPU</Name>
          <Value>BENCHMARK_OCL_GPU</Value>
          <Message></Message>
        </Entry>
        <Entry>
          <Name>CPU+GPU</Name>
          <Value>BENCHMARK_OCL_CPUGPU</Value>
          <Message></Message>
        </Entry>
        <Entry>
          <Name>Hybrid GPU</Name>
          <Value>BENCHMARK_HYBRID_GPU</Value>
          <Message></Message>
        </Entry>
      </Menu>
    </Option>
    <Option>
      <DisplayName>Scene</DisplayName>
      <Identifier>scene</Identifier>
      <ArgumentPrefix>--scene=</ArgumentPrefix>
      <ArgumentPostfix></ArgumentPostfix>
      <DefaultEntry>0</DefaultEntry>
      <Menu>
        <Entry>
          <Name>Luxball HDR</Name>
          <Value>LUXBALL_HDR</Value>
          <Message></Message>
        </Entry>
        <Entry>
          <Name>Microphone</Name>
          <Value>MICROPHONE</Value>
          <Message></Message>
        </Entry>
        <Entry>
          <Name>Hotel</Name>
          <Value>HOTEL</Value>
          <Message></Message>
        </Entry>
      </Menu>
    </Option>
  </TestSettings>
</PhoronixTestSuite>
