<?xml version="1.0"?>
<!--Phoronix Test Suite v7.6.0m2-->
<PhoronixTestSuite>
  <TestInformation>
    <Title>Stress-NG</Title>
    <AppVersion>0.07.26</AppVersion>
    <Description>Stress-NG is a Linux stress tool developed by Colin King of Canonical.</Description>
    <TimesToRun>3</TimesToRun>
  </TestInformation>
  <TestProfile>
    <Version>1.2.1</Version>
    <SupportedPlatforms>Linux</SupportedPlatforms>
    <SoftwareType>Benchmark</SoftwareType>
    <TestType>System</TestType>
    <License>Free</License>
    <Status>Verified</Status>
    <ExternalDependencies>build-utilities, attr</ExternalDependencies>
    <EnvironmentSize>5</EnvironmentSize>
    <ProjectURL>http://kernel.ubuntu.com/~cking/stress-ng/</ProjectURL>
    <Maintainer>Michael Larabel</Maintainer>
  </TestProfile>
  <TestSettings>
    <Default>
      <Arguments>-t 30 --metrics-brief</Arguments>
    </Default>
    <Option>
      <DisplayName>Test</DisplayName>
      <Identifier>test</Identifier>
      <ArgumentPrefix></ArgumentPrefix>
      <ArgumentPostfix></ArgumentPostfix>
      <DefaultEntry>0</DefaultEntry>
      <Menu>
        <Entry>
          <Name>CPU Stress</Name>
          <Value>--cpu 0 --cpu-method all</Value>
          <Message></Message>
        </Entry>
        <Entry>
          <Name>Crypto</Name>
          <Value>--crypt 0</Value>
          <Message></Message>
        </Entry>
        <Entry>
          <Name>Memory Copying</Name>
          <Value>--memcpy 0</Value>
          <Message></Message>
        </Entry>
        <Entry>
          <Name>Glibc Qsort Data Sorting</Name>
          <Value>--qsort 0</Value>
          <Message></Message>
        </Entry>
        <Entry>
          <Name>Glibc C String Functions</Name>
          <Value>--str 0</Value>
          <Message></Message>
        </Entry>
        <Entry>
          <Name>Vector Math</Name>
          <Value>--vecmath 0</Value>
          <Message></Message>
        </Entry>
        <Entry>
          <Name>Matrix Math</Name>
          <Value>--matrix 0</Value>
          <Message></Message>
        </Entry>
        <Entry>
          <Name>Bsearch</Name>
          <Value>--bsearch 0</Value>
          <Message></Message>
        </Entry>
        <Entry>
          <Name>Hsearch</Name>
          <Value>--hsearch 0</Value>
          <Message></Message>
        </Entry>
        <Entry>
          <Name>Lsearch</Name>
          <Value>--lsearch 0</Value>
          <Message></Message>
        </Entry>
        <Entry>
          <Name>Tsearch</Name>
          <Value>--tsearch 0</Value>
          <Message></Message>
        </Entry>
        <Entry>
          <Name>Forking</Name>
          <Value>--fork 0</Value>
          <Message></Message>
        </Entry>
        <Entry>
          <Name>System V Message Passing</Name>
          <Value>--msg 0</Value>
          <Message></Message>
        </Entry>
        <Entry>
          <Name>Semaphores</Name>
          <Value>--sem 0</Value>
          <Message></Message>
        </Entry>
        <Entry>
          <Name>Socket Activity</Name>
          <Value>--sock 0</Value>
          <Message></Message>
        </Entry>
        <Entry>
          <Name>Context Switching</Name>
          <Value>--switch 0</Value>
          <Message></Message>
        </Entry>
      </Menu>
    </Option>
  </TestSettings>
</PhoronixTestSuite>
