<?xml version="1.0"?>
<!--Phoronix Test Suite v10.2.0-->
<PhoronixTestSuite>
  <TestInformation>
    <Title>QuantLib</Title>
    <AppVersion>1.21</AppVersion>
    <Description>QuantLib is an open-source library/framework around quantitative finance for modeling, trading and risk management scenarios. QuantLib is written in C++ with Boost and its built-in benchmark used reports the QuantLib Benchmark Index benchmark score.</Description>
    <ResultScale>MFLOPS</ResultScale>
    <Proportion>HIB</Proportion>
    <TimesToRun>3</TimesToRun>
  </TestInformation>
  <TestProfile>
    <Version>1.0.0</Version>
    <SupportedPlatforms>Linux, BSD, MacOSX</SupportedPlatforms>
    <SoftwareType>Benchmark</SoftwareType>
    <TestType>Processor</TestType>
    <License>Free</License>
    <Status>Verified</Status>
    <ExternalDependencies>build-utilities, boost-development, cmake</ExternalDependencies>
    <EnvironmentSize>543</EnvironmentSize>
    <ProjectURL>https://www.quantlib.org/</ProjectURL>
    <Maintainer>Michael Larabel</Maintainer>
  </TestProfile>
</PhoronixTestSuite>
