<?xml version="1.0"?>
<!--Phoronix Test Suite v8.0.0-->
<PhoronixTestSuite>
  <TestInformation>
    <Title>A Total War Saga: THRONES OF BRITANNIA</Title>
    <Description>A Total War Saga: THRONES OF BRITANNIA on Steam.

The test profile assumes you have a Steam account, have Steam installed for the system, and that you own a copy of this game. This automates the process of executing the game and using its built-in benchmark mode.

Backs up old preferences (in ~/.local/share/feral-interactive/) for the run.

NOTES for cross-platform comparisons:
	TODO

See notes in install.sh for a few small tweaks including disabling the CPU governor check when testing for it's effects
    </Description>
    <ResultScale>Frames Per Second</ResultScale>
    <Proportion>HIB</Proportion>
    <TimesToRun>3</TimesToRun>
    <PreInstallMessage>This test will attempt to install the necessary game using your Steam account. If the test appears hung you may need to manually exit the Steam client.</PreInstallMessage>
  </TestInformation>
  <TestProfile>
    <Version>1.0.0</Version>
    <SupportedPlatforms>Linux</SupportedPlatforms>
    <SoftwareType>Game</SoftwareType>
    <TestType>Graphics</TestType>
    <License>Retail</License>
    <Status>Verified</Status>
    <SupportedArchitectures>x86_64</SupportedArchitectures>
    <EnvironmentSize>2</EnvironmentSize>
    <EstimatedTimePerRun>120</EstimatedTimePerRun>
    <ProjectURL>https://store.steampowered.com/app/712100/</ProjectURL>
    <Maintainer>Feral Interactive</Maintainer>
  </TestProfile>
  <TestSettings>
    <Option>
      <DisplayName>Resolution</DisplayName>
      <Identifier>auto-resolution</Identifier>
      <ArgumentPrefix></ArgumentPrefix>
      <ArgumentPostfix></ArgumentPostfix>
      <DefaultEntry>0</DefaultEntry>
      <Menu>
        <Entry>
          <Name>$VIDEO_WIDTH x $VIDEO_HEIGHT</Name>
          <Value>$VIDEO_WIDTH $VIDEO_HEIGHT</Value>
          <Message></Message>
        </Entry>
      </Menu>
    </Option>
    <Option>
      <DisplayName>Graphics Preset</DisplayName>
      <Identifier>graphics-preset</Identifier>
      <ArgumentPrefix></ArgumentPrefix>
      <ArgumentPostfix></ArgumentPostfix>
      <DefaultEntry>0</DefaultEntry>
      <Menu>
        <Entry>
          <Name>Low</Name>
          <Value>0</Value>
          <Message></Message>
        </Entry>
        <Entry>
          <Name>Medium</Name>
          <Value>1</Value>
          <Message></Message>
        </Entry>
        <Entry>
          <Name>High</Name>
          <Value>2</Value>
          <Message></Message>
        </Entry>
        <Entry>
          <Name>Ultra</Name>
          <Value>3</Value>
          <Message></Message>
        </Entry>
        <Entry>
          <Name>Extreme</Name>
          <Value>4</Value>
          <Message></Message>
        </Entry>
      </Menu>
    </Option>
  </TestSettings>
</PhoronixTestSuite>
