<?xml version="1.0"?>
<!--Phoronix Test Suite v8.0.0m4-->
<PhoronixTestSuite>
  <TestInformation>
    <Title>PolyBench-C</Title>
    <AppVersion>4.2</AppVersion>
    <Description>PolyBench-C is a C-language polyhedral benchmark suite made at the Ohio State University.</Description>
    <ResultScale>Seconds</ResultScale>
    <Proportion>LIB</Proportion>
    <TimesToRun>3</TimesToRun>
  </TestInformation>
  <TestProfile>
    <Version>1.2.0</Version>
    <SupportedPlatforms>Linux, Solaris, BSD, MacOSX</SupportedPlatforms>
    <SoftwareType>Benchmark</SoftwareType>
    <TestType>Processor</TestType>
    <License>Free</License>
    <Status>Verified</Status>
    <ExternalDependencies>build-utilities</ExternalDependencies>
    <EnvironmentSize>2</EnvironmentSize>
    <ProjectURL>http://www.cse.ohio-state.edu/~pouchet/software/polybench/</ProjectURL>
    <Maintainer>Michael Larabel</Maintainer>
  </TestProfile>
  <TestSettings>
    <Option>
      <DisplayName>Test</DisplayName>
      <Identifier>run-test</Identifier>
      <ArgumentPrefix></ArgumentPrefix>
      <ArgumentPostfix></ArgumentPostfix>
      <DefaultEntry>0</DefaultEntry>
      <Menu>
        <Entry>
          <Name>3 Matrix Multiplications</Name>
          <Value>3mm</Value>
          <Message></Message>
        </Entry>
        <Entry>
          <Name>Correlation Computation</Name>
          <Value>correlation</Value>
          <Message></Message>
        </Entry>
        <Entry>
          <Name>Covariance Computation</Name>
          <Value>covariance</Value>
          <Message></Message>
        </Entry>
      </Menu>
    </Option>
  </TestSettings>
</PhoronixTestSuite>
