<?xml version="1.0"?>
<!--Phoronix Test Suite v7.8.0m2-->
<PhoronixTestSuite>
  <TestInformation>
    <Title>Hackbench</Title>
    <Description>This is a benchmark of Hackbench, a test of the Linux kernel scheduler.</Description>
    <ResultScale>Seconds</ResultScale>
    <Proportion>LIB</Proportion>
    <TimesToRun>3</TimesToRun>
  </TestInformation>
  <TestProfile>
    <Version>1.0.0</Version>
    <SupportedPlatforms>Linux</SupportedPlatforms>
    <SoftwareType>Utility</SoftwareType>
    <TestType>Processor</TestType>
    <License>Free</License>
    <Status>Verified</Status>
    <ExternalDependencies>build-utilities</ExternalDependencies>
    <EnvironmentSize>1</EnvironmentSize>
    <ProjectURL>http://github.com/linux-test-project/ltp/blob/master/testcases/kernel/sched/cfs-scheduler/hackbench.c</ProjectURL>
    <Maintainer>Michael Larabel</Maintainer>
  </TestProfile>
  <TestSettings>
    <Default>
      <PostArguments> 50000</PostArguments>
    </Default>
    <Option>
      <DisplayName>Count</DisplayName>
      <Identifier>count</Identifier>
      <ArgumentPrefix></ArgumentPrefix>
      <ArgumentPostfix></ArgumentPostfix>
      <DefaultEntry>0</DefaultEntry>
      <Menu>
        <Entry>
          <Name>1</Name>
          <Value>1</Value>
          <Message></Message>
        </Entry>
        <Entry>
          <Name>2</Name>
          <Value>2</Value>
          <Message></Message>
        </Entry>
        <Entry>
          <Name>4</Name>
          <Value>4</Value>
          <Message></Message>
        </Entry>
        <Entry>
          <Name>8</Name>
          <Value>8</Value>
          <Message></Message>
        </Entry>
        <Entry>
          <Name>16</Name>
          <Value>16</Value>
          <Message></Message>
        </Entry>
        <Entry>
          <Name>32</Name>
          <Value>32</Value>
          <Message></Message>
        </Entry>
      </Menu>
    </Option>
    <Option>
      <DisplayName>Type</DisplayName>
      <Identifier>type</Identifier>
      <ArgumentPrefix></ArgumentPrefix>
      <ArgumentPostfix></ArgumentPostfix>
      <DefaultEntry>0</DefaultEntry>
      <Menu>
        <Entry>
          <Name>Process</Name>
          <Value>process</Value>
          <Message></Message>
        </Entry>
        <Entry>
          <Name>Thread</Name>
          <Value>thread</Value>
          <Message></Message>
        </Entry>
      </Menu>
    </Option>
  </TestSettings>
</PhoronixTestSuite>
