<?xml version="1.0"?>
<!--Phoronix Test Suite v9.0.1-->
<PhoronixTestSuite>
  <TestInformation>
    <Title>Optcarrot</Title>
    <Description>Optcarrot is an NES emulator benchmark for the Ruby language.</Description>
    <ResultScale>FPS</ResultScale>
    <Proportion>HIB</Proportion>
    <SubTitle>Optimized Benchmark</SubTitle>
    <TimesToRun>4</TimesToRun>
  </TestInformation>
  <TestProfile>
    <Version>1.0.1</Version>
    <SupportedPlatforms>Linux, Solaris, BSD, MacOSX, Windows</SupportedPlatforms>
    <SoftwareType>Utility</SoftwareType>
    <TestType>System</TestType>
    <License>Free</License>
    <Status>Verified</Status>
    <ExternalDependencies>ruby</ExternalDependencies>
    <EnvironmentSize>3</EnvironmentSize>
    <ProjectURL>https://github.com/mame/optcarrot</ProjectURL>
    <Maintainer>Michael Larabel</Maintainer>
  </TestProfile>
</PhoronixTestSuite>
