<?xml version="1.0"?>
<!--Phoronix Test Suite v9.6.0m2-->
<PhoronixTestSuite>
  <TestInformation>
    <Title>YafaRay</Title>
    <AppVersion>3.4.1</AppVersion>
    <Description>YafaRay is an open-source physically based montecarlo ray-tracing engine.</Description>
    <ResultScale>Seconds</ResultScale>
    <Proportion>LIB</Proportion>
    <SubTitle>Total Time For Sample Scene</SubTitle>
    <TimesToRun>3</TimesToRun>
  </TestInformation>
  <TestProfile>
    <Version>1.0.0</Version>
    <SupportedPlatforms>Linux</SupportedPlatforms>
    <SoftwareType>Utility</SoftwareType>
    <TestType>Processor</TestType>
    <License>Free</License>
    <Status>Verified</Status>
    <ExternalDependencies>build-utilities, cmake, python, zlib-development, libpng-development, libxml2, tiff, boost-development, swig, opencv, freetype, jpeg-development, openexr</ExternalDependencies>
    <EnvironmentSize>6.0</EnvironmentSize>
    <ProjectURL>http://www.yafaray.org/</ProjectURL>
    <InternalTags>SMP</InternalTags>
    <Maintainer>Michael Larabel</Maintainer>
  </TestProfile>
</PhoronixTestSuite>
