<?xml version="1.0"?>
<!--Phoronix Test Suite v8.6.0m1-->
<PhoronixTestSuite>
  <TestInformation>
    <Title>clpeak</Title>
    <Description>Clpeak is designed to test the peak capabilities of OpenCL devices.</Description>
    <Proportion>HIB</Proportion>
    <TimesToRun>3</TimesToRun>
  </TestInformation>
  <TestProfile>
    <Version>1.0.1</Version>
    <SupportedPlatforms>Linux</SupportedPlatforms>
    <SoftwareType>Utility</SoftwareType>
    <TestType>System</TestType>
    <License>Free</License>
    <Status>Verified</Status>
    <ExternalDependencies>build-utilities, opencl, cmake</ExternalDependencies>
    <EnvironmentSize>2</EnvironmentSize>
    <ProjectURL>https://github.com/krrishnarraj/clpeak</ProjectURL>
    <InternalTags>OpenCL</InternalTags>
    <Maintainer>Michael Larabel</Maintainer>
  </TestProfile>
  <TestSettings>
    <Default>
      <Arguments>-p 0 -d 0</Arguments>
    </Default>
    <Option>
      <DisplayName>OpenCL Test</DisplayName>
      <Identifier>cl-test</Identifier>
      <Menu>
        <Entry>
          <Name>Global Memory Bandwidth</Name>
          <Value>--global-bandwidth</Value>
        </Entry>
        <Entry>
          <Name>Single-Precision Float</Name>
          <Value>--compute-sp</Value>
        </Entry>
        <Entry>
          <Name>Double-Precision Double</Name>
          <Value>--compute-dp</Value>
        </Entry>
        <Entry>
          <Name>Integer Compute INT</Name>
          <Value>--compute-integer</Value>
        </Entry>
        <Entry>
          <Name>Transfer Bandwidth enqueueWriteBuffer</Name>
          <Value>--transfer-bandwidth #write</Value>
        </Entry>
        <Entry>
          <Name>Transfer Bandwidth enqueueReadBuffer</Name>
          <Value>--transfer-bandwidth #read</Value>
        </Entry>
        <Entry>
          <Name>Kernel Latency</Name>
          <Value>--kernel-latency</Value>
        </Entry>
      </Menu>
    </Option>
  </TestSettings>
</PhoronixTestSuite>
