<?xml version="1.0"?>
<!--Phoronix Test Suite v10.2.0m2-->
<PhoronixTestSuite>
  <TestInformation>
    <Title>Monkey Audio Encoding</Title>
    <AppVersion>3.99.6</AppVersion>
    <Description>This test times how long it takes to encode a sample WAV file to Monkey's Audio APE format.</Description>
    <ResultScale>Seconds</ResultScale>
    <Proportion>LIB</Proportion>
    <SubTitle>WAV To APE</SubTitle>
    <Executable>encode-ape</Executable>
    <TimesToRun>5</TimesToRun>
  </TestInformation>
  <TestProfile>
    <Version>1.4.0</Version>
    <SupportedPlatforms>Linux, MacOSX, BSD</SupportedPlatforms>
    <SoftwareType>Utility</SoftwareType>
    <TestType>Processor</TestType>
    <License>Free</License>
    <Status>Deprecated</Status>
    <ExternalDependencies>build-utilities, cmake, yasm</ExternalDependencies>
    <Extends>pts/timed-audio-encode</Extends>
    <EnvironmentSize>58</EnvironmentSize>
    <ProjectURL>http://www.monkeysaudio.com/</ProjectURL>
    <Maintainer>apaige</Maintainer>
  </TestProfile>
</PhoronixTestSuite>
