<?xml version="1.0"?>
<!--Phoronix Test Suite v9.8.0m1-->
<PhoronixTestSuite>
  <TestInformation>
    <Title>Rodinia</Title>
    <AppVersion>3.1</AppVersion>
    <Description>Rodinia is a suite focused upon accelerating compute-intensive applications with accelerators. CUDA, OpenMP, and OpenCL parallel models are supported by the included applications. This profile utilizes select OpenCL, NVIDIA CUDA and OpenMP test binaries at the moment.</Description>
    <ResultScale>Seconds</ResultScale>
    <Proportion>LIB</Proportion>
    <TimesToRun>3</TimesToRun>
  </TestInformation>
  <TestProfile>
    <Version>1.3.0</Version>
    <SupportedPlatforms>Linux, BSD</SupportedPlatforms>
    <SoftwareType>Benchmark</SoftwareType>
    <TestType>Processor</TestType>
    <License>Free</License>
    <Status>Verified</Status>
    <ExternalDependencies>build-utilities, openmpi-development, opencl</ExternalDependencies>
    <EnvironmentSize>1300</EnvironmentSize>
    <ProjectURL>http://lava.cs.virginia.edu/Rodinia/</ProjectURL>
    <InternalTags>SMP, OpenMP</InternalTags>
    <Maintainer>Michael Larabel</Maintainer>
  </TestProfile>
  <TestSettings>
    <Option>
      <DisplayName>Test</DisplayName>
      <Identifier>run-test</Identifier>
      <Menu>
        <Entry>
          <Name>OpenMP CFD Solver</Name>
          <Value>OMP_CFD</Value>
          <Message>Fluid Dynamics</Message>
        </Entry>
        <Entry>
          <Name>OpenMP LavaMD</Name>
          <Value>OMP_LAVAMD</Value>
          <Message>Molecular Dynamics</Message>
        </Entry>
        <Entry>
          <Name>OpenMP Leukocyte</Name>
          <Value>OMP_LEUKOCYTE</Value>
          <Message>Medical Imaging</Message>
        </Entry>
        <Entry>
          <Name>OpenMP Streamcluster</Name>
          <Value>OMP_STREAMCLUSTER</Value>
          <Message>Data Mining</Message>
        </Entry>
        <Entry>
          <Name>OpenMP Myocyte</Name>
          <Value>OMP_MYOCYTE</Value>
          <Message>Biological Simulation</Message>
        </Entry>
        <Entry>
          <Name>OpenMP HotSpot3D</Name>
          <Value>OMP_HOTSPOT3D</Value>
          <Message>Physics Simulation</Message>
        </Entry>
        <Entry>
          <Name>OpenCL Myocyte</Name>
          <Value>OCL_MYOCYTE</Value>
          <Message>Biological Simulation</Message>
        </Entry>
        <Entry>
          <Name>OpenCL Particle Filter</Name>
          <Value>OCL_PARTICLEFILTER</Value>
          <Message>Medical Imaging</Message>
        </Entry>
        <Entry>
          <Name>NVIDIA CUDA GPU Myocyte</Name>
          <Value>CUDA_MYOCYTE</Value>
          <Message>Biological Simulation</Message>
        </Entry>
      </Menu>
    </Option>
  </TestSettings>
</PhoronixTestSuite>
