<?xml version="1.0"?>
<!--Phoronix Test Suite v10.2.0-->
<PhoronixTestSuite>
  <TestInformation>
    <Title>Etcpak</Title>
    <AppVersion>0.7</AppVersion>
    <Description>Etcpack is the self-proclaimed "fastest ETC compressor on the planet" with focused on providing open-source, very fast ETC and S3 texture compression support.</Description>
    <ResultScale>Mpx/s</ResultScale>
    <Proportion>HIB</Proportion>
    <TimesToRun>3</TimesToRun>
  </TestInformation>
  <TestProfile>
    <Version>1.0.0</Version>
    <SupportedPlatforms>Linux, MacOSX</SupportedPlatforms>
    <SoftwareType>Benchmark</SoftwareType>
    <TestType>Processor</TestType>
    <License>Free</License>
    <Status>Verified</Status>
    <ExternalDependencies>build-utilities</ExternalDependencies>
    <EnvironmentSize>39</EnvironmentSize>
    <ProjectURL>https://github.com/wolfpld/etcpak</ProjectURL>
    <Maintainer>Michael Larabel</Maintainer>
  </TestProfile>
  <TestSettings>
    <Option>
      <DisplayName>Configuration</DisplayName>
      <Identifier>configuration</Identifier>
      <Menu>
        <Entry>
          <Name>ETC1</Name>
        </Entry>
        <Entry>
          <Name>ETC1 + Dithering</Name>
          <Value>-d</Value>
        </Entry>
        <Entry>
          <Name>ETC2</Name>
          <Value>--etc2</Value>
        </Entry>
        <Entry>
          <Name>DXT1</Name>
          <Value>--dxtc</Value>
        </Entry>
      </Menu>
    </Option>
  </TestSettings>
</PhoronixTestSuite>
