<?xml version="1.0"?>
<!--Phoronix Test Suite v8.6.1-->
<PhoronixTestSuite>
  <TestInformation>
    <Title>Geekbench</Title>
    <AppVersion>4.3.3</AppVersion>
    <Description>This is a benchmark of Geekbench 4 Pro. The test profile automates the execution of Geekbench 4 under the Phoronix Test Suite, assuming you have a valid license key for Geekbench 4 Pro. This test will not work without a valid license key for Geekbench Pro.</Description>
    <ResultScale>Score</ResultScale>
    <Proportion>HIB</Proportion>
    <TimesToRun>3</TimesToRun>
    <PreInstallMessage>You must manually activate the Geekbench binary with your email/license key before this benchmark will work.</PreInstallMessage>
  </TestInformation>
  <TestProfile>
    <Version>1.0.1</Version>
    <SupportedPlatforms>Linux, Windows</SupportedPlatforms>
    <SoftwareType>Utility</SoftwareType>
    <TestType>System</TestType>
    <License>Retail</License>
    <Status>Verified</Status>
    <SupportedArchitectures>x86, x86_64</SupportedArchitectures>
    <EnvironmentSize>104</EnvironmentSize>
    <ProjectURL>https://www.primatelabs.com/store/</ProjectURL>
    <Maintainer>Michael Larabel</Maintainer>
  </TestProfile>
  <TestSettings>
    <Default>
      <Arguments>--no-upload </Arguments>
    </Default>
    <Option>
      <DisplayName>Test</DisplayName>
      <Identifier>test</Identifier>
      <Menu>
        <Entry>
          <Name>Single Core</Name>
          <Value>--single-core</Value>
        </Entry>
        <Entry>
          <Name>Multi Core</Name>
          <Value>--multi-core</Value>
        </Entry>
      </Menu>
    </Option>
  </TestSettings>
</PhoronixTestSuite>
