<?xml version="1.0"?>
<!--Phoronix Test Suite v10.0.0m2-->
<PhoronixTestSuite>
  <TestInformation>
    <Title>BYTE Unix Benchmark</Title>
    <AppVersion>3.6</AppVersion>
    <Description>This is a test of BYTE.</Description>
    <ResultScale>LPS</ResultScale>
    <Proportion>HIB</Proportion>
    <TimesToRun>3</TimesToRun>
  </TestInformation>
  <TestProfile>
    <Version>1.2.2</Version>
    <SupportedPlatforms>Linux, Solaris, MacOSX, BSD</SupportedPlatforms>
    <SoftwareType>Utility</SoftwareType>
    <TestType>Processor</TestType>
    <License>Free</License>
    <Status>Verified</Status>
    <ExternalDependencies>build-utilities</ExternalDependencies>
    <EnvironmentSize>1.0</EnvironmentSize>
    <Maintainer>Michael Larabel</Maintainer>
  </TestProfile>
  <TestSettings>
    <Option>
      <DisplayName>Computational Test</DisplayName>
      <Identifier>compute-test</Identifier>
      <ArgumentPrefix>TEST_</ArgumentPrefix>
      <Menu>
        <Entry>
          <Name>Dhrystone 2</Name>
          <Value>DHRY2</Value>
        </Entry>
      </Menu>
    </Option>
  </TestSettings>
</PhoronixTestSuite>
