<?xml version="1.0"?>
<!--Phoronix Test Suite v10.2.0-->
<PhoronixTestSuite>
  <TestInformation>
    <Title>GnuPG</Title>
    <AppVersion>2.2.27</AppVersion>
    <Description>This test times how long it takes to encrypt a sample file using GnuPG.</Description>
    <ResultScale>Seconds</ResultScale>
    <Proportion>LIB</Proportion>
    <SubTitle>2.7GB Sample File Encryption</SubTitle>
    <TimesToRun>3</TimesToRun>
  </TestInformation>
  <TestProfile>
    <Version>2.5.0</Version>
    <SupportedPlatforms>Linux</SupportedPlatforms>
    <SoftwareType>Utility</SoftwareType>
    <TestType>System</TestType>
    <License>Free</License>
    <Status>Verified</Status>
    <ExternalDependencies>build-utilities</ExternalDependencies>
    <EnvironmentSize>2400</EnvironmentSize>
    <EnvironmentTestingSize>2048</EnvironmentTestingSize>
    <ProjectURL>http://www.gnupg.org/</ProjectURL>
    <Maintainer>Michael Larabel</Maintainer>
    <SystemDependencies>gpg-error-config, gpg-error.h, gcrypt.h, assuan.h, ksba.h, npth.h</SystemDependencies>
  </TestProfile>
  <TestSettings>
    <Default>
      <MinimumLength>10</MinimumLength>
    </Default>
  </TestSettings>
</PhoronixTestSuite>
