<?xml version="1.0"?>
<!--Phoronix Test Suite v8.6.0m1-->
<PhoronixTestSuite>
  <TestInformation>
    <Title>LeelaChessZero</Title>
    <AppVersion>0.20.1</AppVersion>
    <Description>LeelaChessZero (lc0 / lczero) is a chess engine automated vian neural networks. This test profile can be used for OpenCL, CUDA + cuDNN, and BLAS (CPU-based) benchmarking.</Description>
    <ResultScale>Nodes Per Second</ResultScale>
    <Proportion>HIB</Proportion>
    <TimesToRun>3</TimesToRun>
  </TestInformation>
  <TestProfile>
    <Version>1.1.1</Version>
    <SupportedPlatforms>Linux</SupportedPlatforms>
    <SoftwareType>Benchmark</SoftwareType>
    <TestType>Processor</TestType>
    <License>Free</License>
    <Status>Verified</Status>
    <ExternalDependencies>build-utilities, blas-development, opencl, meson, zlib-development</ExternalDependencies>
    <EnvironmentSize>1005</EnvironmentSize>
    <ProjectURL>http://github.com/LeelaChessZero/lc0</ProjectURL>
    <InternalTags>SMP, OpenCL</InternalTags>
    <Maintainer>Michael Larabel</Maintainer>
  </TestProfile>
  <TestSettings>
    <Default>
      <Arguments>benchmark </Arguments>
    </Default>
    <Option>
      <DisplayName>Backend</DisplayName>
      <Identifier>backend</Identifier>
      <ArgumentPrefix>-b </ArgumentPrefix>
      <Menu>
        <Entry>
          <Name>BLAS</Name>
          <Value>blas</Value>
        </Entry>
        <Entry>
          <Name>OpenCL</Name>
          <Value>opencl</Value>
        </Entry>
        <Entry>
          <Name>CUDA + cuDNN</Name>
          <Value>cudnn</Value>
        </Entry>
        <Entry>
          <Name>CUDA + cuDNN FP16</Name>
          <Value>cudnn-fp16</Value>
        </Entry>
        <Entry>
          <Name>Random</Name>
          <Value>random</Value>
        </Entry>
      </Menu>
    </Option>
  </TestSettings>
</PhoronixTestSuite>
