<?xml version="1.0"?>
<!--Phoronix Test Suite v8.0.0m2-->
<PhoronixTestSuite>
  <TestInformation>
    <Title>Timed Boost Interprocess Compilation</Title>
    <AppVersion>2.12.1</AppVersion>
    <Description>This test times how long it takes to build Boost Interprocess examples.</Description>
    <ResultScale>Seconds</ResultScale>
    <Proportion>LIB</Proportion>
    <SubTitle>Time To Compile</SubTitle>
    <TimesToRun>1</TimesToRun>
  </TestInformation>
  <TestProfile>
    <Version>1.5.2</Version>
    <SupportedPlatforms>Linux</SupportedPlatforms>
    <SoftwareType>Utility</SoftwareType>
    <TestType>Processor</TestType>
    <License>Free</License>
    <Status>Deprecated</Status>
    <ExternalDependencies>build-utilities</ExternalDependencies>
    <EnvironmentSize>10</EnvironmentSize>
    <ProjectURL>http://www.boost.org/</ProjectURL>
    <Maintainer>Tzafrir Poupko</Maintainer>
  </TestProfile>
</PhoronixTestSuite>
