<?xml version="1.0"?>
<!--Phoronix Test Suite v7.0.0m2-->
<PhoronixTestSuite>
  <TestInformation>
    <Title>cl-mem</Title>
    <AppVersion>2017-01-13</AppVersion>
    <Description>A basic OpenCL memory benchmark.</Description>
    <Proportion>HIB</Proportion>
    <TimesToRun>3</TimesToRun>
  </TestInformation>
  <TestProfile>
    <Version>1.0.1</Version>
    <SupportedPlatforms>Linux</SupportedPlatforms>
    <SoftwareType>Benchmark</SoftwareType>
    <TestType>Graphics</TestType>
    <License>Free</License>
    <Status>Verified</Status>
    <ExternalDependencies>build-utilities, opencl</ExternalDependencies>
    <EnvironmentSize>1</EnvironmentSize>
    <ProjectURL>https://github.com/nerdralph/cl-mem</ProjectURL>
    <InternalTags>OpenCL</InternalTags>
    <Maintainer>Michael Larabel</Maintainer>
  </TestProfile>
  <TestSettings>
    <Option>
      <DisplayName>Benchmark</DisplayName>
      <Identifier>benchmark</Identifier>
      <ArgumentPrefix></ArgumentPrefix>
      <ArgumentPostfix></ArgumentPostfix>
      <DefaultEntry>0</DefaultEntry>
      <Menu>
        <Entry>
          <Name>Read</Name>
          <Value>READ</Value>
          <Message></Message>
        </Entry>
        <Entry>
          <Name>Write</Name>
          <Value>WRITE</Value>
          <Message></Message>
        </Entry>
        <Entry>
          <Name>Copy</Name>
          <Value>COPY</Value>
          <Message></Message>
        </Entry>
      </Menu>
    </Option>
  </TestSettings>
</PhoronixTestSuite>
