<?xml version="1.0"?>
<!--Phoronix Test Suite v6.2.0m0-->
<PhoronixTestSuite>
  <TestInformation>
    <Title>Parallel BZIP2 Compression</Title>
    <AppVersion>1.1.12</AppVersion>
    <Description>This test measures the time needed to compress a file (a .tar package of the Linux kernel source code) using BZIP2 compression.</Description>
    <ResultScale>Seconds</ResultScale>
    <Proportion>LIB</Proportion>
    <SubTitle>256MB File Compression</SubTitle>
    <TimesToRun>3</TimesToRun>
  </TestInformation>
  <TestProfile>
    <Version>1.5.0</Version>
    <SupportedPlatforms>Linux, Solaris</SupportedPlatforms>
    <SoftwareType>Utility</SoftwareType>
    <TestType>Processor</TestType>
    <License>Free</License>
    <Status>Verified</Status>
    <ExternalDependencies>build-utilities</ExternalDependencies>
    <EnvironmentSize>647</EnvironmentSize>
    <EnvironmentTestingSize>647</EnvironmentTestingSize>
    <ProjectURL>http://compression.ca/pbzip2/</ProjectURL>
    <InternalTags>SMP</InternalTags>
    <Maintainer>Michael Larabel</Maintainer>
  </TestProfile>
</PhoronixTestSuite>
