<?xml version="1.0"?>
<!--Phoronix Test Suite v9.6.0-->
<PhoronixTestSuite>
  <TestInformation>
    <Title>Maxon Cinebench</Title>
    <AppVersion>20</AppVersion>
    <Description>This is a test profile to run MAXON Cinebench on Windows.</Description>
    <ResultScale>Score</ResultScale>
    <Proportion>HIB</Proportion>
    <TimesToRun>3</TimesToRun>
  </TestInformation>
  <TestProfile>
    <Version>1.1.1</Version>
    <SupportedPlatforms>Windows, MacOSX</SupportedPlatforms>
    <SoftwareType>Utility</SoftwareType>
    <TestType>System</TestType>
    <License>Non-Free</License>
    <Status>Verified</Status>
    <SupportedArchitectures>x86_64</SupportedArchitectures>
    <EnvironmentSize>522</EnvironmentSize>
    <ProjectURL>http://www.maxon.net/en/products/cinebench/</ProjectURL>
    <Maintainer>Michael Larabel</Maintainer>
  </TestProfile>
  <TestSettings>
    <Option>
      <DisplayName>Test</DisplayName>
      <Identifier>test</Identifier>
      <Menu>
        <Entry>
          <Name>Single-Core</Name>
          <Value>g_CinebenchCpu1Test=true</Value>
        </Entry>
        <Entry>
          <Name>Multi-Core</Name>
          <Value>g_CinebenchCpuXTest=true</Value>
        </Entry>
      </Menu>
    </Option>
  </TestSettings>
</PhoronixTestSuite>
