<?xml version="1.0"?>
<!--Phoronix Test Suite v8.0.0m0-->
<PhoronixTestSuite>
  <TestInformation>
    <Title>ebizzy</Title>
    <AppVersion>0.3</AppVersion>
    <Description>This is a test of ebizzy, a program to generate workloads resembling web server workloads.</Description>
    <ResultScale>Records/s</ResultScale>
    <Proportion>HIB</Proportion>
    <TimesToRun>3</TimesToRun>
  </TestInformation>
  <TestProfile>
    <Version>1.0.4</Version>
    <SupportedPlatforms>Linux, BSD, Windows</SupportedPlatforms>
    <SoftwareType>Utility</SoftwareType>
    <TestType>Processor</TestType>
    <License>Free</License>
    <Status>Verified</Status>
    <ExternalDependencies>build-utilities</ExternalDependencies>
    <EnvironmentSize>0.1</EnvironmentSize>
    <ProjectURL>http://sourceforge.net/projects/ebizzy/</ProjectURL>
    <InternalTags>SMP</InternalTags>
    <Maintainer>Michael Larabel</Maintainer>
  </TestProfile>
</PhoronixTestSuite>
