<?xml version="1.0"?>
<!--Phoronix Test Suite v8.8.0-->
<PhoronixTestSuite>
  <TestInformation>
    <Title>GeeXLab</Title>
    <AppVersion>0.28.0</AppVersion>
    <Description>GeeXLab is a cross-platform tool for 3D programming and demo creation.</Description>
    <ResultScale>FPS</ResultScale>
    <Proportion>HIB</Proportion>
    <TimesToRun>3</TimesToRun>
  </TestInformation>
  <TestProfile>
    <Version>1.1.0</Version>
    <SupportedPlatforms>Linux</SupportedPlatforms>
    <SoftwareType>Utility</SoftwareType>
    <TestType>Graphics</TestType>
    <License>Non-Free</License>
    <Status>Verified</Status>
    <SupportedArchitectures>x86_64</SupportedArchitectures>
    <RequiresDisplay>TRUE</RequiresDisplay>
    <EnvironmentSize>448</EnvironmentSize>
    <ProjectURL>https://www.geeks3d.com/geexlab/</ProjectURL>
    <Maintainer>Michael Larabel</Maintainer>
  </TestProfile>
  <TestSettings>
    <Default>
      <Arguments>/fullscreen /nogui /no_menubar /benchmark_duration_ms=15000 /benchmark_log_score</Arguments>
    </Default>
    <Option>
      <DisplayName>Resolution</DisplayName>
      <Identifier>auto-resolution</Identifier>
      <Menu>
        <Entry>
          <Name>$VIDEO_WIDTH x $VIDEO_HEIGHT</Name>
          <Value>/width=$VIDEO_WIDTH /height=$VIDEO_HEIGHT</Value>
        </Entry>
      </Menu>
    </Option>
    <Option>
      <DisplayName>Test</DisplayName>
      <Identifier>test</Identifier>
      <ArgumentPrefix>/test=</ArgumentPrefix>
      <Menu>
        <Entry>
          <Name>GL2 AntTweakBar</Name>
          <Value>/demofile=\"./demos/AntTweakBar/demo_gl2.xml\"</Value>
        </Entry>
        <Entry>
          <Name>GL2 Cell Shading</Name>
          <Value>/demofile=\"./demos/gl21-cell-shading/main.xml\"</Value>
        </Entry>
        <Entry>
          <Name>GL2 Noise Animation Electric</Name>
          <Value>/demofile=\"./demos/shadertoy/gl21-noise-animation-electric.xml\"</Value>
        </Entry>
        <Entry>
          <Name>GL2 Tunnel Beauty</Name>
          <Value>/demofile=\"./demos/shadertoy/gl21-tunnel-beauty-8.xml\"</Value>
        </Entry>
        <Entry>
          <Name>GL2 Hot Tunnel DNA</Name>
          <Value>/demofile=\"./demos/shadertoy/gl21-hot-tunnel-dna.xml\"</Value>
        </Entry>
        <Entry>
          <Name>GL3 Mesh Exploder</Name>
          <Value>/demofile=\"./demos/gl32-arb-gs-mesh-exploder/main.xml\"</Value>
        </Entry>
        <Entry>
          <Name>GL3 Vertex Pool</Name>
          <Value>/demofile=\"./demos/vertex-pool/demo_gl3_sphere.xml\"</Value>
        </Entry>
      </Menu>
    </Option>
  </TestSettings>
</PhoronixTestSuite>
