<?xml version="1.0"?>
<!--Phoronix Test Suite v10.0.0m2-->
<PhoronixTestSuite>
  <TestInformation>
    <Title>LibRaw</Title>
    <AppVersion>0.20</AppVersion>
    <Description>LibRaw is a RAW image decoder for digital camera photos. This test profile runs LibRaw's post-processing benchmark.</Description>
    <ResultScale>Mpix/sec</ResultScale>
    <Proportion>HIB</Proportion>
    <SubTitle>Post-Processing Benchmark</SubTitle>
    <TimesToRun>3</TimesToRun>
  </TestInformation>
  <TestProfile>
    <Version>1.0.0</Version>
    <SupportedPlatforms>Linux, MacOSX, BSD, Windows</SupportedPlatforms>
    <SoftwareType>Utility</SoftwareType>
    <TestType>Processor</TestType>
    <License>Free</License>
    <Status>Verified</Status>
    <ExternalDependencies>build-utilities</ExternalDependencies>
    <EnvironmentSize>86</EnvironmentSize>
    <ProjectURL>https://www.libraw.org/</ProjectURL>
    <Maintainer>Michael Larabel</Maintainer>
  </TestProfile>
</PhoronixTestSuite>
