<?xml version="1.0"?>
<!--Phoronix Test Suite v10.2.0m1-->
<PhoronixTestSuite>
  <TestInformation>
    <Title>Betsy GPU Compressor</Title>
    <AppVersion>1.1 Beta</AppVersion>
    <Description>Betsy is an open-source GPU compressor of various GPU compression techniques. Betsy is written in GLSL for Vulkan/OpenGL (compute shader) support for GPU-based texture compression.</Description>
    <ResultScale>Seconds</ResultScale>
    <Proportion>LIB</Proportion>
    <TimesToRun>3</TimesToRun>
  </TestInformation>
  <TestProfile>
    <Version>1.0.0</Version>
    <SupportedPlatforms>Linux</SupportedPlatforms>
    <SoftwareType>Benchmark</SoftwareType>
    <TestType>Graphics</TestType>
    <License>Free</License>
    <Status>Verified</Status>
    <ExternalDependencies>build-utilities, sdl2-development, cmake, meson</ExternalDependencies>
    <RequiresDisplay>TRUE</RequiresDisplay>
    <EnvironmentSize>75</EnvironmentSize>
    <ProjectURL>https://github.com/darksylinc/betsy</ProjectURL>
    <Maintainer>Michael Larabel</Maintainer>
  </TestProfile>
  <TestSettings>
    <Option>
      <DisplayName>Codec</DisplayName>
      <Identifier>codec</Identifier>
      <ArgumentPrefix>--codec=</ArgumentPrefix>
      <Menu>
        <Entry>
          <Name>ETC1</Name>
          <Value>etc1</Value>
        </Entry>
        <Entry>
          <Name>ETC2 RGB</Name>
          <Value>etc2_rgb</Value>
        </Entry>
      </Menu>
    </Option>
    <Option>
      <DisplayName>Quality</DisplayName>
      <Identifier>quality</Identifier>
      <ArgumentPrefix>--quality=</ArgumentPrefix>
      <Menu>
        <Entry>
          <Name>Highest</Name>
          <Value>2</Value>
        </Entry>
      </Menu>
    </Option>
  </TestSettings>
</PhoronixTestSuite>
