<?xml version="1.0"?>
<!--Phoronix Test Suite v10.0.0m2-->
<PhoronixTestSuite>
  <TestInformation>
    <Title>Caffe</Title>
    <AppVersion>2020-02-13</AppVersion>
    <Description>This is a benchmark of the Caffe deep learning framework and currently supports the AlexNet and Googlenet model and execution on both CPUs and NVIDIA GPUs.</Description>
    <ResultScale>Milli-Seconds</ResultScale>
    <Proportion>LIB</Proportion>
    <TimesToRun>3</TimesToRun>
  </TestInformation>
  <TestProfile>
    <Version>1.5.0</Version>
    <SupportedPlatforms>Linux</SupportedPlatforms>
    <SoftwareType>Scientific</SoftwareType>
    <TestType>System</TestType>
    <License>Free</License>
    <Status>Verified</Status>
    <ExternalDependencies>build-utilities, cuda, cmake, python, blas-development, boost-development, atlas-development, snappy, gflags, opencv, hdf5</ExternalDependencies>
    <EnvironmentSize>134</EnvironmentSize>
    <ProjectURL>http://caffe.berkeleyvision.org/</ProjectURL>
    <InternalTags>CUDA, SMP</InternalTags>
    <Maintainer>Michael Larabel</Maintainer>
    <SystemDependencies>google/protobuf/any.h, protoc, leveldb/c.h, glog/logging.h, liblmdb.so</SystemDependencies>
  </TestProfile>
  <TestSettings>
    <Option>
      <DisplayName>Model</DisplayName>
      <Identifier>model</Identifier>
      <ArgumentPrefix>--model=../models/</ArgumentPrefix>
      <Menu>
        <Entry>
          <Name>AlexNet</Name>
          <Value>bvlc_alexnet/deploy.prototxt</Value>
        </Entry>
        <Entry>
          <Name>GoogleNet</Name>
          <Value>bvlc_googlenet/deploy.prototxt</Value>
        </Entry>
      </Menu>
    </Option>
    <Option>
      <DisplayName>Acceleration</DisplayName>
      <Identifier>accel</Identifier>
      <Menu>
        <Entry>
          <Name>NVIDIA CUDA </Name>
          <Value>-gpu all</Value>
        </Entry>
        <Entry>
          <Name>CPU</Name>
        </Entry>
      </Menu>
    </Option>
    <Option>
      <DisplayName>Iterations</DisplayName>
      <Identifier>iterations</Identifier>
      <ArgumentPrefix>-iterations </ArgumentPrefix>
      <Menu>
        <Entry>
          <Name>100</Name>
          <Value>100</Value>
        </Entry>
        <Entry>
          <Name>200</Name>
          <Value>200</Value>
        </Entry>
        <Entry>
          <Name>1000</Name>
          <Value>1000</Value>
        </Entry>
      </Menu>
    </Option>
  </TestSettings>
</PhoronixTestSuite>
