<?xml version="1.0"?>
<!--Phoronix Test Suite v7.4.0-->
<PhoronixTestSuite>
  <TestInformation>
    <Title>Cython benchmark</Title>
    <AppVersion>0.27</AppVersion>
    <Description>Stress benchmark tests to measure  time consumed by cython code</Description>
    <ResultScale>Seconds</ResultScale>
    <Proportion>LIB</Proportion>
    <TimesToRun>3</TimesToRun>
  </TestInformation>
  <TestProfile>
    <Version>1.0.0</Version>
    <SupportedPlatforms>Linux</SupportedPlatforms>
    <SoftwareType>Utility</SoftwareType>
    <TestType>Processor</TestType>
    <License>Free</License>
    <Status>Verified</Status>
    <Maintainer>Victor Rodriguez</Maintainer>
    <SystemDependencies>cython</SystemDependencies>
  </TestProfile>
</PhoronixTestSuite>
