<?xml version="1.0"?>
<!--Phoronix Test Suite v8.2.0m4-->
<PhoronixTestSuite>
  <TestInformation>
    <Title>MBW</Title>
    <AppVersion>2018-09-08</AppVersion>
    <Description>This is a basic/simple memory (RAM) bandwidth benchmark for memory copy operations.</Description>
    <ResultScale>MiB/s</ResultScale>
    <Proportion>HIB</Proportion>
    <Executable>mbw-benchmark</Executable>
    <TimesToRun>3</TimesToRun>
  </TestInformation>
  <TestProfile>
    <Version>1.0.0</Version>
    <SupportedPlatforms>Linux, BSD, MacOSX</SupportedPlatforms>
    <SoftwareType>Utility</SoftwareType>
    <TestType>Memory</TestType>
    <License>Free</License>
    <Status>Verified</Status>
    <ExternalDependencies>build-utilities</ExternalDependencies>
    <EnvironmentSize>1</EnvironmentSize>
    <ProjectURL>http://github.com/raas/mbw/</ProjectURL>
    <Maintainer>Michael Larabel</Maintainer>
  </TestProfile>
  <TestSettings>
    <Default>
      <Arguments>-n100</Arguments>
    </Default>
    <Option>
      <DisplayName>Test</DisplayName>
      <Identifier>run-test</Identifier>
      <Menu>
        <Entry>
          <Name>Memory Copy</Name>
          <Value>-t0</Value>
        </Entry>
        <Entry>
          <Name>Memory Copy, Fixed Block Size</Name>
          <Value>-t2</Value>
        </Entry>
      </Menu>
    </Option>
    <Option>
      <DisplayName>Array Size</DisplayName>
      <Identifier>array-size</Identifier>
      <Menu>
        <Entry>
          <Name>128 MiB</Name>
          <Value>128</Value>
        </Entry>
        <Entry>
          <Name>512 MiB</Name>
          <Value>512</Value>
        </Entry>
        <Entry>
          <Name>1024 MiB</Name>
          <Value>1024</Value>
        </Entry>
        <Entry>
          <Name>4096 MiB</Name>
          <Value>4096</Value>
        </Entry>
        <Entry>
          <Name>8192 MiB</Name>
          <Value>8192</Value>
        </Entry>
      </Menu>
    </Option>
  </TestSettings>
</PhoronixTestSuite>
