<?xml version="1.0"?>
<!--Phoronix Test Suite v8.6.1-->
<PhoronixTestSuite>
  <TestInformation>
    <Title>CUDA Mini-Nbody</Title>
    <AppVersion>2015-11-10</AppVersion>
    <Description>The CUDA version of Harrism's mini-nbody tests.</Description>
    <TimesToRun>3</TimesToRun>
  </TestInformation>
  <TestProfile>
    <Version>1.1.1</Version>
    <SupportedPlatforms>Linux</SupportedPlatforms>
    <SoftwareType>Benchmark</SoftwareType>
    <TestType>Graphics</TestType>
    <License>Free</License>
    <Status>Verified</Status>
    <ExternalDependencies>build-utilities, cuda</ExternalDependencies>
    <RequiresDisplay>TRUE</RequiresDisplay>
    <EnvironmentSize>1</EnvironmentSize>
    <ProjectURL>https://github.com/harrism/mini-nbody</ProjectURL>
    <InternalTags>CUDA</InternalTags>
    <Maintainer>Michael Larabel</Maintainer>
  </TestProfile>
  <TestSettings>
    <Option>
      <DisplayName>Test</DisplayName>
      <Identifier>test</Identifier>
      <Menu>
        <Entry>
          <Name>Original</Name>
          <Value>shmoo-cuda-nbody-orig.sh</Value>
        </Entry>
        <Entry>
          <Name>SOA Data Layout</Name>
          <Value>shmoo-cuda-nbody-soa.sh</Value>
        </Entry>
        <Entry>
          <Name>Flush Denormals To Zero</Name>
          <Value>shmoo-cuda-nbody-ftz.sh</Value>
        </Entry>
        <Entry>
          <Name>Cache Blocking</Name>
          <Value>shmoo-cuda-nbody-block.sh</Value>
        </Entry>
        <Entry>
          <Name>Loop Unrolling</Name>
          <Value>shmoo-cuda-nbody-unroll.sh</Value>
        </Entry>
      </Menu>
    </Option>
  </TestSettings>
</PhoronixTestSuite>
