<?xml version="1.0"?>
<!--Phoronix Test Suite v9.0.1-->
<PhoronixTestSuite>
  <TestInformation>
    <Title>OSPray</Title>
    <AppVersion>1.8.5</AppVersion>
    <Description>Intel OSPray is a portable ray-tracing engine for high-performance, high-fidenlity scientific visualizations. OSPray builds off Intel's Embree and Intel SPMD Program Compiler (ISPC) components as part of the oneAPI rendering toolkit.</Description>
    <ResultScale>FPS</ResultScale>
    <Proportion>HIB</Proportion>
    <TimesToRun>3</TimesToRun>
  </TestInformation>
  <TestProfile>
    <Version>1.0.3</Version>
    <SupportedPlatforms>Linux, Windows, MacOSX</SupportedPlatforms>
    <SoftwareType>Utility</SoftwareType>
    <TestType>Processor</TestType>
    <License>Free</License>
    <Status>Verified</Status>
    <SupportedArchitectures>x86_64</SupportedArchitectures>
    <EnvironmentSize>1400</EnvironmentSize>
    <ProjectURL>http://www.embree.org/</ProjectURL>
    <InternalTags>SMP</InternalTags>
    <Maintainer>Michael Larabel</Maintainer>
  </TestProfile>
  <TestSettings>
    <Default>
      <PostArguments> --warmup 10 --bench 200</PostArguments>
    </Default>
    <Option>
      <DisplayName>Demo</DisplayName>
      <Identifier>demo</Identifier>
      <Menu>
        <Entry>
          <Name>Magnetic Reconnection</Name>
          <Value>magnetic-512-volume/magnetic-512-volume.osp</Value>
        </Entry>
        <Entry>
          <Name>XFrog Forest</Name>
          <Value>xfrog-forest.xml</Value>
        </Entry>
        <Entry>
          <Name>NASA Streamlines</Name>
          <Value>NASA-B-field-sun.osx</Value>
        </Entry>
        <Entry>
          <Name>San Miguel</Name>
          <Value>sanm/sanm.obj -vp 22.958788 3.204613 2.712676 -vu 0.000000 1.000000 0.000000 -vi 12.364944 0.176316 4.009342 -sg:sun:intensity=4.0 -sg:sun:direction=0,-1,0 -sg:bounce:intensity=0.0 --hdri-light rnl_probe.pfm -sg:hdri:intensity=1.25</Value>
        </Entry>
      </Menu>
    </Option>
    <Option>
      <DisplayName>Renderer</DisplayName>
      <Identifier>renderer</Identifier>
      <ArgumentPrefix>--renderer </ArgumentPrefix>
      <Menu>
        <Entry>
          <Name>SciVis</Name>
          <Value>scivis</Value>
          <Message>A fast ray-tracer for scientific visualizations.</Message>
        </Entry>
        <Entry>
          <Name>Path Tracer</Name>
          <Value>pathtracer</Value>
          <Message>Supports soft shadows, indirect illumination and realistic materials.</Message>
        </Entry>
      </Menu>
    </Option>
  </TestSettings>
</PhoronixTestSuite>
