<?xml version="1.0"?>
<!--Phoronix Test Suite v7.2.0-->
<PhoronixTestSuite>
  <TestInformation>
    <Title>GLmark2</Title>
    <AppVersion>276</AppVersion>
    <Description>This is a test of Linaro's glmark2 port, currently using the X11 OpenGL 2.0 target. GLmark2 is a basic OpenGL benchmark.</Description>
    <ResultScale>Score</ResultScale>
    <Proportion>HIB</Proportion>
    <TimesToRun>1</TimesToRun>
  </TestInformation>
  <TestProfile>
    <Version>1.1.0</Version>
    <SupportedPlatforms>Linux,</SupportedPlatforms>
    <SoftwareType>Game</SoftwareType>
    <TestType>Graphics</TestType>
    <License>Free</License>
    <Status>Verified</Status>
    <ExternalDependencies>glut, libpng-development, python, jpeg-development</ExternalDependencies>
    <EnvironmentSize>59</EnvironmentSize>
    <ProjectURL>http://launchpad.net/glmark2</ProjectURL>
    <Maintainer>Michael Larabel</Maintainer>
  </TestProfile>
  <TestSettings>
    <Default>
      <Arguments>--annotate</Arguments>
    </Default>
    <Option>
      <DisplayName>Resolution</DisplayName>
      <Identifier>auto-resolution</Identifier>
      <ArgumentPrefix></ArgumentPrefix>
      <ArgumentPostfix></ArgumentPostfix>
      <DefaultEntry>0</DefaultEntry>
      <Menu>
        <Entry>
          <Name>$VIDEO_WIDTH x $VIDEO_HEIGHT</Name>
          <Value>-s $VIDEO_WIDTHx$VIDEO_HEIGHT</Value>
          <Message></Message>
        </Entry>
      </Menu>
    </Option>
  </TestSettings>
</PhoronixTestSuite>
