<?xml version="1.0"?>
<!--Phoronix Test Suite v10.0.0m1-->
<PhoronixTestSuite>
  <TestInformation>
    <Title>GROMACS</Title>
    <AppVersion>2020.3</AppVersion>
    <Description>The CUDA version of the Gromacs molecular dynamics package.</Description>
    <ResultScale>Ns Per Day</ResultScale>
    <Proportion>HIB</Proportion>
    <SubTitle>Water Benchmark</SubTitle>
    <TimesToRun>3</TimesToRun>
  </TestInformation>
  <TestProfile>
    <Version>1.1.0</Version>
    <SupportedPlatforms>Linux</SupportedPlatforms>
    <SoftwareType>Benchmark</SoftwareType>
    <TestType>Graphics</TestType>
    <License>Free</License>
    <Status>Verified</Status>
    <ExternalDependencies>build-utilities, cuda, cmake</ExternalDependencies>
    <EnvironmentSize>1100</EnvironmentSize>
    <ProjectURL>http://www.gromacs.org/</ProjectURL>
    <InternalTags>CUDA</InternalTags>
    <Maintainer>Michael Larabel</Maintainer>
  </TestProfile>
</PhoronixTestSuite>
