<?xml version="1.0"?>
<!--Phoronix Test Suite v10.4.0m1-->
<PhoronixTestSuite>
  <TestInformation>
    <Title>ViennaCL</Title>
    <AppVersion>1.7.1</AppVersion>
    <Description>ViennaCL is an open-source linear algebra library written in C++ and with support for OpenCL and OpenMP. This test profile makes use of ViennaCL's built-in benchmarks.</Description>
    <ResultScale>GFLOPS</ResultScale>
    <Proportion>HIB</Proportion>
    <TimesToRun>3</TimesToRun>
  </TestInformation>
  <TestProfile>
    <Version>1.1.0</Version>
    <SupportedPlatforms>Linux</SupportedPlatforms>
    <SoftwareType>Benchmark</SoftwareType>
    <TestType>System</TestType>
    <License>Free</License>
    <Status>Verified</Status>
    <ExternalDependencies>build-utilities, opencl, cmake</ExternalDependencies>
    <EnvironmentSize>159</EnvironmentSize>
    <ProjectURL>http://viennacl.sourceforge.net/</ProjectURL>
    <Maintainer>Michael Larabel</Maintainer>
  </TestProfile>
  <TestSettings>
    <Option>
      <DisplayName>Test</DisplayName>
      <Identifier>test</Identifier>
      <Menu>
        <Entry>
          <Name>OpenCL BLAS</Name>
          <Value>dense_blas-bench-opencl</Value>
        </Entry>
        <Entry>
          <Name>CPU BLAS</Name>
          <Value>dense_blas-bench-cpu</Value>
        </Entry>
      </Menu>
    </Option>
  </TestSettings>
</PhoronixTestSuite>
