<?xml version="1.0"?>
<!--Phoronix Test Suite v7.0.0m1-->
<PhoronixTestSuite>
  <TestInformation>
    <Title>SHOC Scalable HeterOgeneous Computing</Title>
    <AppVersion>2015-11-10</AppVersion>
    <Description>The CUDA and OpenCL version of Vetter's Scalable HeterOgeneous Computing benchmark suite.</Description>
    <Proportion>HIB</Proportion>
    <TimesToRun>3</TimesToRun>
  </TestInformation>
  <TestProfile>
    <Version>1.1.0</Version>
    <SupportedPlatforms>Linux</SupportedPlatforms>
    <SoftwareType>Benchmark</SoftwareType>
    <TestType>Graphics</TestType>
    <License>Free</License>
    <Status>Verified</Status>
    <ExternalDependencies>build-utilities, opencl, cuda, perl</ExternalDependencies>
    <EnvironmentSize>408</EnvironmentSize>
    <ProjectURL>https://github.com/vetter/shoc</ProjectURL>
    <InternalTags>CUDA, OpenCL</InternalTags>
    <Maintainer>Michael Larabel</Maintainer>
  </TestProfile>
  <TestSettings>
    <Default>
      <Arguments>-s 4 </Arguments>
    </Default>
    <Option>
      <DisplayName>Target</DisplayName>
      <Identifier>target</Identifier>
      <ArgumentPrefix></ArgumentPrefix>
      <ArgumentPostfix></ArgumentPostfix>
      <DefaultEntry>0</DefaultEntry>
      <Menu>
        <Entry>
          <Name>CUDA</Name>
          <Value>-cuda</Value>
          <Message></Message>
        </Entry>
        <Entry>
          <Name>OpenCL</Name>
          <Value>-opencl</Value>
          <Message></Message>
        </Entry>
      </Menu>
    </Option>
    <Option>
      <DisplayName>Benchmark</DisplayName>
      <Identifier>benchmark</Identifier>
      <ArgumentPrefix>-benchmark </ArgumentPrefix>
      <ArgumentPostfix></ArgumentPostfix>
      <DefaultEntry>0</DefaultEntry>
      <Menu>
        <Entry>
          <Name>Bus Speed Download</Name>
          <Value>BusSpeedDownload</Value>
          <Message></Message>
        </Entry>
        <Entry>
          <Name>Bus Speed Readback</Name>
          <Value>BusSpeedReadback</Value>
          <Message></Message>
        </Entry>
        <Entry>
          <Name>Max SP Flops</Name>
          <Value>MaxFlops</Value>
          <Message></Message>
        </Entry>
        <Entry>
          <Name>Texture Read Bandwidth</Name>
          <Value>DeviceMemory</Value>
          <Message></Message>
        </Entry>
        <Entry>
          <Name>FFT SP</Name>
          <Value>FFT</Value>
          <Message></Message>
        </Entry>
        <Entry>
          <Name>MD5 Hash</Name>
          <Value>MD5Hash</Value>
          <Message></Message>
        </Entry>
        <Entry>
          <Name>Triad</Name>
          <Value>Triad</Value>
          <Message></Message>
        </Entry>
      </Menu>
    </Option>
  </TestSettings>
</PhoronixTestSuite>
