<?xml version="1.0"?>
<!--Phoronix Test Suite v7.2.0m1-->
<PhoronixTestSuite>
  <TestInformation>
    <Title>Unigine Superposition</Title>
    <AppVersion>1.0</AppVersion>
    <Description>This test calculates the average frame-rate within the Valley demo for the Unigine engine, released in February 2013. This engine is extremely demanding on the system's graphics card. Unigine Valley relies upon an OpenGL GL3 Core Profile context.</Description>
    <ResultScale>Frames Per Second</ResultScale>
    <Proportion>HIB</Proportion>
    <TimesToRun>1</TimesToRun>
  </TestInformation>
  <TestProfile>
    <Version>1.0.2</Version>
    <SupportedPlatforms>Linux, Windows</SupportedPlatforms>
    <SoftwareType>Game</SoftwareType>
    <TestType>Graphics</TestType>
    <License>Non-Free</License>
    <Status>Verified</Status>
    <SupportedArchitectures>x86_64</SupportedArchitectures>
    <EnvironmentSize>540</EnvironmentSize>
    <ProjectURL>http://www.unigine.com/</ProjectURL>
    <Maintainer>Michael Larabel</Maintainer>
  </TestProfile>
  <TestSettings>
    <Option>
      <DisplayName>Resolution</DisplayName>
      <Identifier>auto-resolution</Identifier>
      <ArgumentPrefix></ArgumentPrefix>
      <ArgumentPostfix></ArgumentPostfix>
      <DefaultEntry>0</DefaultEntry>
      <Menu>
        <Entry>
          <Name>$VIDEO_WIDTH x $VIDEO_HEIGHT</Name>
          <Value>-video_width $VIDEO_WIDTH -video_height $VIDEO_HEIGHT</Value>
          <Message></Message>
        </Entry>
      </Menu>
    </Option>
    <Option>
      <DisplayName>Mode</DisplayName>
      <Identifier>mode</Identifier>
      <ArgumentPrefix></ArgumentPrefix>
      <ArgumentPostfix></ArgumentPostfix>
      <DefaultEntry>0</DefaultEntry>
      <Menu>
        <Entry>
          <Name>Fullscreen</Name>
          <Value>-video_fullscreen 1</Value>
          <Message></Message>
        </Entry>
        <Entry>
          <Name>Windowed</Name>
          <Value>-video_fullscreen 0</Value>
          <Message></Message>
        </Entry>
      </Menu>
    </Option>
    <Option>
      <DisplayName>Quality</DisplayName>
      <Identifier>quality</Identifier>
      <ArgumentPrefix></ArgumentPrefix>
      <ArgumentPostfix></ArgumentPostfix>
      <DefaultEntry>0</DefaultEntry>
      <Menu>
        <Entry>
          <Name>Low</Name>
          <Value>-shaders_quality 0 -textures_quality 0</Value>
          <Message></Message>
        </Entry>
        <Entry>
          <Name>Medium</Name>
          <Value>-shaders_quality 1 -textures_quality 1</Value>
          <Message></Message>
        </Entry>
        <Entry>
          <Name>High</Name>
          <Value>-shaders_quality 2 -textures_quality 2</Value>
          <Message></Message>
        </Entry>
        <Entry>
          <Name>Ultra</Name>
          <Value>-shaders_quality 3 -textures_quality 2</Value>
          <Message></Message>
        </Entry>
        <Entry>
          <Name>Extreme</Name>
          <Value>-shaders_quality 4 -textures_quality 2</Value>
          <Message></Message>
        </Entry>
      </Menu>
    </Option>
  </TestSettings>
</PhoronixTestSuite>
