<?xml version="1.0"?>
<!--Phoronix Test Suite v8.0.0m0-->
<PhoronixTestSuite>
  <TestInformation>
    <Title>FFTE</Title>
    <AppVersion>6.0</AppVersion>
    <Description>FFTE is a package by Daisuke Takahashi to compute Discrete Fourier Transforms of 1-, 2- and 3- dimensional sequences of length (2^p)*(3^q)*(5^r).</Description>
    <ResultScale>MFLOPS</ResultScale>
    <Proportion>HIB</Proportion>
    <TimesToRun>3</TimesToRun>
  </TestInformation>
  <TestProfile>
    <Version>1.1.0</Version>
    <SupportedPlatforms>Linux, Solaris, BSD, Windows</SupportedPlatforms>
    <SoftwareType>Scientific</SoftwareType>
    <TestType>Processor</TestType>
    <License>Free</License>
    <Status>Verified</Status>
    <ExternalDependencies>fortran-compiler, openmpi-development</ExternalDependencies>
    <EnvironmentSize>2</EnvironmentSize>
    <ProjectURL>http://www.ffte.jp/</ProjectURL>
    <Maintainer>Michael Larabel</Maintainer>
  </TestProfile>
  <TestSettings>
    <Option>
      <DisplayName>Test</DisplayName>
      <Identifier>run-test</Identifier>
      <ArgumentPrefix></ArgumentPrefix>
      <ArgumentPostfix></ArgumentPostfix>
      <DefaultEntry>0</DefaultEntry>
      <Menu>
        <Entry>
          <Name>N=256, 1D Complex FFT Routine</Name>
          <Value>echo 256; exec tests/speed1d</Value>
          <Message></Message>
        </Entry>
      </Menu>
    </Option>
  </TestSettings>
</PhoronixTestSuite>
