<?xml version="1.0"?>
<!--Phoronix Test Suite v7.6.0-->
<PhoronixTestSuite>
  <TestInformation>
    <Title>F1 2017</Title>
    <Description>F1 2017 on Steam. The test profile assumes you have a Steam account, have Steam installed for the system, and that you own a copy of this game. This automates the process of executing the game and using its built-in benchmark mode.</Description>
    <ResultScale>Frames Per Second</ResultScale>
    <Proportion>HIB</Proportion>
    <TimesToRun>3</TimesToRun>
    <PreInstallMessage>This test will attempt to install the necessary game using your Steam account. If the test appears hung you may need to manually exit the Steam client.</PreInstallMessage>
  </TestInformation>
  <TestProfile>
    <Version>1.1.1</Version>
    <SupportedPlatforms>Linux</SupportedPlatforms>
    <SoftwareType>Game</SoftwareType>
    <TestType>Graphics</TestType>
    <License>Free</License>
    <Status>Verified</Status>
    <SupportedArchitectures>x86_64</SupportedArchitectures>
    <EnvironmentSize>2</EnvironmentSize>
    <ProjectURL>http://store.steampowered.com/agecheck/app/515220/</ProjectURL>
    <Maintainer>Marc Di Luzio</Maintainer>
  </TestProfile>
  <TestSettings>
    <Option>
      <DisplayName>Resolution</DisplayName>
      <Identifier>auto-resolution</Identifier>
      <ArgumentPrefix></ArgumentPrefix>
      <ArgumentPostfix></ArgumentPostfix>
      <DefaultEntry>0</DefaultEntry>
      <Menu>
        <Entry>
          <Name>$VIDEO_WIDTH x $VIDEO_HEIGHT</Name>
          <Value>$VIDEO_WIDTH $VIDEO_HEIGHT</Value>
          <Message></Message>
        </Entry>
      </Menu>
    </Option>
    <Option>
      <DisplayName>Graphics Preset</DisplayName>
      <Identifier>graphics-preset</Identifier>
      <ArgumentPrefix></ArgumentPrefix>
      <ArgumentPostfix></ArgumentPostfix>
      <DefaultEntry>0</DefaultEntry>
      <Menu>
        <Entry>
          <Name>Ultra Low</Name>
          <Value>ultralow</Value>
          <Message></Message>
        </Entry>
        <Entry>
          <Name>Low</Name>
          <Value>low</Value>
          <Message></Message>
        </Entry>
        <Entry>
          <Name>Medium</Name>
          <Value>medium</Value>
          <Message></Message>
        </Entry>
        <Entry>
          <Name>High</Name>
          <Value>high</Value>
          <Message></Message>
        </Entry>
        <Entry>
          <Name>Ultra High</Name>
          <Value>ultrahigh</Value>
          <Message></Message>
        </Entry>
      </Menu>
    </Option>
    <Option>
      <DisplayName>Anti Aliasing</DisplayName>
      <Identifier>anti-aliasing</Identifier>
      <ArgumentPrefix></ArgumentPrefix>
      <ArgumentPostfix></ArgumentPostfix>
      <DefaultEntry>0</DefaultEntry>
      <Menu>
        <Entry>
          <Name>Off</Name>
          <Value>off</Value>
          <Message></Message>
        </Entry>
        <Entry>
          <Name>TAA Checkerboard</Name>
          <Value>taa+checkerboard</Value>
          <Message></Message>
        </Entry>
        <Entry>
          <Name>TAA</Name>
          <Value>taa</Value>
          <Message></Message>
        </Entry>
      </Menu>
    </Option>
  </TestSettings>
</PhoronixTestSuite>
