<?xml version="1.0"?>
<!--Phoronix Test Suite v6.2.0m4-->
<PhoronixTestSuite>
  <TestInformation>
    <Title>Timed Eigen Compilation</Title>
    <AppVersion>2.10.0</AppVersion>
    <Description>This test times how long it takes to build all Eigen examples.</Description>
    <ResultScale>Seconds</ResultScale>
    <Proportion>LIB</Proportion>
    <SubTitle>Time To Compile</SubTitle>
    <TimesToRun>1</TimesToRun>
  </TestInformation>
  <TestProfile>
    <Version>1.0.0</Version>
    <SupportedPlatforms>Linux</SupportedPlatforms>
    <SoftwareType>Utility</SoftwareType>
    <TestType>Processor</TestType>
    <License>Free</License>
    <ExternalDependencies>build-utilities</ExternalDependencies>
    <EnvironmentSize>134</EnvironmentSize>
    <ProjectURL>http://eigen.tuxfamily.org/index.php?title=Main_Page</ProjectURL>
    <Maintainer>Tzafrir Poupko</Maintainer>
  </TestProfile>
</PhoronixTestSuite>
