<?xml version="1.0"?>
<!--Phoronix Test Suite v9.2.0m1-->
<PhoronixTestSuite>
  <TestInformation>
    <Title>miniFE</Title>
    <AppVersion>2.2</AppVersion>
    <Description>MiniFE Finite Element is an application for unstructured implicit finite element codes.</Description>
    <ResultScale>CG Mflops</ResultScale>
    <Proportion>HIB</Proportion>
    <TimesToRun>3</TimesToRun>
  </TestInformation>
  <TestProfile>
    <Version>1.0.0</Version>
    <SupportedPlatforms>Linux</SupportedPlatforms>
    <SoftwareType>Benchmark</SoftwareType>
    <TestType>Processor</TestType>
    <License>Free</License>
    <Status>Verified</Status>
    <ExternalDependencies>build-utilities, openmpi-development</ExternalDependencies>
    <EnvironmentSize>16</EnvironmentSize>
    <ProjectURL>https://github.com/Mantevo/miniFE</ProjectURL>
    <InternalTags>SMP, OpenMP</InternalTags>
    <Maintainer>Michael Larabel</Maintainer>
  </TestProfile>
  <TestSettings>
    <Option>
      <DisplayName>Problem Size</DisplayName>
      <Identifier>size</Identifier>
      <Menu>
        <Entry>
          <Name>Small</Name>
          <Value>-&#x2010;nx 264 --ny 256 -&#x2010;nz 256</Value>
        </Entry>
        <Entry>
          <Name>Medium</Name>
          <Value>-&#x2010;nx 2112 --ny 2048 -&#x2010;nz 2048</Value>
        </Entry>
        <Entry>
          <Name>Large</Name>
          <Value>-&#x2010;nx 4224 --ny 4096 -&#x2010;nz 4096</Value>
        </Entry>
      </Menu>
    </Option>
  </TestSettings>
</PhoronixTestSuite>
