<?xml version="1.0"?>
<!--Phoronix Test Suite v7.4.0m1-->
<PhoronixTestSuite>
  <TestInformation>
    <Title>Xsbench</Title>
    <AppVersion>2017-07-06</AppVersion>
    <Description>XSBench is a mini-app representing a key computational kernel of the Monte Carlo neutronics application OpenMC.</Description>
    <ResultScale>Lookups/s</ResultScale>
    <Proportion>HIB</Proportion>
    <TimesToRun>3</TimesToRun>
  </TestInformation>
  <TestProfile>
    <Version>1.0.0</Version>
    <SupportedPlatforms>Linux</SupportedPlatforms>
    <SoftwareType>Utility</SoftwareType>
    <TestType>System</TestType>
    <License>Free</License>
    <Status>Verified</Status>
    <ExternalDependencies>build-utilities</ExternalDependencies>
    <EnvironmentSize>6</EnvironmentSize>
    <ProjectURL>https://github.com/ANL-CESAR/XSBench</ProjectURL>
    <InternalTags>OpenMPI, SMP</InternalTags>
    <Maintainer>Michael Larabel</Maintainer>
  </TestProfile>
</PhoronixTestSuite>
