<?xml version="1.0"?>
<!--Phoronix Test Suite v9.6.0-->
<PhoronixTestSuite>
  <TestInformation>
    <Title>Renaissance</Title>
    <AppVersion>0.10.0</AppVersion>
    <Description>Renaissance is a suite of benchmarks designed to test the Java JVM from Apache Spark to a Twitter-like service to Scala and other features.</Description>
    <ResultScale>ms</ResultScale>
    <Proportion>LIB</Proportion>
    <TimesToRun>5</TimesToRun>
  </TestInformation>
  <TestProfile>
    <Version>1.1.1</Version>
    <SupportedPlatforms>Linux, Solaris, BSD, MacOSX, Windows</SupportedPlatforms>
    <SoftwareType>Utility</SoftwareType>
    <TestType>Processor</TestType>
    <License>Free</License>
    <Status>Verified</Status>
    <ExternalDependencies>java</ExternalDependencies>
    <EnvironmentSize>415</EnvironmentSize>
    <ProjectURL>https://renaissance.dev/</ProjectURL>
    <InternalTags>Java</InternalTags>
    <Maintainer>Michael Larabel</Maintainer>
  </TestProfile>
  <TestSettings>
    <Default>
      <Arguments> </Arguments>
    </Default>
    <Option>
      <DisplayName>Test</DisplayName>
      <Identifier>test</Identifier>
      <Menu>
        <Entry>
          <Name>Akka Unbalanced Cobwebbed Tree</Name>
          <Value>akka-uct</Value>
          <Message>Runs the Unbalanced Cobwebbed Tree actor workload in Akka.</Message>
        </Entry>
        <Entry>
          <Name>Savina Reactors.IO</Name>
          <Value>reactors</Value>
          <Message>Runs benchmarks inspired by the Savina microbenchmark workloads in a sequence on Reactors.IO.</Message>
        </Entry>
        <Entry>
          <Name>Apache Spark ALS</Name>
          <Value>als</Value>
          <Message>Runs the ALS algorithm from the Spark MLlib.</Message>
        </Entry>
        <Entry>
          <Name>Random Forest</Name>
          <Value>dec-tree</Value>
          <Message>Runs the Random Forest algorithm from Spark MLlib.</Message>
        </Entry>
        <Entry>
          <Name>Apache Spark Bayes</Name>
          <Value>naive-bayes</Value>
          <Message>Runs the multinomial naive Bayes algorithm from the Spark MLlib.</Message>
        </Entry>
        <Entry>
          <Name>Apache Spark PageRank</Name>
          <Value>page-rank</Value>
          <Message>Runs a number of PageRank iterations, using RDDs.</Message>
        </Entry>
        <Entry>
          <Name>In-Memory Database Shootout</Name>
          <Value>db-shootout</Value>
          <Message>Executes a shootout test using several in-memory databases.</Message>
        </Entry>
        <Entry>
          <Name>Scala Dotty</Name>
          <Value>dotty</Value>
          <Message>Runs the Random Forest algorithm from Spark MLlib.</Message>
        </Entry>
        <Entry>
          <Name>Twitter HTTP Requests</Name>
          <Value>finagle-http</Value>
          <Message>Sends many small Finagle HTTP requests to a Finagle HTTP server and awaits response.</Message>
        </Entry>
        <Entry>
          <Name>Genetic Algorithm Using Jenetics + Futures</Name>
          <Value>future-genetic</Value>
          <Message>Runs a genetic algorithm using the Jenetics library and futures.</Message>
        </Entry>
      </Menu>
    </Option>
  </TestSettings>
</PhoronixTestSuite>
