<?xml version="1.0"?>
<!--Phoronix Test Suite v8.0.0m0-->
<PhoronixTestSuite>
  <TestInformation>
    <Title>GpuTest</Title>
    <AppVersion>0.7.0</AppVersion>
    <Description>GpuTest is a cross-platform OpenGL benchmark developed at Geeks3D.com that offers tech demos such as FurMark, TessMark, and other workloads to stress various areas of GPUs and drivers.</Description>
    <ResultScale>Points</ResultScale>
    <Proportion>HIB</Proportion>
    <TimesToRun>3</TimesToRun>
  </TestInformation>
  <TestProfile>
    <Version>1.3.2</Version>
    <SupportedPlatforms>Linux, Windows</SupportedPlatforms>
    <SoftwareType>Utility</SoftwareType>
    <TestType>Graphics</TestType>
    <License>Non-Free</License>
    <Status>Verified</Status>
    <SupportedArchitectures>x86_64</SupportedArchitectures>
    <EnvironmentSize>3</EnvironmentSize>
    <ProjectURL>http://www.geeks3d.com/gputest/</ProjectURL>
    <Maintainer>Michael Larabel</Maintainer>
  </TestProfile>
  <TestSettings>
    <Default>
      <Arguments>/benchmark /no_scorebox /disable_opengl_support_check</Arguments>
    </Default>
    <Option>
      <DisplayName>Test</DisplayName>
      <Identifier>test</Identifier>
      <ArgumentPrefix>/test=</ArgumentPrefix>
      <ArgumentPostfix></ArgumentPostfix>
      <DefaultEntry>0</DefaultEntry>
      <Menu>
        <Entry>
          <Name>Furmark</Name>
          <Value>fur</Value>
          <Message></Message>
        </Entry>
        <Entry>
          <Name>TessMark</Name>
          <Value>tess_x64</Value>
          <Message></Message>
        </Entry>
        <Entry>
          <Name>GiMark</Name>
          <Value>gi</Value>
          <Message></Message>
        </Entry>
        <Entry>
          <Name>Pixmark Piano</Name>
          <Value>pixmark_piano</Value>
          <Message></Message>
        </Entry>
        <Entry>
          <Name>Pixmark Volplosion</Name>
          <Value>pixmark_volplosion</Value>
          <Message></Message>
        </Entry>
        <Entry>
          <Name>Triangle</Name>
          <Value>triangle</Value>
          <Message></Message>
        </Entry>
        <Entry>
          <Name>Plot3D</Name>
          <Value>plot3d</Value>
          <Message></Message>
        </Entry>
      </Menu>
    </Option>
    <Option>
      <DisplayName>Resolution</DisplayName>
      <Identifier>auto-resolution</Identifier>
      <ArgumentPrefix></ArgumentPrefix>
      <ArgumentPostfix></ArgumentPostfix>
      <DefaultEntry>0</DefaultEntry>
      <Menu>
        <Entry>
          <Name>$VIDEO_WIDTH x $VIDEO_HEIGHT</Name>
          <Value>/width=$VIDEO_WIDTH /height=$VIDEO_HEIGHT</Value>
          <Message></Message>
        </Entry>
      </Menu>
    </Option>
    <Option>
      <DisplayName>Mode</DisplayName>
      <Identifier>mode</Identifier>
      <ArgumentPrefix></ArgumentPrefix>
      <ArgumentPostfix></ArgumentPostfix>
      <DefaultEntry>0</DefaultEntry>
      <Menu>
        <Entry>
          <Name>Fullscreen</Name>
          <Value>/fullscreen</Value>
          <Message></Message>
        </Entry>
        <Entry>
          <Name>Windowed</Name>
          <Value></Value>
          <Message></Message>
        </Entry>
      </Menu>
    </Option>
  </TestSettings>
</PhoronixTestSuite>
