<?xml version="1.0"?>
<!--Phoronix Test Suite v9.2.1-->
<PhoronixTestSuite>
  <TestInformation>
    <Title>PyPerformance</Title>
    <AppVersion>1.0.0</AppVersion>
    <Description>PyPerformance is the reference Python performance benchmark suite.</Description>
    <ResultScale>Milliseconds</ResultScale>
    <Proportion>LIB</Proportion>
    <TimesToRun>3</TimesToRun>
  </TestInformation>
  <TestProfile>
    <Version>1.0.1</Version>
    <SupportedPlatforms>Linux, Solaris, MacOSX, BSD</SupportedPlatforms>
    <SoftwareType>Utility</SoftwareType>
    <TestType>System</TestType>
    <License>Free</License>
    <Status>Verified</Status>
    <ExternalDependencies>python</ExternalDependencies>
    <EnvironmentSize>140</EnvironmentSize>
    <ProjectURL>https://pyperformance.readthedocs.io/</ProjectURL>
    <InternalTags>Python</InternalTags>
    <Maintainer>Michael Larabel</Maintainer>
  </TestProfile>
  <TestSettings>
    <Default>
      <Arguments>-r -b </Arguments>
    </Default>
    <Option>
      <DisplayName>Benchmark</DisplayName>
      <Identifier>run-test</Identifier>
      <Menu>
        <Entry>
          <Name>2to3</Name>
          <Value>2to3</Value>
        </Entry>
        <Entry>
          <Name>chaos</Name>
          <Value>chaos</Value>
        </Entry>
        <Entry>
          <Name>crypto_pyaes</Name>
          <Value>crypto_pyaes</Value>
        </Entry>
        <Entry>
          <Name>django_template</Name>
          <Value>django_template</Value>
        </Entry>
        <Entry>
          <Name>float</Name>
          <Value>float</Value>
        </Entry>
        <Entry>
          <Name>go</Name>
          <Value>go</Value>
        </Entry>
        <Entry>
          <Name>json_loads</Name>
          <Value>json_loads</Value>
        </Entry>
        <Entry>
          <Name>nbody</Name>
          <Value>nbody</Value>
        </Entry>
        <Entry>
          <Name>pathlib</Name>
          <Value>pathlib</Value>
        </Entry>
        <Entry>
          <Name>pickle_pure_python</Name>
          <Value>pickle_pure_python</Value>
        </Entry>
        <Entry>
          <Name>python_startup</Name>
          <Value>python_startup</Value>
        </Entry>
        <Entry>
          <Name>raytrace</Name>
          <Value>raytrace</Value>
        </Entry>
        <Entry>
          <Name>regex_compile</Name>
          <Value>regex_compile</Value>
        </Entry>
      </Menu>
    </Option>
  </TestSettings>
</PhoronixTestSuite>
