<?xml version="1.0"?>
<!--Phoronix Test Suite v9.2.1-->
<PhoronixTestSuite>
  <TestInformation>
    <Title>Polyhedron Fortran Benchmarks</Title>
    <Description>The Fortran.uk Polyhedron Fortran Benchmarks for comparing Fortran compiler performance.</Description>
    <ResultScale>Seconds</ResultScale>
    <Proportion>LIB</Proportion>
    <TimesToRun>1</TimesToRun>
  </TestInformation>
  <TestProfile>
    <Version>1.0.1</Version>
    <SupportedPlatforms>Linux</SupportedPlatforms>
    <SoftwareType>Benchmark</SoftwareType>
    <TestType>Processor</TestType>
    <License>Free</License>
    <Status>Verified</Status>
    <ExternalDependencies>build-utilities, fortran-compiler</ExternalDependencies>
    <EnvironmentSize>203</EnvironmentSize>
    <ProjectURL>https://www.fortran.uk/</ProjectURL>
    <Maintainer>Michael Larabel</Maintainer>
  </TestProfile>
  <TestSettings>
    <Option>
      <DisplayName>Benchmark</DisplayName>
      <Identifier>run-test</Identifier>
      <Menu>
        <Entry>
          <Name>ac</Name>
          <Value>ac</Value>
        </Entry>
        <Entry>
          <Name>aermod</Name>
          <Value>aermod</Value>
        </Entry>
        <Entry>
          <Name>air</Name>
          <Value>air</Value>
        </Entry>
        <Entry>
          <Name>capacita</Name>
          <Value>capacita</Value>
        </Entry>
        <Entry>
          <Name>channel2</Name>
          <Value>channel2</Value>
        </Entry>
        <Entry>
          <Name>doduc</Name>
          <Value>doduc</Value>
        </Entry>
        <Entry>
          <Name>fatigue2</Name>
          <Value>fatigue2</Value>
        </Entry>
        <Entry>
          <Name>gas_dyn2</Name>
          <Value>gas_dyn2</Value>
        </Entry>
        <Entry>
          <Name>induct2</Name>
          <Value>induct2</Value>
        </Entry>
        <Entry>
          <Name>linpk</Name>
          <Value>linpk</Value>
        </Entry>
        <Entry>
          <Name>mdbx</Name>
          <Value>mdbx</Value>
        </Entry>
        <Entry>
          <Name>mp_prop_design</Name>
          <Value>mp_prop_design</Value>
        </Entry>
        <Entry>
          <Name>protein</Name>
          <Value>protein</Value>
        </Entry>
        <Entry>
          <Name>rnflow</Name>
          <Value>rnflow</Value>
        </Entry>
        <Entry>
          <Name>test_fpu2</Name>
          <Value>test_fpu2</Value>
        </Entry>
        <Entry>
          <Name>tfft2</Name>
          <Value>tfft2</Value>
        </Entry>
      </Menu>
    </Option>
  </TestSettings>
</PhoronixTestSuite>
