<?xml version="1.0"?>
<!--Phoronix Test Suite v9.6.0m0-->
<PhoronixTestSuite>
  <TestInformation>
    <Title>Nettle</Title>
    <AppVersion>3.5.1</AppVersion>
    <Description>GNU Nettle is a low-level cryptographic library.</Description>
    <ResultScale>Mbyte/s</ResultScale>
    <Proportion>HIB</Proportion>
    <TimesToRun>3</TimesToRun>
  </TestInformation>
  <TestProfile>
    <Version>1.0.1</Version>
    <SupportedPlatforms>Linux</SupportedPlatforms>
    <SoftwareType>Utility</SoftwareType>
    <TestType>Processor</TestType>
    <License>Free</License>
    <Status>Verified</Status>
    <ExternalDependencies>build-utilities, openssl-development</ExternalDependencies>
    <EnvironmentSize>103</EnvironmentSize>
    <ProjectURL>https://www.lysator.liu.se/~nisse/nettle/</ProjectURL>
    <Maintainer>Michael Larabel</Maintainer>
  </TestProfile>
  <TestSettings>
    <Option>
      <DisplayName>Test</DisplayName>
      <Identifier>run-test</Identifier>
      <Menu>
        <Entry>
          <Name>sha512</Name>
          <Value>sha512</Value>
        </Entry>
        <Entry>
          <Name>poly1305-aes</Name>
          <Value>poly1305-aes</Value>
        </Entry>
        <Entry>
          <Name>aes256</Name>
          <Value>aes256</Value>
        </Entry>
        <Entry>
          <Name>chacha</Name>
          <Value>chacha</Value>
        </Entry>
      </Menu>
    </Option>
  </TestSettings>
</PhoronixTestSuite>
