<?xml version="1.0"?>
<!--Phoronix Test Suite v10.4.0m1-->
<PhoronixTestSuite>
  <TestInformation>
    <Title>libjpeg-turbo tjbench</Title>
    <AppVersion>2.1.0</AppVersion>
    <Description>tjbench is a JPEG decompression/compression benchmark that is part of libjpeg-turbo, a JPEG image codec library optimized for SIMD instructions on modern CPU architectures.</Description>
    <ResultScale>Megapixels/sec</ResultScale>
    <Proportion>HIB</Proportion>
    <TimesToRun>3</TimesToRun>
  </TestInformation>
  <TestProfile>
    <Version>1.2.0</Version>
    <SupportedPlatforms>Linux, Solaris, BSD, MacOSX, Windows</SupportedPlatforms>
    <SoftwareType>Benchmark</SoftwareType>
    <TestType>System</TestType>
    <License>Free</License>
    <Status>Verified</Status>
    <ExternalDependencies>build-utilities, yasm, cmake</ExternalDependencies>
    <EnvironmentSize>48</EnvironmentSize>
    <ProjectURL>https://libjpeg-turbo.org/</ProjectURL>
    <Maintainer>Michael Larabel</Maintainer>
  </TestProfile>
  <TestSettings>
    <Option>
      <DisplayName>Test</DisplayName>
      <Identifier>test</Identifier>
      <Menu>
        <Entry>
          <Name>Decompression Throughput</Name>
          <Value>decompression-throughput</Value>
        </Entry>
      </Menu>
    </Option>
  </TestSettings>
</PhoronixTestSuite>
