<?xml version="1.0"?>
<!--Phoronix Test Suite v9.0.1-->
<PhoronixTestSuite>
  <TestInformation>
    <Title>PostgreSQL pgbench</Title>
    <AppVersion>12.0</AppVersion>
    <Description>This is a simple benchmark of PostgreSQL using pgbench.</Description>
    <ResultScale>TPS</ResultScale>
    <Proportion>HIB</Proportion>
    <Executable>pgbench</Executable>
    <TimesToRun>3</TimesToRun>
  </TestInformation>
  <TestProfile>
    <Version>1.9.1</Version>
    <SupportedPlatforms>Linux, MacOSX, BSD, Solaris, Windows</SupportedPlatforms>
    <SoftwareType>Benchmark</SoftwareType>
    <TestType>System</TestType>
    <License>Free</License>
    <Status>Verified</Status>
    <ExternalDependencies>build-utilities, bc</ExternalDependencies>
    <EnvironmentSize>1000</EnvironmentSize>
    <ProjectURL>http://www.postgresql.org/</ProjectURL>
    <InternalTags>SMP</InternalTags>
    <Maintainer>Michael Larabel</Maintainer>
  </TestProfile>
  <TestSettings>
    <Option>
      <DisplayName>Scaling</DisplayName>
      <Identifier>scaling-factor</Identifier>
      <Menu>
        <Entry>
          <Name>Buffer Test</Name>
          <Value>BUFFER_TEST</Value>
        </Entry>
        <Entry>
          <Name>Mostly RAM</Name>
          <Value>MOSTLY_CACHE</Value>
        </Entry>
        <Entry>
          <Name>On-Disk</Name>
          <Value>ON_DISK</Value>
        </Entry>
      </Menu>
    </Option>
    <Option>
      <DisplayName>Test</DisplayName>
      <Identifier>run-test</Identifier>
      <Menu>
        <Entry>
          <Name>Single Thread</Name>
          <Value>SINGLE_THREAD</Value>
        </Entry>
        <Entry>
          <Name>Normal Load</Name>
          <Value>NORMAL_LOAD</Value>
        </Entry>
        <Entry>
          <Name>Heavy Contention</Name>
          <Value>HEAVY_CONTENTION</Value>
        </Entry>
      </Menu>
    </Option>
    <Option>
      <DisplayName>Mode</DisplayName>
      <Identifier>run-mode</Identifier>
      <Menu>
        <Entry>
          <Name>Read Write</Name>
          <Value>READ_WRITE</Value>
        </Entry>
        <Entry>
          <Name>Read Only</Name>
          <Value>READ_ONLY</Value>
        </Entry>
      </Menu>
    </Option>
  </TestSettings>
</PhoronixTestSuite>
