<?xml version="1.0"?>
<!--Phoronix Test Suite v10.2.2-->
<PhoronixTestSuite>
  <TestInformation>
    <Title>Qmlbench</Title>
    <AppVersion>2021-03-02</AppVersion>
    <Description>This test runs various micro-benchmarks of Qt5 QML.</Description>
    <ResultScale>Frames</ResultScale>
    <Proportion>HIB</Proportion>
    <TimesToRun>3</TimesToRun>
  </TestInformation>
  <TestProfile>
    <Version>1.1.0</Version>
    <SupportedPlatforms>Linux, BSD, MacOSX</SupportedPlatforms>
    <SoftwareType>Utility</SoftwareType>
    <TestType>System</TestType>
    <License>Free</License>
    <Status>Verified</Status>
    <ExternalDependencies>build-utilities, qt5-development</ExternalDependencies>
    <EnvironmentSize>12</EnvironmentSize>
    <ProjectURL>https://code.qt.io/cgit/qt-labs/qmlbench.git/</ProjectURL>
    <Maintainer>Michael Larabel</Maintainer>
  </TestProfile>
  <TestSettings>
    <Option>
      <DisplayName>Resolution</DisplayName>
      <Identifier>auto-resolution</Identifier>
      <Menu>
        <Entry>
          <Name>$VIDEO_WIDTH x $VIDEO_HEIGHT</Name>
          <Value>--width $VIDEO_WIDTH --height $VIDEO_HEIGHT</Value>
        </Entry>
      </Menu>
    </Option>
    <Option>
      <DisplayName>Test</DisplayName>
      <Identifier>test</Identifier>
      <Menu>
        <Entry>
          <Name>Moving Images Animations</Name>
          <Value>benchmarks/auto/animations/comparison/moving-images-animations.qml</Value>
        </Entry>
        <Entry>
          <Name>Canvas Text Simple</Name>
          <Value>benchmarks/auto/canvas/canvas_text_simple.qml</Value>
        </Entry>
        <Entry>
          <Name>Changing Over Isolated</Name>
          <Value>benchmarks/auto/changes/changing_over_isolated.qml</Value>
        </Entry>
        <Entry>
          <Name>Creation Delegates Flow</Name>
          <Value>benchmarks/auto/creation/layouts/delegates_flow.qml</Value>
        </Entry>
        <Entry>
          <Name>Fib10</Name>
          <Value>benchmarks/auto/js/fib10.qml</Value>
        </Entry>
        <Entry>
          <Name>Delegates Canvas FBO Threaded</Name>
          <Value>benchmarks/auto/creation/quick.canvas/delegates_canvas_fbo_threaded.qml</Value>
        </Entry>
        <Entry>
          <Name>Delegates Canvas FBO Threaded</Name>
          <Value>benchmarks/auto/creation/quick.transforms/delegates_item_scaled.qml</Value>
        </Entry>
      </Menu>
    </Option>
  </TestSettings>
</PhoronixTestSuite>
