<?xml version="1.0"?>
<!--Phoronix Test Suite v10.2.0m2-->
<PhoronixTestSuite>
  <TestInformation>
    <Title>Timed Eigen Compilation</Title>
    <AppVersion>3.3.9</AppVersion>
    <Description>This test times how long it takes to build all Eigen examples. The Eigen examples are compiled serially. Eigen is a C++ template library for linear algebra.</Description>
    <ResultScale>Seconds</ResultScale>
    <Proportion>LIB</Proportion>
    <SubTitle>Time To Compile</SubTitle>
    <TimesToRun>3</TimesToRun>
  </TestInformation>
  <TestProfile>
    <Version>1.1.0</Version>
    <SupportedPlatforms>Linux, MacOSX, BSD</SupportedPlatforms>
    <SoftwareType>Utility</SoftwareType>
    <TestType>Processor</TestType>
    <License>Free</License>
    <ExternalDependencies>build-utilities</ExternalDependencies>
    <EnvironmentSize>15</EnvironmentSize>
    <ProjectURL>http://eigen.tuxfamily.org/index.php?title=Main_Page</ProjectURL>
    <Maintainer>Tzafrir Poupko</Maintainer>
  </TestProfile>
</PhoronixTestSuite>
