<?xml version="1.0"?>
<!--Phoronix Test Suite v5.4.0m6 (Lipki)-->
<PhoronixTestSuite>
  <TestInformation>
    <Title>FLAC Audio Encoding</Title>
    <AppVersion>1.3.1</AppVersion>
    <Description>This test times how long it takes to encode a sample WAV file to FLAC format three times.</Description>
    <SubTitle>WAV To FLAC</SubTitle>
  </TestInformation>
  <TestProfile>
    <Version>1.5.0</Version>
    <SupportedPlatforms>Linux, MacOSX, BSD, Solaris</SupportedPlatforms>
    <SoftwareType>Utility</SoftwareType>
    <Extends>pts/timed-audio-encode</Extends>
    <ProjectURL>http://xiph.org/flac/</ProjectURL>
    <Maintainer>Michael Larabel</Maintainer>
  </TestProfile>
</PhoronixTestSuite>
