<?xml version="1.0"?>
<!--Phoronix Test Suite v10.4.0m1-->
<PhoronixTestSuite>
  <TestInformation>
    <Title>Timed LLVM Compilation</Title>
    <AppVersion>12.0</AppVersion>
    <Description>This test times how long it takes to build the LLVM compiler.</Description>
    <ResultScale>Seconds</ResultScale>
    <Proportion>LIB</Proportion>
    <TimesToRun>3</TimesToRun>
  </TestInformation>
  <TestProfile>
    <Version>1.3.0</Version>
    <SupportedPlatforms>Linux, BSD, MacOSX</SupportedPlatforms>
    <SoftwareType>Utility</SoftwareType>
    <TestType>Processor</TestType>
    <License>Free</License>
    <Status>Verified</Status>
    <ExternalDependencies>build-utilities, cmake, python</ExternalDependencies>
    <ProjectURL>http://www.llvm.org/</ProjectURL>
    <InternalTags>SMP</InternalTags>
    <Maintainer>Michael Larabel</Maintainer>
    <SystemDependencies>ninja</SystemDependencies>
  </TestProfile>
  <TestSettings>
    <Option>
      <DisplayName>Build System</DisplayName>
      <Identifier>build</Identifier>
      <Menu>
        <Entry>
          <Name>Ninja</Name>
          <Value>Ninja</Value>
        </Entry>
        <Entry>
          <Name>Unix Makefiles</Name>
        </Entry>
      </Menu>
    </Option>
  </TestSettings>
</PhoronixTestSuite>
