<?xml version="1.0"?>
<!--Phoronix Test Suite v10.2.2-->
<PhoronixTestSuite>
  <TestInformation>
    <Title>HPL Linpack</Title>
    <AppVersion>2.3</AppVersion>
    <Description>HPL is a well known portable Linpack implementation for distributed memory systems. This test profile is testing HPL upstream directly, outside the scope of the HPC Challenge test profile also available through the Phoronix Test Suite (hpcc). The test profile attempts to generate an optimized HPL.dat input file based on the CPU/memory under test. The automated HPL.dat input generation is still being tuned and thus for now this test profile remains "experimental".</Description>
    <ResultScale>GFLOPS</ResultScale>
    <Proportion>HIB</Proportion>
    <TimesToRun>3</TimesToRun>
  </TestInformation>
  <TestProfile>
    <Version>1.0.0</Version>
    <SupportedPlatforms>Linux</SupportedPlatforms>
    <SoftwareType>Benchmark</SoftwareType>
    <TestType>Processor</TestType>
    <License>Free</License>
    <Status>Experimental</Status>
    <ExternalDependencies>build-utilities, openmpi-development, blas-development, atlas-development, lapack-development</ExternalDependencies>
    <EnvironmentSize>9</EnvironmentSize>
    <ProjectURL>https://www.netlib.org/benchmark/hpl/</ProjectURL>
    <InternalTags>SMP, MPI</InternalTags>
    <Maintainer>Michael Larabel</Maintainer>
  </TestProfile>
</PhoronixTestSuite>
