<?xml version="1.0"?>
<!--Phoronix Test Suite v8.0.0m2-->
<PhoronixTestSuite>
  <TestInformation>
    <Title>Sample Pi Program</Title>
    <Description>A simple C++ program that calculates Pi to 8,765,4321 digits using the Leibniz formula. This test can be used for showcasing how to write a basic test profile.</Description>
    <ResultScale>Seconds</ResultScale>
    <Proportion>LIB</Proportion>
    <TimesToRun>3</TimesToRun>
  </TestInformation>
  <TestProfile>
    <Version>1.1.1</Version>
    <SupportedPlatforms>Linux, Solaris, MacOSX, BSD</SupportedPlatforms>
    <SoftwareType>Utility</SoftwareType>
    <TestType>Processor</TestType>
    <License>Free</License>
    <Status>Experimental</Status>
    <ProjectURL>http://www.phoronix-test-suite.com/</ProjectURL>
    <Maintainer>Phoronix Media</Maintainer>
  </TestProfile>
</PhoronixTestSuite>
