<?xml version="1.0"?>
<!--Phoronix Test Suite v6.0.0m5-->
<PhoronixTestSuite>
  <TestInformation>
    <Title>ASKAP tConvolveCuda</Title>
    <AppVersion>2015-11-10</AppVersion>
    <Description>This is a CUDA benchmark of ATNF's ASKAP Benchmark with currently using the tConvolveCuda sub-test.</Description>
    <ResultScale>Million Grid Points Per Second</ResultScale>
    <Proportion>HIB</Proportion>
    <TimesToRun>3</TimesToRun>
  </TestInformation>
  <TestProfile>
    <Version>1.0.0</Version>
    <SupportedPlatforms>Linux</SupportedPlatforms>
    <SoftwareType>Benchmark</SoftwareType>
    <TestType>Graphics</TestType>
    <License>Free</License>
    <Status>Verified</Status>
    <ExternalDependencies>build-utilities, cuda</ExternalDependencies>
    <EnvironmentSize>1</EnvironmentSize>
    <ProjectURL>https://github.com/ATNF/askap-benchmarks</ProjectURL>
    <InternalTags>CUDA</InternalTags>
    <Maintainer>Michael Larabel</Maintainer>
  </TestProfile>
  <TestSettings>
    <Default>
      <AllowCacheShare>TRUE</AllowCacheShare>
    </Default>
    <Option>
      <DisplayName>Processing</DisplayName>
      <Identifier>processing</Identifier>
      <ArgumentPrefix></ArgumentPrefix>
      <ArgumentPostfix></ArgumentPostfix>
      <DefaultEntry>0</DefaultEntry>
      <Menu>
        <Entry>
          <Name>Gridding</Name>
          <Value>Gridding</Value>
          <Message></Message>
        </Entry>
        <Entry>
          <Name>Degridding</Name>
          <Value>Degridding</Value>
          <Message></Message>
        </Entry>
      </Menu>
    </Option>
  </TestSettings>
</PhoronixTestSuite>
