<?xml version="1.0"?>
<!--Phoronix Test Suite v8.2.0m1-->
<PhoronixTestSuite>
  <TestInformation>
    <Title>Sysbench</Title>
    <AppVersion>2018-07-28</AppVersion>
    <Description>This is a benchmark of Sysbench with CPU and memory sub-tests.</Description>
    <ResultScale>Events Per Second</ResultScale>
    <Proportion>HIB</Proportion>
    <TimesToRun>3</TimesToRun>
  </TestInformation>
  <TestProfile>
    <Version>1.0.0</Version>
    <SupportedPlatforms>Linux</SupportedPlatforms>
    <SoftwareType>Utility</SoftwareType>
    <TestType>System</TestType>
    <License>Free</License>
    <Status>Verified</Status>
    <ExternalDependencies>build-utilities, libtool, libaio-development</ExternalDependencies>
    <EnvironmentSize>45</EnvironmentSize>
    <ProjectURL>https://github.com/akopytov/sysbench</ProjectURL>
    <Maintainer>Michael Larabel</Maintainer>
  </TestProfile>
  <TestSettings>
    <Option>
      <DisplayName>Test</DisplayName>
      <Identifier>run-test</Identifier>
      <ArgumentPostfix> run</ArgumentPostfix>
      <Menu>
        <Entry>
          <Name>CPU</Name>
          <Value>cpu</Value>
        </Entry>
        <Entry>
          <Name>Memory</Name>
          <Value>memory</Value>
        </Entry>
      </Menu>
    </Option>
  </TestSettings>
</PhoronixTestSuite>
