<?xml version="1.0"?>
<!--Phoronix Test Suite v8.0.0m4-->
<PhoronixTestSuite>
  <TestInformation>
    <Title>Botan</Title>
    <AppVersion>2.6.0</AppVersion>
    <Description>Botan is a cross-platform open-source C++ crypto library that supports most all publicly known cryptographic algorithms.</Description>
    <ResultScale>MiB/s</ResultScale>
    <Proportion>HIB</Proportion>
    <TimesToRun>3</TimesToRun>
  </TestInformation>
  <TestProfile>
    <Version>1.3.0</Version>
    <SupportedPlatforms>Linux, Solaris, BSD, MacOSX</SupportedPlatforms>
    <SoftwareType>Utility</SoftwareType>
    <TestType>Processor</TestType>
    <License>Free</License>
    <Status>Verified</Status>
    <ExternalDependencies>build-utilities</ExternalDependencies>
    <EnvironmentSize>67</EnvironmentSize>
    <ProjectURL>http://botan.randombit.net/</ProjectURL>
    <Maintainer>Michael Larabel</Maintainer>
  </TestProfile>
  <TestSettings>
    <Default>
      <Arguments>--format=table --msec=10000 </Arguments>
    </Default>
    <Option>
      <DisplayName>Test</DisplayName>
      <Identifier>run-test</Identifier>
      <ArgumentPrefix></ArgumentPrefix>
      <ArgumentPostfix></ArgumentPostfix>
      <DefaultEntry>0</DefaultEntry>
      <Menu>
        <Entry>
          <Name>AES-256</Name>
          <Value>AES-256</Value>
          <Message></Message>
        </Entry>
        <Entry>
          <Name>Blowfish</Name>
          <Value>Blowfish</Value>
          <Message></Message>
        </Entry>
        <Entry>
          <Name>CAST-256</Name>
          <Value>CAST-256</Value>
          <Message></Message>
        </Entry>
        <Entry>
          <Name>KASUMI</Name>
          <Value>KASUMI</Value>
          <Message></Message>
        </Entry>
        <Entry>
          <Name>Twofish</Name>
          <Value>Twofish</Value>
          <Message></Message>
        </Entry>
      </Menu>
    </Option>
  </TestSettings>
</PhoronixTestSuite>
