<?xml version="1.0"?>
<!--Phoronix Test Suite v8.0.0m0-->
<PhoronixTestSuite>
  <TestInformation>
    <Title>CoreBreach</Title>
    <AppVersion>1.1.6</AppVersion>
    <Description>This is a test of CoreBreach, the brand-new futuristic "anti-gravity" racing game with combat-based gameplay.</Description>
    <ResultScale>Frames Per Second</ResultScale>
    <Proportion>HIB</Proportion>
    <TimesToRun>3</TimesToRun>
  </TestInformation>
  <TestProfile>
    <Version>1.1.3</Version>
    <SupportedPlatforms>Linux, MacOSX</SupportedPlatforms>
    <SoftwareType>Game</SoftwareType>
    <TestType>Graphics</TestType>
    <License>Non-Free</License>
    <Status>Deprecated</Status>
    <SupportedArchitectures>x86, x86_64</SupportedArchitectures>
    <ExternalDependencies>sdl-development, openal-development, cairo-development, gtk-development, zlib-development</ExternalDependencies>
    <EnvironmentSize>300</EnvironmentSize>
    <ProjectURL>http://corebreach.corecode.at/</ProjectURL>
    <Maintainer>Julian Mayer</Maintainer>
  </TestProfile>
  <TestSettings>
    <Option>
      <DisplayName>Resolution</DisplayName>
      <Identifier>auto-resolution</Identifier>
      <ArgumentPrefix></ArgumentPrefix>
      <ArgumentPostfix></ArgumentPostfix>
      <DefaultEntry>0</DefaultEntry>
      <Menu>
        <Entry>
          <Name>$VIDEO_WIDTH x $VIDEO_HEIGHT</Name>
          <Value>-videoresolution=$VIDEO_WIDTHx$VIDEO_HEIGHT</Value>
          <Message></Message>
        </Entry>
      </Menu>
    </Option>
    <Option>
      <DisplayName>FSAA</DisplayName>
      <Identifier>fsaa</Identifier>
      <ArgumentPrefix></ArgumentPrefix>
      <ArgumentPostfix></ArgumentPostfix>
      <DefaultEntry>0</DefaultEntry>
      <Menu>
        <Entry>
          <Name>0</Name>
          <Value>-fsaa=0</Value>
          <Message></Message>
        </Entry>
        <Entry>
          <Name>4x</Name>
          <Value>-fsaa=2</Value>
          <Message></Message>
        </Entry>
        <Entry>
          <Name>8x</Name>
          <Value>-fsaa=4</Value>
          <Message></Message>
        </Entry>
        <Entry>
          <Name>16x</Name>
          <Value>-fsaa=8</Value>
          <Message></Message>
        </Entry>
      </Menu>
    </Option>
  </TestSettings>
</PhoronixTestSuite>
