<?xml version="1.0"?>
<!--Phoronix Test Suite v7.4.0m3-->
<PhoronixTestSuite>
  <TestInformation>
    <Title>OpenCV Benchmark</Title>
    <AppVersion>3.3.0</AppVersion>
    <Description>Stress benchmark tests to measure time consumed by the OpenCV libraries installed</Description>
    <ResultScale>Seconds</ResultScale>
    <Proportion>LIB</Proportion>
    <TimesToRun>3</TimesToRun>
  </TestInformation>
  <TestProfile>
    <Version>1.0.0</Version>
    <SupportedPlatforms>Linux</SupportedPlatforms>
    <SoftwareType>Utility</SoftwareType>
    <TestType>Processor</TestType>
    <License>Free</License>
    <Status>Verified</Status>
    <ExternalDependencies>opencv, build-utilities, cmake, python</ExternalDependencies>
    <Maintainer>Victor Rodriguez</Maintainer>
  </TestProfile>
</PhoronixTestSuite>
