<?xml version="1.0"?>
<!--Phoronix Test Suite v9.6.0m2-->
<PhoronixTestSuite>
  <TestInformation>
    <Title>X-Plane</Title>
    <AppVersion>11</AppVersion>
    <Description>This is a test of X-Plane, a realistic multi-platform flight simulator designed for personal computers. This is commercial closed-source software and relies upon the Steam version.</Description>
    <ResultScale>Frames Per Second</ResultScale>
    <Proportion>HIB</Proportion>
    <TimesToRun>3</TimesToRun>
  </TestInformation>
  <TestProfile>
    <Version>1.1.2</Version>
    <SupportedPlatforms>Linux, Windows</SupportedPlatforms>
    <SoftwareType>Simulator</SoftwareType>
    <TestType>Graphics</TestType>
    <License>Retail</License>
    <Status>Verified</Status>
    <SupportedArchitectures>x86_64</SupportedArchitectures>
    <ExternalDependencies>steam</ExternalDependencies>
    <RequiresDisplay>TRUE</RequiresDisplay>
    <EnvironmentSize>1</EnvironmentSize>
    <ProjectURL>http://www.x-plane.com/</ProjectURL>
    <Maintainer>Michael Larabel</Maintainer>
  </TestProfile>
  <TestSettings>
    <Default>
      <Arguments>--no_workarounds --verbose --no_sound --pref:_prefs_found=0 --pref:_is_full_ALL=1 --load_smo=Output/replays/test_flight_c4.fdr</Arguments>
    </Default>
    <Option>
      <DisplayName>Resolution</DisplayName>
      <Identifier>auto-resolution</Identifier>
      <Menu>
        <Entry>
          <Name>$VIDEO_WIDTH x $VIDEO_HEIGHT</Name>
          <Value>--pref:_x_res_full_ALL=$VIDEO_WIDTH --pref:_y_res_full_ALL=$VIDEO_HEIGHT</Value>
        </Entry>
      </Menu>
    </Option>
    <Option>
      <DisplayName>Quality</DisplayName>
      <Identifier>quality-setting</Identifier>
      <ArgumentPrefix>--fps_test=</ArgumentPrefix>
      <Menu>
        <Entry>
          <Name>Low</Name>
          <Value>1</Value>
        </Entry>
        <Entry>
          <Name>Medium</Name>
          <Value>2</Value>
        </Entry>
        <Entry>
          <Name>High</Name>
          <Value>3</Value>
        </Entry>
        <Entry>
          <Name>Very High</Name>
          <Value>4</Value>
        </Entry>
        <Entry>
          <Name>Extreme</Name>
          <Value>5</Value>
        </Entry>
      </Menu>
    </Option>
    <Option>
      <DisplayName>Renderer</DisplayName>
      <Identifier>renderer</Identifier>
      <Menu>
        <Entry>
          <Name>OpenGL</Name>
          <Value>--opengl</Value>
        </Entry>
        <Entry>
          <Name>Vulkan</Name>
          <Value>--vulkan</Value>
        </Entry>
      </Menu>
    </Option>
  </TestSettings>
</PhoronixTestSuite>
