<?xml version="1.0"?>
<!--Phoronix Test Suite v10.2.0m2-->
<PhoronixTestSuite>
  <TestInformation>
    <Title>Timed FFmpeg Compilation</Title>
    <AppVersion>4.2.2</AppVersion>
    <Description>This test times how long it takes to build the FFmpeg multimedia library.</Description>
    <ResultScale>Seconds</ResultScale>
    <Proportion>LIB</Proportion>
    <SubTitle>Time To Compile</SubTitle>
    <TimesToRun>3</TimesToRun>
  </TestInformation>
  <TestProfile>
    <Version>1.0.2</Version>
    <SupportedPlatforms>Linux, MacOSX, Solaris, BSD</SupportedPlatforms>
    <SoftwareType>Utility</SoftwareType>
    <TestType>Processor</TestType>
    <License>Free</License>
    <Status>Verified</Status>
    <ExternalDependencies>build-utilities</ExternalDependencies>
    <EnvironmentSize>978</EnvironmentSize>
    <ProjectURL>https://www.ffmpeg.org/</ProjectURL>
    <InternalTags>SMP</InternalTags>
    <Maintainer>Michael Larabel</Maintainer>
  </TestProfile>
</PhoronixTestSuite>
