<?xml version="1.0"?>
<!--Phoronix Test Suite v7.2.0m2-->
<PhoronixTestSuite>
  <TestInformation>
    <Title>Deus Ex: Mankind Divided</Title>
    <Description>This is a benchmark of Deus Ex: Mankind Divided on Steam. The test profile assumes you have a Steam account, have Steam installed for the system, and that you own a copy of this game. This automates the process of executing the game and using its built-in benchmark mode.</Description>
    <ResultScale>Frames Per Second</ResultScale>
    <Proportion>HIB</Proportion>
    <TimesToRun>3</TimesToRun>
    <PreInstallMessage>This test will attempt to install the necessary game using your Steam account. If the test appears hung you may need to manually exit the Steam client.</PreInstallMessage>
  </TestInformation>
  <TestProfile>
    <Version>1.1.0</Version>
    <SupportedPlatforms>Linux</SupportedPlatforms>
    <SoftwareType>Game</SoftwareType>
    <TestType>Graphics</TestType>
    <License>Free</License>
    <Status>Verified</Status>
    <SupportedArchitectures>x86, x86_64</SupportedArchitectures>
    <EnvironmentSize>2</EnvironmentSize>
    <ProjectURL>http://store.steampowered.com/agecheck/app/337000/</ProjectURL>
    <Maintainer>Michael Larabel</Maintainer>
  </TestProfile>
  <TestSettings>
    <Option>
      <DisplayName>Preset</DisplayName>
      <Identifier>preset</Identifier>
      <ArgumentPrefix></ArgumentPrefix>
      <ArgumentPostfix></ArgumentPostfix>
      <DefaultEntry>0</DefaultEntry>
      <Menu>
        <Entry>
          <Name>1920 x 1080 - Low Quality</Name>
          <Value>prefs-1080p-low</Value>
          <Message></Message>
        </Entry>
        <Entry>
          <Name>1920 x 1080 - High Quality</Name>
          <Value>prefs-1080p-high</Value>
          <Message></Message>
        </Entry>
        <Entry>
          <Name>1920 x 1080 - Ultra Quality</Name>
          <Value>prefs-1080p-ultra</Value>
          <Message></Message>
        </Entry>
        <Entry>
          <Name>2560 x 1440 - High Quality</Name>
          <Value>prefs-1440p-high</Value>
          <Message></Message>
        </Entry>
        <Entry>
          <Name>3840 x 2160 - Low Quality</Name>
          <Value>prefs-4k-low</Value>
          <Message></Message>
        </Entry>
      </Menu>
    </Option>
  </TestSettings>
</PhoronixTestSuite>
