<?xml version="1.0"?>
<!--Phoronix Test Suite v10.2.2-->
<PhoronixTestSuite>
  <TestInformation>
    <Title>SVT-HEVC</Title>
    <AppVersion>1.5.0</AppVersion>
    <Description>This is a test of the Intel Open Visual Cloud Scalable Video Technology SVT-HEVC CPU-based multi-threaded video encoder for the HEVC / H.265 video format with a sample 1080p YUV video file.</Description>
    <ResultScale>Frames Per Second</ResultScale>
    <Proportion>HIB</Proportion>
    <TimesToRun>3</TimesToRun>
  </TestInformation>
  <TestProfile>
    <Version>1.2.0</Version>
    <SupportedPlatforms>Linux</SupportedPlatforms>
    <SoftwareType>Utility</SoftwareType>
    <TestType>Processor</TestType>
    <License>Free</License>
    <Status>Verified</Status>
    <ExternalDependencies>build-utilities, p7zip, yasm, cmake</ExternalDependencies>
    <EnvironmentSize>1900</EnvironmentSize>
    <ProjectURL>https://github.com/OpenVisualCloud/SVT-HEVC</ProjectURL>
    <InternalTags>SMP</InternalTags>
    <Maintainer>Michael Larabel</Maintainer>
  </TestProfile>
  <TestSettings>
    <Option>
      <DisplayName>Tuning</DisplayName>
      <Identifier>tune</Identifier>
      <ArgumentPrefix>-encMode </ArgumentPrefix>
      <Menu>
        <Entry>
          <Name>1</Name>
          <Value>1</Value>
          <Message>Higher Quality</Message>
        </Entry>
        <Entry>
          <Name>7</Name>
          <Value>7</Value>
          <Message>Default</Message>
        </Entry>
        <Entry>
          <Name>10</Name>
          <Value>10</Value>
          <Message>Higher Density</Message>
        </Entry>
      </Menu>
    </Option>
    <Option>
      <DisplayName>Input</DisplayName>
      <Identifier>input</Identifier>
      <Menu>
        <Entry>
          <Name>Bosphorus 1080p</Name>
          <Value>-i Bosphorus_1920x1080_120fps_420_8bit_YUV.yuv -w 1920 -h 1080</Value>
        </Entry>
      </Menu>
    </Option>
  </TestSettings>
</PhoronixTestSuite>
