<?xml version="1.0"?>
<!--Phoronix Test Suite v8.4.0m1-->
<PhoronixTestSuite>
  <TestInformation>
    <Title>x264</Title>
    <AppVersion>2018-09-25</AppVersion>
    <Description>This is a simple test of the x264 encoder run on the CPU (OpenCL support disabled) with a sample video file.</Description>
    <ResultScale>Frames Per Second</ResultScale>
    <Proportion>HIB</Proportion>
    <SubTitle>H.264 Video Encoding</SubTitle>
    <TimesToRun>3</TimesToRun>
  </TestInformation>
  <TestProfile>
    <Version>2.5.0</Version>
    <SupportedPlatforms>Linux, Windows, BSD</SupportedPlatforms>
    <SoftwareType>Utility</SoftwareType>
    <TestType>Processor</TestType>
    <License>Free</License>
    <Status>Verified</Status>
    <ExternalDependencies>build-utilities, p7zip</ExternalDependencies>
    <EnvironmentSize>2600</EnvironmentSize>
    <ProjectURL>http://www.videolan.org/developers/x264.html</ProjectURL>
    <InternalTags>SMP</InternalTags>
    <Maintainer>Michael Larabel</Maintainer>
  </TestProfile>
</PhoronixTestSuite>
