<?xml version="1.0"?>
<!--Phoronix Test Suite v9.4.0m3-->
<PhoronixTestSuite>
  <TestInformation>
    <Title>Batman: Arkham Knight</Title>
    <Description>This is a benchmark of &gt;Batman: Arkham Knight running under Steam Play (Proton) on Linux. The test profile assumes you have a Steam account, have Steam installed for the system, and that Batman: Arkham Knight is already purchased/installed. This automates the process of executing the game and using a standardized time demo.</Description>
    <ResultScale>Frames Per Second</ResultScale>
    <Proportion>HIB</Proportion>
    <TimesToRun>3</TimesToRun>
    <PreInstallMessage>This test will attempt to install the necessary game using your Steam account. If the test appears hung you may need to manually exit the Steam client.</PreInstallMessage>
  </TestInformation>
  <TestProfile>
    <Version>1.0.0</Version>
    <SupportedPlatforms>Linux</SupportedPlatforms>
    <SoftwareType>Game</SoftwareType>
    <TestType>Graphics</TestType>
    <License>Retail</License>
    <Status>Verified</Status>
    <SupportedArchitectures>x86, x86_64</SupportedArchitectures>
    <ExternalDependencies>steam</ExternalDependencies>
    <RequiresDisplay>TRUE</RequiresDisplay>
    <EnvironmentSize>4</EnvironmentSize>
    <ProjectURL>https://store.steampowered.com/agecheck/app/209000/</ProjectURL>
    <Maintainer>Michael Larabel</Maintainer>
  </TestProfile>
  <TestSettings>
    <Option>
      <DisplayName>Resolution</DisplayName>
      <Identifier>auto-resolution</Identifier>
      <Menu>
        <Entry>
          <Name>$VIDEO_WIDTH x $VIDEO_HEIGHT</Name>
          <Value>$VIDEO_WIDTH $VIDEO_HEIGHT</Value>
        </Entry>
      </Menu>
    </Option>
    <Option>
      <DisplayName>Quality</DisplayName>
      <Identifier>quality</Identifier>
      <Menu>
        <Entry>
          <Name>Low</Name>
          <Value>Low</Value>
        </Entry>
        <Entry>
          <Name>High</Name>
          <Value>High</Value>
        </Entry>
      </Menu>
    </Option>
  </TestSettings>
</PhoronixTestSuite>
