<?xml version="1.0"?>
<!--Phoronix Test Suite v10.0.0m3-->
<PhoronixTestSuite>
  <TestInformation>
    <Title>Open Porous Media Git</Title>
    <Description>This is a test of Open Porous Media, a set of open-source tools concerning simulation of flow and transport of fluids in porous media. This test profile builds OPM and its dependencies from upstream Git.</Description>
    <ResultScale>Seconds</ResultScale>
    <Proportion>LIB</Proportion>
    <TimesToRun>3</TimesToRun>
    <PreInstallMessage>Some external dependencies needed for this test are not currently covered by the Phoronix Test Suite. You might need to manually install those packages; on an Ubuntu system it would be - sudo apt-get install build-essential cmake git wget libblas-dev liblapack-dev libsuitesparse-dev libtrilinos-zoltan-dev mpi-default-dev mpi-default-bin libbz2-1.0 libbz2-dev libbz2-ocaml libbz2-ocaml-dev libdune-common-dev libdune-grid-dev libdune-geometry-dev libdune-istl-dev libsuperlu-dev libsuperlu5 libboost-all-dev.</PreInstallMessage>
  </TestInformation>
  <TestProfile>
    <Version>1.3.42</Version>
    <SupportedPlatforms>Linux</SupportedPlatforms>
    <SoftwareType>Utility</SoftwareType>
    <TestType>Processor</TestType>
    <License>Free</License>
    <Status>Verified</Status>
    <ExternalDependencies>build-utilities, fortran-compiler, cmake, boost-development, suitesparse, tinyxml, openmpi-development, blas-development, lapack-development</ExternalDependencies>
    <EnvironmentSize>2000</EnvironmentSize>
    <ProjectURL>http://www.opm-project.org/</ProjectURL>
    <InternalTags>SMP</InternalTags>
    <Maintainer>Michael Larabel</Maintainer>
    <RemoveInstallDirectoryOnReinstall>FALSE</RemoveInstallDirectoryOnReinstall>
  </TestProfile>
  <TestSettings>
    <Option>
      <DisplayName>OPM Benchmark</DisplayName>
      <Identifier>opm-benchmark</Identifier>
      <Menu>
        <Entry>
          <Name>Upscale-Relperm</Name>
          <Value>upscale_relperm_benchmark</Value>
        </Entry>
        <Entry>
          <Name>Flow MPI Norne</Name>
          <Value>flow_mpi_norne</Value>
        </Entry>
        <Entry>
          <Name>Flow MPI Extra</Name>
          <Value>flow_mpi_extra</Value>
        </Entry>
      </Menu>
    </Option>
    <Option>
      <DisplayName>Threads</DisplayName>
      <Identifier>threads</Identifier>
      <Menu>
        <Entry>
          <Name>1</Name>
          <Value>1</Value>
        </Entry>
        <Entry>
          <Name>2</Name>
          <Value>2</Value>
        </Entry>
        <Entry>
          <Name>4</Name>
          <Value>4</Value>
        </Entry>
        <Entry>
          <Name>8</Name>
          <Value>8</Value>
        </Entry>
        <Entry>
          <Name>16</Name>
          <Value>16</Value>
        </Entry>
        <Entry>
          <Name>32</Name>
          <Value>32</Value>
        </Entry>
        <Entry>
          <Name>64</Name>
          <Value>64</Value>
        </Entry>
        <Entry>
          <Name>128</Name>
          <Value>128</Value>
        </Entry>
      </Menu>
    </Option>
  </TestSettings>
</PhoronixTestSuite>
