<?xml version="1.0"?>
<!--Phoronix Test Suite v8.2.0-->
<PhoronixTestSuite>
  <TestInformation>
    <Title>DaCapo Benchmark</Title>
    <AppVersion>9.12-MR1</AppVersion>
    <Description>This test runs the DaCapo Benchmarks written in Java and intended to test system/CPU performance.</Description>
    <ResultScale>msec</ResultScale>
    <Proportion>LIB</Proportion>
    <TimesToRun>4</TimesToRun>
  </TestInformation>
  <TestProfile>
    <Version>1.0.0</Version>
    <SupportedPlatforms>Linux, Solaris, BSD, MacOSX, Windows</SupportedPlatforms>
    <SoftwareType>Utility</SoftwareType>
    <TestType>Processor</TestType>
    <License>Free</License>
    <Status>Verified</Status>
    <ExternalDependencies>java</ExternalDependencies>
    <EnvironmentSize>120</EnvironmentSize>
    <ProjectURL>http://www.dacapobench.org/</ProjectURL>
    <InternalTags>Java</InternalTags>
    <Maintainer>Michael Larabel</Maintainer>
  </TestProfile>
  <TestSettings>
    <Option>
      <DisplayName>Java Test</DisplayName>
      <Identifier>test</Identifier>
      <Menu>
        <Entry>
          <Name>Eclipse</Name>
          <Value>eclipse</Value>
        </Entry>
        <Entry>
          <Name>H2</Name>
          <Value>h2</Value>
        </Entry>
        <Entry>
          <Name>Jython</Name>
          <Value>jython</Value>
        </Entry>
        <Entry>
          <Name>Tradebeans</Name>
          <Value>tradebeans</Value>
        </Entry>
        <Entry>
          <Name>Tradesoap</Name>
          <Value>tradesoap</Value>
        </Entry>
      </Menu>
    </Option>
  </TestSettings>
</PhoronixTestSuite>
