<?xml version="1.0"?>
<!--Phoronix Test Suite v9.0.1-->
<PhoronixTestSuite>
  <TestInformation>
    <Title>Timed MrBayes Analysis</Title>
    <AppVersion>3.2.7</AppVersion>
    <Description>This test performs a bayesian analysis of a set of primate genome sequences in order to estimate their phylogeny.</Description>
    <ResultScale>Seconds</ResultScale>
    <Proportion>LIB</Proportion>
    <SubTitle>Primate Phylogeny Analysis</SubTitle>
    <TimesToRun>3</TimesToRun>
  </TestInformation>
  <TestProfile>
    <Version>1.4.0</Version>
    <SupportedPlatforms>Linux, Solaris, BSD, MacOSX, Windows</SupportedPlatforms>
    <SoftwareType>Scientific</SoftwareType>
    <TestType>Processor</TestType>
    <License>Free</License>
    <Status>Verified</Status>
    <ExternalDependencies>build-utilities, openmpi-development</ExternalDependencies>
    <EnvironmentSize>22</EnvironmentSize>
    <ProjectURL>https://github.com/NBISweden/MrBayes</ProjectURL>
    <InternalTags>SMP, MPI</InternalTags>
    <Maintainer>Andrew Schofield</Maintainer>
  </TestProfile>
</PhoronixTestSuite>
