<?xml version="1.0"?>
<!--Phoronix Test Suite v10.2.0m2-->
<PhoronixTestSuite>
  <TestInformation>
    <Title>VkResample</Title>
    <AppVersion>1.0</AppVersion>
    <Description>VkResample is a Vulkan-based image upscaling library based on VkFFT. The sample input file is upscaling a 4K image to 8K using Vulkan-based GPU acceleration.</Description>
    <ResultScale>ms</ResultScale>
    <Proportion>LIB</Proportion>
    <TimesToRun>3</TimesToRun>
  </TestInformation>
  <TestProfile>
    <Version>1.0.0</Version>
    <SupportedPlatforms>Linux, Windows</SupportedPlatforms>
    <SoftwareType>Benchmark</SoftwareType>
    <TestType>Graphics</TestType>
    <License>Free</License>
    <Status>Verified</Status>
    <ExternalDependencies>build-utilities, vulkan-development, cmake, fftw3-development</ExternalDependencies>
    <RequiresDisplay>TRUE</RequiresDisplay>
    <EnvironmentSize>116</EnvironmentSize>
    <ProjectURL>https://github.com/DTolm/VkFFT</ProjectURL>
    <Maintainer>Michael Larabel</Maintainer>
  </TestProfile>
  <TestSettings>
    <Default>
      <Arguments>-n 100</Arguments>
    </Default>
    <Option>
      <DisplayName>Upscale</DisplayName>
      <Identifier>upscale</Identifier>
      <ArgumentPrefix>-u </ArgumentPrefix>
      <Menu>
        <Entry>
          <Name>2x</Name>
          <Value>2</Value>
        </Entry>
      </Menu>
    </Option>
    <Option>
      <DisplayName>Precision</DisplayName>
      <Identifier>precision</Identifier>
      <ArgumentPrefix>-p </ArgumentPrefix>
      <Menu>
        <Entry>
          <Name>Single</Name>
          <Value>0</Value>
          <Message>Default</Message>
        </Entry>
        <Entry>
          <Name>Double</Name>
          <Value>1</Value>
        </Entry>
      </Menu>
    </Option>
  </TestSettings>
</PhoronixTestSuite>
