<?xml version="1.0"?>
<!--Phoronix Test Suite v5.2.1 (Khanino)-->
<PhoronixTestSuite>
  <TestInformation>
    <Title>Tesseract</Title>
    <AppVersion>2014-05-12</AppVersion>
    <Description>Tesseract is a fork of Cube 2 Sauerbraten with numerous graphics and game-play improvements. Tesseract has been in development since 2012 while its first release happened in May of 2014.</Description>
    <ResultScale>Frames Per Second</ResultScale>
    <Proportion>HIB</Proportion>
    <TimesToRun>3</TimesToRun>
  </TestInformation>
  <TestProfile>
    <Version>1.1.0</Version>
    <SupportedPlatforms>Linux</SupportedPlatforms>
    <SoftwareType>Game</SoftwareType>
    <TestType>Graphics</TestType>
    <License>Free</License>
    <Status>Verified</Status>
    <SupportedArchitectures>x86, x86_64</SupportedArchitectures>
    <ExternalDependencies>sdl2-development</ExternalDependencies>
    <EnvironmentSize>284</EnvironmentSize>
    <ProjectURL>http://tesseract.gg/</ProjectURL>
    <Maintainer>Michael Larabel</Maintainer>
  </TestProfile>
  <TestSettings>
    <Default>
      <Arguments>-v0</Arguments>
    </Default>
    <Option>
      <DisplayName>Resolution</DisplayName>
      <Identifier>auto-resolution</Identifier>
      <DefaultEntry>0</DefaultEntry>
      <Menu>
        <Entry>
          <Name>$VIDEO_WIDTH x $VIDEO_HEIGHT</Name>
          <Value>-w$VIDEO_WIDTH -h$VIDEO_HEIGHT</Value>
        </Entry>
      </Menu>
    </Option>
  </TestSettings>
</PhoronixTestSuite>
