<?xml version="1.0"?>
<!--Phoronix Test Suite v10.2.0-->
<PhoronixTestSuite>
  <TestInformation>
    <Title>lzbench</Title>
    <AppVersion>1.8</AppVersion>
    <Description>lzbench is an in-memory benchmark of various compressors. The file used for compression is a Linux kernel source tree tarball.</Description>
    <Proportion>HIB</Proportion>
    <TimesToRun>3</TimesToRun>
  </TestInformation>
  <TestProfile>
    <Version>1.1.1</Version>
    <SupportedPlatforms>Linux, MacOSX, Solaris, BSD, Windows</SupportedPlatforms>
    <SoftwareType>Benchmark</SoftwareType>
    <TestType>Processor</TestType>
    <License>Free</License>
    <Status>Verified</Status>
    <ExternalDependencies>build-utilities</ExternalDependencies>
    <EnvironmentSize>28</EnvironmentSize>
    <ProjectURL>http://github.com/inikep/lzbench</ProjectURL>
    <Maintainer>Michael Larabel</Maintainer>
  </TestProfile>
  <TestSettings>
    <Option>
      <DisplayName>Test</DisplayName>
      <Identifier>test</Identifier>
      <ArgumentPrefix>-e</ArgumentPrefix>
      <Menu>
        <Entry>
          <Name>Zstd 1</Name>
          <Value>zstd,1</Value>
        </Entry>
        <Entry>
          <Name>Zstd 8</Name>
          <Value>zstd,8</Value>
        </Entry>
        <Entry>
          <Name>Brotli 0</Name>
          <Value>brotli,0</Value>
        </Entry>
        <Entry>
          <Name>Brotli 2</Name>
          <Value>brotli,2</Value>
        </Entry>
        <Entry>
          <Name>Libdeflate 1</Name>
          <Value>libdeflate,1</Value>
        </Entry>
        <Entry>
          <Name>XZ 0</Name>
          <Value>xz,0</Value>
        </Entry>
        <Entry>
          <Name>Crush 0</Name>
          <Value>crush,0</Value>
        </Entry>
      </Menu>
    </Option>
  </TestSettings>
</PhoronixTestSuite>
