<?xml version="1.0"?>
<!--Phoronix Test Suite v8.8.1-->
<PhoronixTestSuite>
  <TestInformation>
    <Title>CP2K Molecular Dynamics</Title>
    <AppVersion>6.1</AppVersion>
    <Description>CP2K is an open-source molecular dynamics software package focused on quantum chemistry and solid-state physics. This test profile currently makes use of the OpenMP implementation and using the Fayalite-FIST molecular dynamics run and measures the total time to complete.</Description>
    <ResultScale>Seconds</ResultScale>
    <Proportion>LIB</Proportion>
    <SubTitle>Fayalite-FIST Data</SubTitle>
    <TimesToRun>1</TimesToRun>
  </TestInformation>
  <TestProfile>
    <Version>1.0.0</Version>
    <SupportedPlatforms>Linux</SupportedPlatforms>
    <SoftwareType>Benchmark</SoftwareType>
    <TestType>Processor</TestType>
    <License>Free</License>
    <Status>Verified</Status>
    <SupportedArchitectures>x86_64</SupportedArchitectures>
    <EnvironmentSize>112</EnvironmentSize>
    <ProjectURL>https://www.cp2k.org/</ProjectURL>
    <InternalTags>SMP, OpenMP</InternalTags>
    <Maintainer>Michael Larabel</Maintainer>
  </TestProfile>
</PhoronixTestSuite>
