<?xml version="1.0"?>
<!--Phoronix Test Suite v5.6.0m5 (Dedilovo)-->
<PhoronixTestSuite>
  <TestInformation>
    <Title>Metro 2033 Redux</Title>
    <Description>A Steam-based test of the Metro 2033 Redux game.</Description>
    <ResultScale>Frames Per Second</ResultScale>
    <Proportion>HIB</Proportion>
    <TimesToRun>3</TimesToRun>
    <PreInstallMessage>This test profile assumes you have the Valve Steam client already installed for your operating system / distribution and that it's installed to the standard path. Your Steam account must also be active and the game already installed. If the test appears hung you may need to manually exit the Steam client.</PreInstallMessage>
  </TestInformation>
  <TestProfile>
    <Version>1.1.0</Version>
    <SupportedPlatforms>Linux</SupportedPlatforms>
    <SoftwareType>Game</SoftwareType>
    <TestType>Graphics</TestType>
    <License>Free</License>
    <Status>Verified</Status>
    <SupportedArchitectures>x86, x86_64</SupportedArchitectures>
    <EnvironmentSize>7000</EnvironmentSize>
    <ProjectURL>http://store.steampowered.com/app/286690/</ProjectURL>
    <RequiresCoreVersionMin>5500</RequiresCoreVersionMin>
    <Maintainer>Michael Larabel</Maintainer>
  </TestProfile>
</PhoronixTestSuite>
