<?xml version="1.0"?>
<!--Phoronix Test Suite v9.0.1-->
<PhoronixTestSuite>
  <TestInformation>
    <Title>Apache Cassandra</Title>
    <AppVersion>3.11.4</AppVersion>
    <Description>This is a benchmark of the Apache Cassandra NoSQL database management system making use of cassandra-stress.</Description>
    <ResultScale>Op/s</ResultScale>
    <Proportion>HIB</Proportion>
    <TimesToRun>3</TimesToRun>
  </TestInformation>
  <TestProfile>
    <Version>1.0.2</Version>
    <SupportedPlatforms>Linux</SupportedPlatforms>
    <SoftwareType>Utility</SoftwareType>
    <TestType>System</TestType>
    <License>Free</License>
    <Status>Verified</Status>
    <ExternalDependencies>java</ExternalDependencies>
    <EnvironmentSize>2100</EnvironmentSize>
    <ProjectURL>http://cassandra.apache.org/</ProjectURL>
    <Maintainer>Michael Larabel</Maintainer>
  </TestProfile>
  <TestSettings>
    <Option>
      <DisplayName>Test</DisplayName>
      <Identifier>test</Identifier>
      <Menu>
        <Entry>
          <Name>Reads</Name>
          <Value>READ</Value>
        </Entry>
        <Entry>
          <Name>Writes</Name>
          <Value>WRITE</Value>
        </Entry>
        <Entry>
          <Name>Mixed 1:1</Name>
          <Value>MIXED_1_1</Value>
        </Entry>
        <Entry>
          <Name>Mixed 1:3</Name>
          <Value>MIXED_1_3</Value>
        </Entry>
      </Menu>
    </Option>
  </TestSettings>
</PhoronixTestSuite>
