<?xml version="1.0"?>
<!--Phoronix Test Suite v8.6.0m0-->
<PhoronixTestSuite>
  <TestInformation>
    <Title>CppPerformanceBenchmarks</Title>
    <AppVersion>9</AppVersion>
    <Description>CppPerformanceBenchmarks is a set of C++ compiler performance benchmarks.</Description>
    <ResultScale>Seconds</ResultScale>
    <Proportion>LIB</Proportion>
    <TimesToRun>3</TimesToRun>
  </TestInformation>
  <TestProfile>
    <Version>1.0.0</Version>
    <SupportedPlatforms>Linux, BSD, Solaris, MacOSX</SupportedPlatforms>
    <SoftwareType>Benchmark</SoftwareType>
    <TestType>System</TestType>
    <License>Free</License>
    <Status>Verified</Status>
    <ExternalDependencies>build-utilities</ExternalDependencies>
    <EnvironmentSize>6</EnvironmentSize>
    <ProjectURL>https://gitlab.com/chriscox/CppPerformanceBenchmarks</ProjectURL>
    <Maintainer>Michael Larabel</Maintainer>
  </TestProfile>
  <TestSettings>
    <Option>
      <DisplayName>Test</DisplayName>
      <Identifier>test</Identifier>
      <Menu>
        <Entry>
          <Name>Stepanov Abstraction</Name>
          <Value>stepanov_abstraction </Value>
        </Entry>
        <Entry>
          <Name>Stepanov Vector</Name>
          <Value>stepanov_vector</Value>
        </Entry>
        <Entry>
          <Name>Function Objects</Name>
          <Value>functionobjects</Value>
        </Entry>
        <Entry>
          <Name>Atol</Name>
          <Value>atol</Value>
        </Entry>
        <Entry>
          <Name>Ctype</Name>
          <Value>ctype</Value>
        </Entry>
        <Entry>
          <Name>Math Library</Name>
          <Value>mathlib</Value>
        </Entry>
        <Entry>
          <Name>Random Numbers</Name>
          <Value>random_numbers</Value>
        </Entry>
      </Menu>
    </Option>
  </TestSettings>
</PhoronixTestSuite>
