<?xml version="1.0"?>
<!--Phoronix Test Suite v10.0.0-->
<PhoronixTestSuite>
  <TestInformation>
    <Title>x265</Title>
    <AppVersion>3.4</AppVersion>
    <Description>This is a simple test of the x265 encoder run on the CPU with 1080p and 4K options for H.265 video encode performance with x265.</Description>
    <ResultScale>Frames Per Second</ResultScale>
    <Proportion>HIB</Proportion>
    <TimesToRun>3</TimesToRun>
  </TestInformation>
  <TestProfile>
    <Version>1.3.0</Version>
    <SupportedPlatforms>Linux, MacOSX, BSD</SupportedPlatforms>
    <SoftwareType>Utility</SoftwareType>
    <TestType>Processor</TestType>
    <License>Free</License>
    <Status>Verified</Status>
    <ExternalDependencies>build-utilities, p7zip, cmake, yasm</ExternalDependencies>
    <EnvironmentSize>3400</EnvironmentSize>
    <ProjectURL>http://x265.org/</ProjectURL>
    <InternalTags>SMP</InternalTags>
    <Maintainer>Michael Larabel</Maintainer>
  </TestProfile>
  <TestSettings>
    <Default>
      <Arguments> </Arguments>
    </Default>
    <Option>
      <DisplayName>Video Input</DisplayName>
      <Identifier>video</Identifier>
      <Menu>
        <Entry>
          <Name>Bosphorus 1080p</Name>
          <Value>Bosphorus_1920x1080_120fps_420_8bit_YUV.y4m</Value>
        </Entry>
        <Entry>
          <Name>Bosphorus 4K</Name>
          <Value>Bosphorus_3840x2160.y4m</Value>
        </Entry>
      </Menu>
    </Option>
  </TestSettings>
</PhoronixTestSuite>
