<?xml version="1.0"?>
<!--Phoronix Test Suite v10.2.0-->
<PhoronixTestSuite>
  <TestInformation>
    <Title>RELION</Title>
    <AppVersion>3.1.1</AppVersion>
    <Description>RELION - REgularised LIkelihood OptimisatioN - is a stand-alone computer program for Maximum A Posteriori refinement of (multiple) 3D reconstructions or 2D class averages in cryo-electron microscopy (cryo-EM). It is developed in the research group of Sjors Scheres at the MRC Laboratory of Molecular Biology.</Description>
    <ResultScale>Seconds</ResultScale>
    <Proportion>LIB</Proportion>
    <TimesToRun>3</TimesToRun>
  </TestInformation>
  <TestProfile>
    <Version>1.0.1</Version>
    <SupportedPlatforms>Linux</SupportedPlatforms>
    <SoftwareType>Scientific</SoftwareType>
    <TestType>Processor</TestType>
    <License>Free</License>
    <Status>Verified</Status>
    <ExternalDependencies>openmpi-development, fftw3-development, git, cmake, tiff, build-utilities</ExternalDependencies>
    <EnvironmentSize>56000</EnvironmentSize>
    <ProjectURL>https://www3.mrc-lmb.cam.ac.uk/relion/index.php/Main_Page</ProjectURL>
    <Maintainer>Michael Larabel</Maintainer>
  </TestProfile>
  <TestSettings>
    <Option>
      <DisplayName>Test</DisplayName>
      <Identifier>test</Identifier>
      <Menu>
        <Entry>
          <Name>Basic</Name>
          <Value>--iter 1</Value>
          <Message>Run on modern desktops in ~30 minutes.</Message>
        </Entry>
        <Entry>
          <Name>Class2D</Name>
          <Value>--ctf --iter 1 --tau2_fudge 2 --particle_diameter 360 --K 200 --zero_mask --oversampling 1 --psi_step 6 --offset_range 5 --offset_step 2 --norm --scale --random_seed 0</Value>
          <Message>Very time consuming unless on huge core count systems.</Message>
        </Entry>
        <Entry>
          <Name>Class3D</Name>
          <Value>--ref emd_2660.map:mrc --firstiter_cc --ini_high 60 --ctf --ctf_corrected_ref --iter 1 --tau2_fudge 4 --particle_diameter 360 --K 6 --flatten_solvent --zero_mask --oversampling 1 --healpix_order 2 --offset_range 5 --offset_step 2 --sym C1 --norm --scale --random_seed 0</Value>
          <Message>Very time consuming unless on huge core count systems.</Message>
        </Entry>
      </Menu>
    </Option>
    <Option>
      <DisplayName>Device</DisplayName>
      <Identifier>device</Identifier>
      <Menu>
        <Entry>
          <Name>CPU</Name>
          <Value>--cpu --j 2</Value>
        </Entry>
      </Menu>
    </Option>
  </TestSettings>
</PhoronixTestSuite>
