<?xml version="1.0"?>
<!--Phoronix Test Suite v8.4.0-->
<PhoronixTestSuite>
  <TestInformation>
    <Title>LZMA Compression</Title>
    <Description>This test measures the time needed to compress a file using LZMA compression.</Description>
    <ResultScale>Seconds</ResultScale>
    <Proportion>LIB</Proportion>
    <SubTitle>256MB File Compression</SubTitle>
    <TimesToRun>3</TimesToRun>
  </TestInformation>
  <TestProfile>
    <Version>1.3.1</Version>
    <SupportedPlatforms>Linux, BSD, Solaris</SupportedPlatforms>
    <SoftwareType>Utility</SoftwareType>
    <TestType>Processor</TestType>
    <License>Free</License>
    <Status>Deprecated</Status>
    <ExternalDependencies>build-utilities</ExternalDependencies>
    <EnvironmentSize>0.7</EnvironmentSize>
    <EnvironmentTestingSize>256</EnvironmentTestingSize>
    <ProjectURL>http://www.7-zip.org/sdk.html</ProjectURL>
    <Maintainer>apaige</Maintainer>
  </TestProfile>
</PhoronixTestSuite>
