<?xml version="1.0"?>
<!--Phoronix Test Suite v9.4.1-->
<PhoronixTestSuite>
  <TestInformation>
    <Title>ArrayFire</Title>
    <AppVersion>3.7</AppVersion>
    <Description>ArrayFire is an GPU and CPU numeric processing library, this test uses the built-in CPU and OpenCL ArrayFire benchmarks.</Description>
    <Proportion>LIB</Proportion>
    <TimesToRun>3</TimesToRun>
  </TestInformation>
  <TestProfile>
    <Version>1.1.0</Version>
    <SupportedPlatforms>Linux</SupportedPlatforms>
    <SoftwareType>Utility</SoftwareType>
    <TestType>Processor</TestType>
    <License>Free</License>
    <Status>Verified</Status>
    <SupportedArchitectures>x86_64</SupportedArchitectures>
    <ExternalDependencies>build-utilities, boost-development, cmake, blas-development, lapack-development, fftw3-development, opencl</ExternalDependencies>
    <EnvironmentSize>3700</EnvironmentSize>
    <ProjectURL>https://arrayfire.com/</ProjectURL>
    <InternalTags>OpenCL, CUDA</InternalTags>
    <Maintainer>Jason Newton</Maintainer>
  </TestProfile>
  <TestSettings>
    <Option>
      <DisplayName>Test</DisplayName>
      <Identifier>test</Identifier>
      <Menu>
        <Entry>
          <Name>BLAS CPU</Name>
          <Value>blas_cpu</Value>
        </Entry>
        <Entry>
          <Name>Conjugate Gradient CPU</Name>
          <Value>cg_cpu</Value>
        </Entry>
        <Entry>
          <Name>BLAS OpenCL</Name>
          <Value>blas_opencl</Value>
        </Entry>
        <Entry>
          <Name>Conjugate Gradient OpenCL</Name>
          <Value>cg_opencl</Value>
        </Entry>
      </Menu>
    </Option>
  </TestSettings>
</PhoronixTestSuite>
