<?xml version="1.0"?>
<!--Phoronix Test Suite v4.4.0m0 (Forsand)-->
<PhoronixTestSuite>
  <TestInformation>
    <Title>Systemd Kernel Boot Time</Title>
    <Description>This test uses systemd-analyze to report the kernel boot time.</Description>
    <ResultScale>ms</ResultScale>
    <Proportion>LIB</Proportion>
    <TimesToRun>1</TimesToRun>
  </TestInformation>
  <TestProfile>
    <Version>1.0.1</Version>
    <SupportedPlatforms>Linux</SupportedPlatforms>
    <SoftwareType>Utility</SoftwareType>
    <TestType>Processor</TestType>
    <Maintainer>Jim Kukunas</Maintainer>
  </TestProfile>
</PhoronixTestSuite>
