<?xml version="1.0"?>
<!--Phoronix Test Suite v9.6.0m0-->
<PhoronixTestSuite>
  <TestInformation>
    <Title>Timed GCC Compilation</Title>
    <AppVersion>9.3.0</AppVersion>
    <Description>This test times how long it takes to build the GNU Compiler Collection (GCC).</Description>
    <ResultScale>Seconds</ResultScale>
    <Proportion>LIB</Proportion>
    <SubTitle>Time To Compile</SubTitle>
    <TimesToRun>3</TimesToRun>
  </TestInformation>
  <TestProfile>
    <Version>1.2.0</Version>
    <SupportedPlatforms>Linux, BSD, macOS</SupportedPlatforms>
    <SoftwareType>Utility</SoftwareType>
    <TestType>Processor</TestType>
    <License>Free</License>
    <Status>Verified</Status>
    <ExternalDependencies>build-utilities, bison, flex, gmp-library</ExternalDependencies>
    <ProjectURL>https://gcc.gnu.org/</ProjectURL>
    <InternalTags>SMP</InternalTags>
    <Maintainer>Michael Larabel</Maintainer>
  </TestProfile>
</PhoronixTestSuite>
