<?xml version="1.0"?>
<!--Phoronix Test Suite v6.0.0m1-->
<PhoronixTestSuite>
  <TestInformation>
    <Title>Sample Pass Fail</Title>
    <Description>An example test profile of handling pass/fail type testing rather than performance related.</Description>
    <ResultScale>CPU Power Management, Thermal Zones, Suspend</ResultScale>
    <DisplayFormat>PASS_FAIL</DisplayFormat>
    <TimesToRun>1</TimesToRun>
  </TestInformation>
  <TestProfile>
    <Version>1.0.0</Version>
    <SupportedPlatforms>Linux, OSX, BSD</SupportedPlatforms>
    <SoftwareType>Utility</SoftwareType>
    <TestType>System</TestType>
    <License>Free</License>
    <Status>Unverified</Status>
    <EnvironmentSize>1</EnvironmentSize>
    <Maintainer>Michael Larabel</Maintainer>
  </TestProfile>
</PhoronixTestSuite>
