<?xml version="1.0"?>
<!--Phoronix Test Suite v9.2.1-->
<PhoronixTestSuite>
  <TestInformation>
    <Title>BenchmarkMutex</Title>
    <Description>BenchmarkMutex is a mutex benchmark created by Malte Skarupke.</Description>
    <ResultScale>ns</ResultScale>
    <Proportion>LIB</Proportion>
    <TimesToRun>3</TimesToRun>
  </TestInformation>
  <TestProfile>
    <Version>1.0.0</Version>
    <SupportedPlatforms>Linux, BSD</SupportedPlatforms>
    <SoftwareType>Benchmark</SoftwareType>
    <TestType>System</TestType>
    <License>Free</License>
    <Status>Verified</Status>
    <ExternalDependencies>build-utilities, google-benchmark</ExternalDependencies>
    <EnvironmentSize>1</EnvironmentSize>
    <ProjectURL>https://github.com/skarupke/mutex_benchmarks</ProjectURL>
    <Maintainer>Michael Larabel</Maintainer>
  </TestProfile>
  <TestSettings>
    <Default>
      <Arguments>--benchmark_color=false --benchmark_min_time=99</Arguments>
    </Default>
    <Option>
      <DisplayName>Benchmark</DisplayName>
      <Identifier>benchmark</Identifier>
      <ArgumentPrefix>--benchmark_filter=</ArgumentPrefix>
      <Menu>
        <Entry>
          <Name>Mutex Lock Unlock std::mutex</Name>
          <Value>benchmark_mutex_lock_unlock.std::mutex.</Value>
        </Entry>
        <Entry>
          <Name>Mutex Lock Unlock std::mutex</Name>
          <Value>benchmark_mutex_lock_unlock.std::shared_mutex.</Value>
        </Entry>
        <Entry>
          <Name>Mutex Lock Unlock pthread_mutex</Name>
          <Value>benchmark_mutex_lock_unlock.pthread_mutex.</Value>
        </Entry>
        <Entry>
          <Name>Mutex Lock Unlock ticket_spinlock</Name>
          <Value>benchmark_mutex_lock_unlock.ticket_spinlock.</Value>
        </Entry>
        <Entry>
          <Name>Mutex Lock Unlock spinlock</Name>
          <Value>benchmark_mutex_lock_unlock.spinlock.</Value>
        </Entry>
        <Entry>
          <Name>Mutex Lock Unlock spinlock_amd</Name>
          <Value>benchmark_mutex_lock_unlock.spinlock_amd.</Value>
        </Entry>
        <Entry>
          <Name>Shared Mutex Lock Shared</Name>
          <Value>benchmark_shared_mutex_lock_shared</Value>
        </Entry>
        <Entry>
          <Name>Semaphore Release And Acquire</Name>
          <Value>benchmark_semaphore_release_and_acquire</Value>
        </Entry>
      </Menu>
    </Option>
  </TestSettings>
</PhoronixTestSuite>
