<?xml version="1.0"?>
<!--Phoronix Test Suite v8.4.0m1-->
<PhoronixTestSuite>
  <TestInformation>
    <Title>Counter-Strike: Global Offensive</Title>
    <Description>This is a benchmark of Valve's Counter-Strike: Global Offensive game. The test profile assumes you have a Steam account, have Steam installed for the system, and that Counter-Strike: Global Offensive is already installed. This automates the process of executing the game and using a standardized time demo.</Description>
    <ResultScale>Frames Per Second</ResultScale>
    <Proportion>HIB</Proportion>
    <TimesToRun>3</TimesToRun>
    <PreInstallMessage>This test will attempt to install the necessary game using your Steam account. If the test appears hung you may need to manually exit the Steam client.</PreInstallMessage>
  </TestInformation>
  <TestProfile>
    <Version>1.6.0</Version>
    <SupportedPlatforms>Linux, MacOSX, Windows</SupportedPlatforms>
    <SoftwareType>Game</SoftwareType>
    <TestType>Graphics</TestType>
    <License>Retail</License>
    <Status>Verified</Status>
    <SupportedArchitectures>x86, x86_64</SupportedArchitectures>
    <ExternalDependencies>steam</ExternalDependencies>
    <RequiresDisplay>TRUE</RequiresDisplay>
    <EnvironmentSize>4</EnvironmentSize>
    <ProjectURL>http://store.steampowered.com/app/730/</ProjectURL>
    <Maintainer>Michael Larabel</Maintainer>
  </TestProfile>
  <TestSettings>
    <Default>
      <Arguments>+cl_showfps 1 +timedemoquit pts10 -novid -fullscreen</Arguments>
    </Default>
    <Option>
      <DisplayName>Resolution</DisplayName>
      <Identifier>auto-resolution</Identifier>
      <Menu>
        <Entry>
          <Name>$VIDEO_WIDTH x $VIDEO_HEIGHT</Name>
          <Value>-w $VIDEO_WIDTH -h $VIDEO_HEIGHT</Value>
        </Entry>
      </Menu>
    </Option>
  </TestSettings>
</PhoronixTestSuite>
