<?xml version="1.0"?>
<!--Phoronix Test Suite v8.2.0m0-->
<PhoronixTestSuite>
  <TestInformation>
    <Title>PyMongo Inserts</Title>
    <Description>This is a very basic benchmark measuring the time to perform 200,000 simple insertions to a MongoDB using PyMongo with Python 3.x.</Description>
    <ResultScale>Seconds</ResultScale>
    <Proportion>LIB</Proportion>
    <SubTitle>Total Time</SubTitle>
    <TimesToRun>3</TimesToRun>
  </TestInformation>
  <TestProfile>
    <Version>1.0.0</Version>
    <SupportedPlatforms>Linux, Solaris, MacOSX, BSD</SupportedPlatforms>
    <SoftwareType>Utility</SoftwareType>
    <TestType>System</TestType>
    <License>Free</License>
    <Status>Verified</Status>
    <ExternalDependencies>python</ExternalDependencies>
    <EnvironmentSize>1</EnvironmentSize>
    <ProjectURL>https://blog.serverdensity.com/mongodb-benchmarks/</ProjectURL>
    <InternalTags>Python</InternalTags>
    <Maintainer>Michael Larabel</Maintainer>
  </TestProfile>
</PhoronixTestSuite>
