<?xml version="1.0"?>
<!--Phoronix Test Suite v8.0.0m0-->
<PhoronixTestSuite>
  <TestInformation>
    <Title>X-Plane</Title>
    <AppVersion>9.45</AppVersion>
    <Description>This is a test of X-Plane, a realistic multi-platform flight simulator designed for personal computers. This is commercial closed-source software, but this X-Plane 9 benchmark has been kindly made available for free. X-Plane is the product of Austin Meyer and Laminar Research.</Description>
    <ResultScale>Frames Per Second</ResultScale>
    <Proportion>HIB</Proportion>
    <TimesToRun>3</TimesToRun>
  </TestInformation>
  <TestProfile>
    <Version>1.3.2</Version>
    <SupportedPlatforms>Linux, MacOSX, Windows</SupportedPlatforms>
    <SoftwareType>Simulator</SoftwareType>
    <TestType>Graphics</TestType>
    <License>Free</License>
    <Status>Deprecated</Status>
    <SupportedArchitectures>x86, x86_64</SupportedArchitectures>
    <ExternalDependencies>openal-development, 32bit-compatibility</ExternalDependencies>
    <EnvironmentSize>855</EnvironmentSize>
    <ProjectURL>http://www.x-plane.com/</ProjectURL>
    <Maintainer>Michael Larabel</Maintainer>
  </TestProfile>
  <TestSettings>
    <Default>
      <Arguments>--no_workarounds --no_sound --pref:_prefs_found=0 --pref:_is_full_ALL=1</Arguments>
    </Default>
    <Option>
      <DisplayName>Quality Setting</DisplayName>
      <Identifier>quality-setting</Identifier>
      <ArgumentPrefix>--fps_test=</ArgumentPrefix>
      <ArgumentPostfix></ArgumentPostfix>
      <DefaultEntry>0</DefaultEntry>
      <Menu>
        <Entry>
          <Name>High</Name>
          <Value>2</Value>
          <Message></Message>
        </Entry>
        <Entry>
          <Name>Ultra</Name>
          <Value>3</Value>
          <Message></Message>
        </Entry>
      </Menu>
    </Option>
    <Option>
      <DisplayName>Resolution</DisplayName>
      <Identifier>auto-resolution</Identifier>
      <ArgumentPrefix></ArgumentPrefix>
      <ArgumentPostfix></ArgumentPostfix>
      <DefaultEntry>0</DefaultEntry>
      <Menu>
        <Entry>
          <Name>$VIDEO_WIDTH x $VIDEO_HEIGHT</Name>
          <Value>--pref:_x_res_full_ALL=$VIDEO_WIDTH --pref:_y_res_full_ALL=$VIDEO_HEIGHT</Value>
          <Message></Message>
        </Entry>
      </Menu>
    </Option>
  </TestSettings>
</PhoronixTestSuite>
