<?xml version="1.0"?>
<!--Phoronix Test Suite v10.2.2-->
<PhoronixTestSuite>
  <TestInformation>
    <Title>Timed Wasmer Compilation</Title>
    <AppVersion>1.0.2</AppVersion>
    <Description>This test times how long it takes to compile Wasmer. Wasmer is written in the Rust programming language and is a WebAssembly runtime implementation that supports WASI and EmScripten. This test profile builds Wasmer with the Cranelift and Singlepast compiler features enabled.</Description>
    <ResultScale>Seconds</ResultScale>
    <Proportion>LIB</Proportion>
    <SubTitle>Time To Compile</SubTitle>
    <TimesToRun>3</TimesToRun>
  </TestInformation>
  <TestProfile>
    <Version>1.0.0</Version>
    <SupportedPlatforms>Linux, BSD, MacOSX</SupportedPlatforms>
    <SoftwareType>Utility</SoftwareType>
    <TestType>Processor</TestType>
    <License>Free</License>
    <ExternalDependencies>build-utilities, rust, curl</ExternalDependencies>
    <EnvironmentSize>930</EnvironmentSize>
    <ProjectURL>https://wasmer.io/</ProjectURL>
    <Maintainer>Michael Larabel</Maintainer>
    <SystemDependencies>cargo</SystemDependencies>
  </TestProfile>
</PhoronixTestSuite>
