<?xml version="1.0"?>
<!--Phoronix Test Suite v9.2.0m1-->
<PhoronixTestSuite>
  <TestInformation>
    <Title>ASKAP</Title>
    <AppVersion>2018-11-10</AppVersion>
    <Description>This is a CUDA benchmark of ATNF's ASKAP Benchmark with currently using the tConvolveCuda sub-test.</Description>
    <ResultScale>Million Grid Points Per Second</ResultScale>
    <Proportion>HIB</Proportion>
    <TimesToRun>3</TimesToRun>
  </TestInformation>
  <TestProfile>
    <Version>2.0.1</Version>
    <SupportedPlatforms>Linux</SupportedPlatforms>
    <SoftwareType>Benchmark</SoftwareType>
    <TestType>System</TestType>
    <License>Free</License>
    <Status>Verified</Status>
    <ExternalDependencies>build-utilities, cuda, opencl, openmpi-development</ExternalDependencies>
    <EnvironmentSize>35</EnvironmentSize>
    <ProjectURL>https://github.com/ATNF/askap-benchmarks</ProjectURL>
    <InternalTags>CUDA, SMP, MPI, OpenMP</InternalTags>
    <Maintainer>Michael Larabel</Maintainer>
  </TestProfile>
  <TestSettings>
    <Option>
      <DisplayName>Test</DisplayName>
      <Identifier>test</Identifier>
      <Menu>
        <Entry>
          <Name>tConvolve OpenCL</Name>
          <Value>tConvolve OpenCL</Value>
        </Entry>
        <Entry>
          <Name>tConvolve CUDA</Name>
          <Value>tConvolveCuda</Value>
        </Entry>
        <Entry>
          <Name>tConvolve MPI</Name>
          <Value>tConvolveMPI</Value>
        </Entry>
        <Entry>
          <Name>tConvolve OpenMP</Name>
          <Value>tConvolveOMP</Value>
        </Entry>
        <Entry>
          <Name>tConvolve MT</Name>
          <Value>tConvolveMT</Value>
        </Entry>
      </Menu>
    </Option>
  </TestSettings>
</PhoronixTestSuite>
