<?xml version="1.0"?>
<!--Phoronix Test Suite v9.6.0m1-->
<PhoronixTestSuite>
  <TestInformation>
    <Title>Flexible IO Tester</Title>
    <AppVersion>3.18</AppVersion>
    <Description>Fio is an advanced disk benchmark that depends upon the kernel's AIO access library.</Description>
    <Executable>fio-run</Executable>
    <TimesToRun>3</TimesToRun>
  </TestInformation>
  <TestProfile>
    <Version>1.13.1</Version>
    <SupportedPlatforms>Linux, BSD, MacOSX, Windows</SupportedPlatforms>
    <SoftwareType>Benchmark</SoftwareType>
    <TestType>Disk</TestType>
    <License>Free</License>
    <Status>Verified</Status>
    <ExternalDependencies>build-utilities, libaio-development</ExternalDependencies>
    <EnvironmentSize>14</EnvironmentSize>
    <ProjectURL>http://github.com/axboe/fio</ProjectURL>
    <RequiresCoreVersionMin>6921</RequiresCoreVersionMin>
    <Maintainer>Michael Larabel</Maintainer>
  </TestProfile>
  <TestSettings>
    <Option>
      <DisplayName>Type</DisplayName>
      <Identifier>type</Identifier>
      <Menu>
        <Entry>
          <Name>Random Read</Name>
          <Value>randread</Value>
        </Entry>
        <Entry>
          <Name>Random Write</Name>
          <Value>randwrite</Value>
        </Entry>
        <Entry>
          <Name>Sequential Read</Name>
          <Value>read</Value>
        </Entry>
        <Entry>
          <Name>Sequential Write</Name>
          <Value>write</Value>
        </Entry>
      </Menu>
    </Option>
    <Option>
      <DisplayName>Engine</DisplayName>
      <Identifier>engine</Identifier>
      <Menu>
        <Entry>
          <Name>IO_uring</Name>
          <Value>io_uring</Value>
        </Entry>
        <Entry>
          <Name>POSIX AIO</Name>
          <Value>posixaio</Value>
        </Entry>
        <Entry>
          <Name>Sync</Name>
          <Value>sync</Value>
        </Entry>
        <Entry>
          <Name>Linux AIO</Name>
          <Value>libaio</Value>
        </Entry>
        <Entry>
          <Name>Windows AIO</Name>
          <Value>windowsaio</Value>
        </Entry>
      </Menu>
    </Option>
    <Option>
      <DisplayName>Buffered</DisplayName>
      <Identifier>buffered</Identifier>
      <Menu>
        <Entry>
          <Name>Yes</Name>
          <Value>1</Value>
        </Entry>
        <Entry>
          <Name>No</Name>
          <Value>0</Value>
        </Entry>
      </Menu>
    </Option>
    <Option>
      <DisplayName>Direct</DisplayName>
      <Identifier>direct</Identifier>
      <Menu>
        <Entry>
          <Name>No</Name>
          <Value>0</Value>
        </Entry>
        <Entry>
          <Name>Yes</Name>
          <Value>1</Value>
        </Entry>
      </Menu>
    </Option>
    <Option>
      <DisplayName>Block Size</DisplayName>
      <Identifier>size</Identifier>
      <Menu>
        <Entry>
          <Name>4KB</Name>
          <Value>4k</Value>
        </Entry>
        <Entry>
          <Name>8KB</Name>
          <Value>8k</Value>
        </Entry>
        <Entry>
          <Name>16KB</Name>
          <Value>16k</Value>
        </Entry>
        <Entry>
          <Name>32KB</Name>
          <Value>32k</Value>
        </Entry>
        <Entry>
          <Name>64KB</Name>
          <Value>64k</Value>
        </Entry>
        <Entry>
          <Name>128KB</Name>
          <Value>128k</Value>
        </Entry>
        <Entry>
          <Name>256KB</Name>
          <Value>256k</Value>
        </Entry>
        <Entry>
          <Name>512KB</Name>
          <Value>512k</Value>
        </Entry>
        <Entry>
          <Name>1MB</Name>
          <Value>1m</Value>
        </Entry>
        <Entry>
          <Name>2MB</Name>
          <Value>2m</Value>
        </Entry>
        <Entry>
          <Name>4MB</Name>
          <Value>4m</Value>
        </Entry>
        <Entry>
          <Name>8MB</Name>
          <Value>8m</Value>
        </Entry>
      </Menu>
    </Option>
    <Option>
      <DisplayName>Disk Target</DisplayName>
      <Identifier>auto-disk-mount-points</Identifier>
    </Option>
  </TestSettings>
</PhoronixTestSuite>
