<?xml version="1.0"?>
<!--Phoronix Test Suite v8.0.0m2-->
<PhoronixTestSuite>
  <TestInformation>
    <Title>ArrayFire</Title>
    <Description>ArrayFire is an GPU and CPU numeric processing library, this test uses the arrayfire benchmarking program from Shehzan Mohammed
    </Description>
    <ResultScale>&#x3BC;s</ResultScale>
    <Proportion>LIB</Proportion>
    <TimesToRun>3</TimesToRun>
  </TestInformation>
  <TestProfile>
    <Version>1.0.1</Version>
    <SupportedPlatforms>Linux, MacOSX</SupportedPlatforms>
    <SoftwareType>Utility</SoftwareType>
    <TestType>Processor</TestType>
    <License>Free</License>
    <Status>Unverified</Status>
    <ExternalDependencies>build-utilities,boost-development,cmake,freeimage,glew,lapack-development,ncurses-development,blas-development,lapack-development,fftw3-development,opencl,atlas-development</ExternalDependencies>
    <EnvironmentSize>1.0</EnvironmentSize>
    <ProjectURL>http://davibu.interfree.it/opencl/ArrayFire/ArrayFire.html</ProjectURL>
    <InternalTags>OpenCL, CUDA</InternalTags>
    <Maintainer>Jason Newton</Maintainer>
  </TestProfile>
  <TestSettings>
    <Option>
      <DisplayName>Platform</DisplayName>
      <Identifier>platform</Identifier>
      <ArgumentPrefix></ArgumentPrefix>
      <ArgumentPostfix> --use-max-problemspace --samples=1 --iterations=1</ArgumentPostfix>
      <DefaultEntry>0</DefaultEntry>
      <Menu>
        <Entry>
          <Name>OpenCL</Name>
          <Value>bin/benchmark_opencl</Value>
          <Message></Message>
        </Entry>
        <Entry>
          <Name>CPU</Name>
          <Value>bin/benchmark_cpu</Value>
          <Message></Message>
        </Entry>
      </Menu>
    </Option>
    <Option>
      <DisplayName>Benchmark</DisplayName>
      <Identifier>benchmark</Identifier>
      <ArgumentPrefix>--benchmark=</ArgumentPrefix>
      <ArgumentPostfix></ArgumentPostfix>
      <DefaultEntry>0</DefaultEntry>
      <Menu>
        <Entry>
          <Name>Accumulate_1D_f32</Name>
          <Value>Accumulate_1D_f32</Value>
          <Message></Message>
        </Entry>
        <Entry>
          <Name>Accumulate_1D_f64</Name>
          <Value>Accumulate_1D_f64</Value>
          <Message></Message>
        </Entry>
        <Entry>
          <Name>Accumulate_1D_s16</Name>
          <Value>Accumulate_1D_s16</Value>
          <Message></Message>
        </Entry>
        <Entry>
          <Name>Accumulate_1D_s32</Name>
          <Value>Accumulate_1D_s32</Value>
          <Message></Message>
        </Entry>
        <Entry>
          <Name>Accumulate_1D_s64</Name>
          <Value>Accumulate_1D_s64</Value>
          <Message></Message>
        </Entry>
        <Entry>
          <Name>Accumulate_1D_u8</Name>
          <Value>Accumulate_1D_u8</Value>
          <Message></Message>
        </Entry>
        <Entry>
          <Name>Accumulate_2D_f32</Name>
          <Value>Accumulate_2D_f32</Value>
          <Message></Message>
        </Entry>
        <Entry>
          <Name>Accumulate_2D_f64</Name>
          <Value>Accumulate_2D_f64</Value>
          <Message></Message>
        </Entry>
        <Entry>
          <Name>Accumulate_2D_s16</Name>
          <Value>Accumulate_2D_s16</Value>
          <Message></Message>
        </Entry>
        <Entry>
          <Name>Accumulate_2D_s32</Name>
          <Value>Accumulate_2D_s32</Value>
          <Message></Message>
        </Entry>
        <Entry>
          <Name>Accumulate_2D_s64</Name>
          <Value>Accumulate_2D_s64</Value>
          <Message></Message>
        </Entry>
        <Entry>
          <Name>Accumulate_2D_u8</Name>
          <Value>Accumulate_2D_u8</Value>
          <Message></Message>
        </Entry>
        <Entry>
          <Name>Bandwidth_f32</Name>
          <Value>Bandwidth_f32</Value>
          <Message></Message>
        </Entry>
        <Entry>
          <Name>Bandwidth_f64</Name>
          <Value>Bandwidth_f64</Value>
          <Message></Message>
        </Entry>
        <Entry>
          <Name>Bandwidth_s32</Name>
          <Value>Bandwidth_s32</Value>
          <Message></Message>
        </Entry>
        <Entry>
          <Name>Bandwidth_s64</Name>
          <Value>Bandwidth_s64</Value>
          <Message></Message>
        </Entry>
        <Entry>
          <Name>Bandwidth_u8</Name>
          <Value>Bandwidth_u8</Value>
          <Message></Message>
        </Entry>
        <Entry>
          <Name>BilateralFilter_f32</Name>
          <Value>BilateralFilter_f32</Value>
          <Message></Message>
        </Entry>
        <Entry>
          <Name>BilateralFilter_f64</Name>
          <Value>BilateralFilter_f64</Value>
          <Message></Message>
        </Entry>
        <Entry>
          <Name>BilateralFilter_s16</Name>
          <Value>BilateralFilter_s16</Value>
          <Message></Message>
        </Entry>
        <Entry>
          <Name>BilateralFilter_s32</Name>
          <Value>BilateralFilter_s32</Value>
          <Message></Message>
        </Entry>
        <Entry>
          <Name>BilateralFilter_u8</Name>
          <Value>BilateralFilter_u8</Value>
          <Message></Message>
        </Entry>
        <Entry>
          <Name>Convolve_f32_11x11</Name>
          <Value>Convolve_f32_11x11</Value>
          <Message></Message>
        </Entry>
        <Entry>
          <Name>Convolve_f32_5x5</Name>
          <Value>Convolve_f32_5x5</Value>
          <Message></Message>
        </Entry>
        <Entry>
          <Name>Convolve_f32_9x9</Name>
          <Value>Convolve_f32_9x9</Value>
          <Message></Message>
        </Entry>
        <Entry>
          <Name>Convolve_f64_11x11</Name>
          <Value>Convolve_f64_11x11</Value>
          <Message></Message>
        </Entry>
        <Entry>
          <Name>Convolve_f64_5x5</Name>
          <Value>Convolve_f64_5x5</Value>
          <Message></Message>
        </Entry>
        <Entry>
          <Name>Convolve_f64_9x9</Name>
          <Value>Convolve_f64_9x9</Value>
          <Message></Message>
        </Entry>
        <Entry>
          <Name>Convolve_s16_11x11</Name>
          <Value>Convolve_s16_11x11</Value>
          <Message></Message>
        </Entry>
        <Entry>
          <Name>Convolve_s16_5x5</Name>
          <Value>Convolve_s16_5x5</Value>
          <Message></Message>
        </Entry>
        <Entry>
          <Name>Convolve_s16_9x9</Name>
          <Value>Convolve_s16_9x9</Value>
          <Message></Message>
        </Entry>
        <Entry>
          <Name>Convolve_s32_11x11</Name>
          <Value>Convolve_s32_11x11</Value>
          <Message></Message>
        </Entry>
        <Entry>
          <Name>Convolve_s32_5x5</Name>
          <Value>Convolve_s32_5x5</Value>
          <Message></Message>
        </Entry>
        <Entry>
          <Name>Convolve_s32_9x9</Name>
          <Value>Convolve_s32_9x9</Value>
          <Message></Message>
        </Entry>
        <Entry>
          <Name>Convolve_s64_11x11</Name>
          <Value>Convolve_s64_11x11</Value>
          <Message></Message>
        </Entry>
        <Entry>
          <Name>Convolve_s64_5x5</Name>
          <Value>Convolve_s64_5x5</Value>
          <Message></Message>
        </Entry>
        <Entry>
          <Name>Convolve_s64_9x9</Name>
          <Value>Convolve_s64_9x9</Value>
          <Message></Message>
        </Entry>
        <Entry>
          <Name>Convolve_u8_11x11</Name>
          <Value>Convolve_u8_11x11</Value>
          <Message></Message>
        </Entry>
        <Entry>
          <Name>Convolve_u8_5x5</Name>
          <Value>Convolve_u8_5x5</Value>
          <Message></Message>
        </Entry>
        <Entry>
          <Name>Convolve_u8_9x9</Name>
          <Value>Convolve_u8_9x9</Value>
          <Message></Message>
        </Entry>
        <Entry>
          <Name>Data_f32_CONSTANT</Name>
          <Value>Data_f32_CONSTANT</Value>
          <Message></Message>
        </Entry>
        <Entry>
          <Name>Data_f32_IDENTITY</Name>
          <Value>Data_f32_IDENTITY</Value>
          <Message></Message>
        </Entry>
        <Entry>
          <Name>Data_f32_RANDN</Name>
          <Value>Data_f32_RANDN</Value>
          <Message></Message>
        </Entry>
        <Entry>
          <Name>Data_f32_RANDU</Name>
          <Value>Data_f32_RANDU</Value>
          <Message></Message>
        </Entry>
        <Entry>
          <Name>Data_f32_RANGE</Name>
          <Value>Data_f32_RANGE</Value>
          <Message></Message>
        </Entry>
        <Entry>
          <Name>Data_f64_CONSTANT</Name>
          <Value>Data_f64_CONSTANT</Value>
          <Message></Message>
        </Entry>
        <Entry>
          <Name>Data_f64_IDENTITY</Name>
          <Value>Data_f64_IDENTITY</Value>
          <Message></Message>
        </Entry>
        <Entry>
          <Name>Data_f64_RANDN</Name>
          <Value>Data_f64_RANDN</Value>
          <Message></Message>
        </Entry>
        <Entry>
          <Name>Data_f64_RANDU</Name>
          <Value>Data_f64_RANDU</Value>
          <Message></Message>
        </Entry>
        <Entry>
          <Name>Data_f64_RANGE</Name>
          <Value>Data_f64_RANGE</Value>
          <Message></Message>
        </Entry>
        <Entry>
          <Name>Elwise_f32_ADD</Name>
          <Value>Elwise_f32_ADD</Value>
          <Message></Message>
        </Entry>
        <Entry>
          <Name>Elwise_f32_ADD_CONSTANT</Name>
          <Value>Elwise_f32_ADD_CONSTANT</Value>
          <Message></Message>
        </Entry>
        <Entry>
          <Name>Elwise_f32_ARC_COS</Name>
          <Value>Elwise_f32_ARC_COS</Value>
          <Message></Message>
        </Entry>
        <Entry>
          <Name>Elwise_f32_ARC_SIN</Name>
          <Value>Elwise_f32_ARC_SIN</Value>
          <Message></Message>
        </Entry>
        <Entry>
          <Name>Elwise_f32_ARC_TAN</Name>
          <Value>Elwise_f32_ARC_TAN</Value>
          <Message></Message>
        </Entry>
        <Entry>
          <Name>Elwise_f32_ATAN2</Name>
          <Value>Elwise_f32_ATAN2</Value>
          <Message></Message>
        </Entry>
        <Entry>
          <Name>Elwise_f32_CBRT</Name>
          <Value>Elwise_f32_CBRT</Value>
          <Message></Message>
        </Entry>
        <Entry>
          <Name>Elwise_f32_COS</Name>
          <Value>Elwise_f32_COS</Value>
          <Message></Message>
        </Entry>
        <Entry>
          <Name>Elwise_f32_DIVIDE</Name>
          <Value>Elwise_f32_DIVIDE</Value>
          <Message></Message>
        </Entry>
        <Entry>
          <Name>Elwise_f32_DIVIDE_CONSTANT</Name>
          <Value>Elwise_f32_DIVIDE_CONSTANT</Value>
          <Message></Message>
        </Entry>
        <Entry>
          <Name>Elwise_f32_ERF</Name>
          <Value>Elwise_f32_ERF</Value>
          <Message></Message>
        </Entry>
        <Entry>
          <Name>Elwise_f32_ERFC</Name>
          <Value>Elwise_f32_ERFC</Value>
          <Message></Message>
        </Entry>
        <Entry>
          <Name>Elwise_f32_EXP</Name>
          <Value>Elwise_f32_EXP</Value>
          <Message></Message>
        </Entry>
        <Entry>
          <Name>Elwise_f32_EXP_M1</Name>
          <Value>Elwise_f32_EXP_M1</Value>
          <Message></Message>
        </Entry>
        <Entry>
          <Name>Elwise_f32_HYPOT</Name>
          <Value>Elwise_f32_HYPOT</Value>
          <Message></Message>
        </Entry>
        <Entry>
          <Name>Elwise_f32_HYP_ARC_COS</Name>
          <Value>Elwise_f32_HYP_ARC_COS</Value>
          <Message></Message>
        </Entry>
        <Entry>
          <Name>Elwise_f32_HYP_ARC_SIN</Name>
          <Value>Elwise_f32_HYP_ARC_SIN</Value>
          <Message></Message>
        </Entry>
        <Entry>
          <Name>Elwise_f32_HYP_ARC_TAN</Name>
          <Value>Elwise_f32_HYP_ARC_TAN</Value>
          <Message></Message>
        </Entry>
        <Entry>
          <Name>Elwise_f32_HYP_COS</Name>
          <Value>Elwise_f32_HYP_COS</Value>
          <Message></Message>
        </Entry>
        <Entry>
          <Name>Elwise_f32_HYP_SIN</Name>
          <Value>Elwise_f32_HYP_SIN</Value>
          <Message></Message>
        </Entry>
        <Entry>
          <Name>Elwise_f32_HYP_TAN</Name>
          <Value>Elwise_f32_HYP_TAN</Value>
          <Message></Message>
        </Entry>
        <Entry>
          <Name>Elwise_f32_IS_INF</Name>
          <Value>Elwise_f32_IS_INF</Value>
          <Message></Message>
        </Entry>
        <Entry>
          <Name>Elwise_f32_IS_NAN</Name>
          <Value>Elwise_f32_IS_NAN</Value>
          <Message></Message>
        </Entry>
        <Entry>
          <Name>Elwise_f32_IS_ZERO</Name>
          <Value>Elwise_f32_IS_ZERO</Value>
          <Message></Message>
        </Entry>
        <Entry>
          <Name>Elwise_f32_LGAMMA</Name>
          <Value>Elwise_f32_LGAMMA</Value>
          <Message></Message>
        </Entry>
        <Entry>
          <Name>Elwise_f32_LOG10</Name>
          <Value>Elwise_f32_LOG10</Value>
          <Message></Message>
        </Entry>
        <Entry>
          <Name>Elwise_f32_LOG_1P</Name>
          <Value>Elwise_f32_LOG_1P</Value>
          <Message></Message>
        </Entry>
        <Entry>
          <Name>Elwise_f32_LOG_E</Name>
          <Value>Elwise_f32_LOG_E</Value>
          <Message></Message>
        </Entry>
        <Entry>
          <Name>Elwise_f32_MAX</Name>
          <Value>Elwise_f32_MAX</Value>
          <Message></Message>
        </Entry>
        <Entry>
          <Name>Elwise_f32_MIN</Name>
          <Value>Elwise_f32_MIN</Value>
          <Message></Message>
        </Entry>
        <Entry>
          <Name>Elwise_f32_MODULO</Name>
          <Value>Elwise_f32_MODULO</Value>
          <Message></Message>
        </Entry>
        <Entry>
          <Name>Elwise_f32_MULTIPLY</Name>
          <Value>Elwise_f32_MULTIPLY</Value>
          <Message></Message>
        </Entry>
        <Entry>
          <Name>Elwise_f32_MULTIPY_CONSTANT</Name>
          <Value>Elwise_f32_MULTIPY_CONSTANT</Value>
          <Message></Message>
        </Entry>
        <Entry>
          <Name>Elwise_f32_POW</Name>
          <Value>Elwise_f32_POW</Value>
          <Message></Message>
        </Entry>
        <Entry>
          <Name>Elwise_f32_REMAINDER</Name>
          <Value>Elwise_f32_REMAINDER</Value>
          <Message></Message>
        </Entry>
        <Entry>
          <Name>Elwise_f32_SIN</Name>
          <Value>Elwise_f32_SIN</Value>
          <Message></Message>
        </Entry>
        <Entry>
          <Name>Elwise_f32_SQRT</Name>
          <Value>Elwise_f32_SQRT</Value>
          <Message></Message>
        </Entry>
        <Entry>
          <Name>Elwise_f32_SUBTRACT</Name>
          <Value>Elwise_f32_SUBTRACT</Value>
          <Message></Message>
        </Entry>
        <Entry>
          <Name>Elwise_f32_SUBTRACT_CONSTANT</Name>
          <Value>Elwise_f32_SUBTRACT_CONSTANT</Value>
          <Message></Message>
        </Entry>
        <Entry>
          <Name>Elwise_f32_TAN</Name>
          <Value>Elwise_f32_TAN</Value>
          <Message></Message>
        </Entry>
        <Entry>
          <Name>Elwise_f32_TGAMMA</Name>
          <Value>Elwise_f32_TGAMMA</Value>
          <Message></Message>
        </Entry>
        <Entry>
          <Name>Elwise_f64_ADD</Name>
          <Value>Elwise_f64_ADD</Value>
          <Message></Message>
        </Entry>
        <Entry>
          <Name>Elwise_f64_ADD_CONSTANT</Name>
          <Value>Elwise_f64_ADD_CONSTANT</Value>
          <Message></Message>
        </Entry>
        <Entry>
          <Name>Elwise_f64_ARC_COS</Name>
          <Value>Elwise_f64_ARC_COS</Value>
          <Message></Message>
        </Entry>
        <Entry>
          <Name>Elwise_f64_ARC_SIN</Name>
          <Value>Elwise_f64_ARC_SIN</Value>
          <Message></Message>
        </Entry>
        <Entry>
          <Name>Elwise_f64_ARC_TAN</Name>
          <Value>Elwise_f64_ARC_TAN</Value>
          <Message></Message>
        </Entry>
        <Entry>
          <Name>Elwise_f64_ATAN2</Name>
          <Value>Elwise_f64_ATAN2</Value>
          <Message></Message>
        </Entry>
        <Entry>
          <Name>Elwise_f64_CBRT</Name>
          <Value>Elwise_f64_CBRT</Value>
          <Message></Message>
        </Entry>
        <Entry>
          <Name>Elwise_f64_COS</Name>
          <Value>Elwise_f64_COS</Value>
          <Message></Message>
        </Entry>
        <Entry>
          <Name>Elwise_f64_DIVIDE</Name>
          <Value>Elwise_f64_DIVIDE</Value>
          <Message></Message>
        </Entry>
        <Entry>
          <Name>Elwise_f64_DIVIDE_CONSTANT</Name>
          <Value>Elwise_f64_DIVIDE_CONSTANT</Value>
          <Message></Message>
        </Entry>
        <Entry>
          <Name>Elwise_f64_ERF</Name>
          <Value>Elwise_f64_ERF</Value>
          <Message></Message>
        </Entry>
        <Entry>
          <Name>Elwise_f64_ERFC</Name>
          <Value>Elwise_f64_ERFC</Value>
          <Message></Message>
        </Entry>
        <Entry>
          <Name>Elwise_f64_EXP</Name>
          <Value>Elwise_f64_EXP</Value>
          <Message></Message>
        </Entry>
        <Entry>
          <Name>Elwise_f64_EXP_M1</Name>
          <Value>Elwise_f64_EXP_M1</Value>
          <Message></Message>
        </Entry>
        <Entry>
          <Name>Elwise_f64_HYPOT</Name>
          <Value>Elwise_f64_HYPOT</Value>
          <Message></Message>
        </Entry>
        <Entry>
          <Name>Elwise_f64_HYP_ARC_COS</Name>
          <Value>Elwise_f64_HYP_ARC_COS</Value>
          <Message></Message>
        </Entry>
        <Entry>
          <Name>Elwise_f64_HYP_ARC_SIN</Name>
          <Value>Elwise_f64_HYP_ARC_SIN</Value>
          <Message></Message>
        </Entry>
        <Entry>
          <Name>Elwise_f64_HYP_ARC_TAN</Name>
          <Value>Elwise_f64_HYP_ARC_TAN</Value>
          <Message></Message>
        </Entry>
        <Entry>
          <Name>Elwise_f64_HYP_COS</Name>
          <Value>Elwise_f64_HYP_COS</Value>
          <Message></Message>
        </Entry>
        <Entry>
          <Name>Elwise_f64_HYP_SIN</Name>
          <Value>Elwise_f64_HYP_SIN</Value>
          <Message></Message>
        </Entry>
        <Entry>
          <Name>Elwise_f64_HYP_TAN</Name>
          <Value>Elwise_f64_HYP_TAN</Value>
          <Message></Message>
        </Entry>
        <Entry>
          <Name>Elwise_f64_IS_INF</Name>
          <Value>Elwise_f64_IS_INF</Value>
          <Message></Message>
        </Entry>
        <Entry>
          <Name>Elwise_f64_IS_NAN</Name>
          <Value>Elwise_f64_IS_NAN</Value>
          <Message></Message>
        </Entry>
        <Entry>
          <Name>Elwise_f64_IS_ZERO</Name>
          <Value>Elwise_f64_IS_ZERO</Value>
          <Message></Message>
        </Entry>
        <Entry>
          <Name>Elwise_f64_LGAMMA</Name>
          <Value>Elwise_f64_LGAMMA</Value>
          <Message></Message>
        </Entry>
        <Entry>
          <Name>Elwise_f64_LOG10</Name>
          <Value>Elwise_f64_LOG10</Value>
          <Message></Message>
        </Entry>
        <Entry>
          <Name>Elwise_f64_LOG_1P</Name>
          <Value>Elwise_f64_LOG_1P</Value>
          <Message></Message>
        </Entry>
        <Entry>
          <Name>Elwise_f64_LOG_E</Name>
          <Value>Elwise_f64_LOG_E</Value>
          <Message></Message>
        </Entry>
        <Entry>
          <Name>Elwise_f64_MAX</Name>
          <Value>Elwise_f64_MAX</Value>
          <Message></Message>
        </Entry>
        <Entry>
          <Name>Elwise_f64_MIN</Name>
          <Value>Elwise_f64_MIN</Value>
          <Message></Message>
        </Entry>
        <Entry>
          <Name>Elwise_f64_MODULO</Name>
          <Value>Elwise_f64_MODULO</Value>
          <Message></Message>
        </Entry>
        <Entry>
          <Name>Elwise_f64_MULTIPLY</Name>
          <Value>Elwise_f64_MULTIPLY</Value>
          <Message></Message>
        </Entry>
        <Entry>
          <Name>Elwise_f64_MULTIPY_CONSTANT</Name>
          <Value>Elwise_f64_MULTIPY_CONSTANT</Value>
          <Message></Message>
        </Entry>
        <Entry>
          <Name>Elwise_f64_POW</Name>
          <Value>Elwise_f64_POW</Value>
          <Message></Message>
        </Entry>
        <Entry>
          <Name>Elwise_f64_REMAINDER</Name>
          <Value>Elwise_f64_REMAINDER</Value>
          <Message></Message>
        </Entry>
        <Entry>
          <Name>Elwise_f64_SIN</Name>
          <Value>Elwise_f64_SIN</Value>
          <Message></Message>
        </Entry>
        <Entry>
          <Name>Elwise_f64_SQRT</Name>
          <Value>Elwise_f64_SQRT</Value>
          <Message></Message>
        </Entry>
        <Entry>
          <Name>Elwise_f64_SUBTRACT</Name>
          <Value>Elwise_f64_SUBTRACT</Value>
          <Message></Message>
        </Entry>
        <Entry>
          <Name>Elwise_f64_SUBTRACT_CONSTANT</Name>
          <Value>Elwise_f64_SUBTRACT_CONSTANT</Value>
          <Message></Message>
        </Entry>
        <Entry>
          <Name>Elwise_f64_TAN</Name>
          <Value>Elwise_f64_TAN</Value>
          <Message></Message>
        </Entry>
        <Entry>
          <Name>Elwise_f64_TGAMMA</Name>
          <Value>Elwise_f64_TGAMMA</Value>
          <Message></Message>
        </Entry>
        <Entry>
          <Name>Elwise_s16_ADD</Name>
          <Value>Elwise_s16_ADD</Value>
          <Message></Message>
        </Entry>
        <Entry>
          <Name>Elwise_s16_ADD_CONSTANT</Name>
          <Value>Elwise_s16_ADD_CONSTANT</Value>
          <Message></Message>
        </Entry>
        <Entry>
          <Name>Elwise_s16_DIVIDE</Name>
          <Value>Elwise_s16_DIVIDE</Value>
          <Message></Message>
        </Entry>
        <Entry>
          <Name>Elwise_s16_DIVIDE_CONSTANT</Name>
          <Value>Elwise_s16_DIVIDE_CONSTANT</Value>
          <Message></Message>
        </Entry>
        <Entry>
          <Name>Elwise_s16_MAX</Name>
          <Value>Elwise_s16_MAX</Value>
          <Message></Message>
        </Entry>
        <Entry>
          <Name>Elwise_s16_MIN</Name>
          <Value>Elwise_s16_MIN</Value>
          <Message></Message>
        </Entry>
        <Entry>
          <Name>Elwise_s16_MODULO</Name>
          <Value>Elwise_s16_MODULO</Value>
          <Message></Message>
        </Entry>
        <Entry>
          <Name>Elwise_s16_MULTIPLY</Name>
          <Value>Elwise_s16_MULTIPLY</Value>
          <Message></Message>
        </Entry>
        <Entry>
          <Name>Elwise_s16_MULTIPY_CONSTANT</Name>
          <Value>Elwise_s16_MULTIPY_CONSTANT</Value>
          <Message></Message>
        </Entry>
        <Entry>
          <Name>Elwise_s16_REMAINDER</Name>
          <Value>Elwise_s16_REMAINDER</Value>
          <Message></Message>
        </Entry>
        <Entry>
          <Name>Elwise_s16_SUBTRACT</Name>
          <Value>Elwise_s16_SUBTRACT</Value>
          <Message></Message>
        </Entry>
        <Entry>
          <Name>Elwise_s16_SUBTRACT_CONSTANT</Name>
          <Value>Elwise_s16_SUBTRACT_CONSTANT</Value>
          <Message></Message>
        </Entry>
        <Entry>
          <Name>Elwise_s32_ADD</Name>
          <Value>Elwise_s32_ADD</Value>
          <Message></Message>
        </Entry>
        <Entry>
          <Name>Elwise_s32_ADD_CONSTANT</Name>
          <Value>Elwise_s32_ADD_CONSTANT</Value>
          <Message></Message>
        </Entry>
        <Entry>
          <Name>Elwise_s32_DIVIDE</Name>
          <Value>Elwise_s32_DIVIDE</Value>
          <Message></Message>
        </Entry>
        <Entry>
          <Name>Elwise_s32_DIVIDE_CONSTANT</Name>
          <Value>Elwise_s32_DIVIDE_CONSTANT</Value>
          <Message></Message>
        </Entry>
        <Entry>
          <Name>Elwise_s32_MAX</Name>
          <Value>Elwise_s32_MAX</Value>
          <Message></Message>
        </Entry>
        <Entry>
          <Name>Elwise_s32_MIN</Name>
          <Value>Elwise_s32_MIN</Value>
          <Message></Message>
        </Entry>
        <Entry>
          <Name>Elwise_s32_MODULO</Name>
          <Value>Elwise_s32_MODULO</Value>
          <Message></Message>
        </Entry>
        <Entry>
          <Name>Elwise_s32_MULTIPLY</Name>
          <Value>Elwise_s32_MULTIPLY</Value>
          <Message></Message>
        </Entry>
        <Entry>
          <Name>Elwise_s32_MULTIPY_CONSTANT</Name>
          <Value>Elwise_s32_MULTIPY_CONSTANT</Value>
          <Message></Message>
        </Entry>
        <Entry>
          <Name>Elwise_s32_REMAINDER</Name>
          <Value>Elwise_s32_REMAINDER</Value>
          <Message></Message>
        </Entry>
        <Entry>
          <Name>Elwise_s32_SUBTRACT</Name>
          <Value>Elwise_s32_SUBTRACT</Value>
          <Message></Message>
        </Entry>
        <Entry>
          <Name>Elwise_s32_SUBTRACT_CONSTANT</Name>
          <Value>Elwise_s32_SUBTRACT_CONSTANT</Value>
          <Message></Message>
        </Entry>
        <Entry>
          <Name>Elwise_s64_ADD</Name>
          <Value>Elwise_s64_ADD</Value>
          <Message></Message>
        </Entry>
        <Entry>
          <Name>Elwise_s64_ADD_CONSTANT</Name>
          <Value>Elwise_s64_ADD_CONSTANT</Value>
          <Message></Message>
        </Entry>
        <Entry>
          <Name>Elwise_s64_DIVIDE</Name>
          <Value>Elwise_s64_DIVIDE</Value>
          <Message></Message>
        </Entry>
        <Entry>
          <Name>Elwise_s64_DIVIDE_CONSTANT</Name>
          <Value>Elwise_s64_DIVIDE_CONSTANT</Value>
          <Message></Message>
        </Entry>
        <Entry>
          <Name>Elwise_s64_MAX</Name>
          <Value>Elwise_s64_MAX</Value>
          <Message></Message>
        </Entry>
        <Entry>
          <Name>Elwise_s64_MIN</Name>
          <Value>Elwise_s64_MIN</Value>
          <Message></Message>
        </Entry>
        <Entry>
          <Name>Elwise_s64_MODULO</Name>
          <Value>Elwise_s64_MODULO</Value>
          <Message></Message>
        </Entry>
        <Entry>
          <Name>Elwise_s64_MULTIPLY</Name>
          <Value>Elwise_s64_MULTIPLY</Value>
          <Message></Message>
        </Entry>
        <Entry>
          <Name>Elwise_s64_MULTIPY_CONSTANT</Name>
          <Value>Elwise_s64_MULTIPY_CONSTANT</Value>
          <Message></Message>
        </Entry>
        <Entry>
          <Name>Elwise_s64_REMAINDER</Name>
          <Value>Elwise_s64_REMAINDER</Value>
          <Message></Message>
        </Entry>
        <Entry>
          <Name>Elwise_s64_SUBTRACT</Name>
          <Value>Elwise_s64_SUBTRACT</Value>
          <Message></Message>
        </Entry>
        <Entry>
          <Name>Elwise_s64_SUBTRACT_CONSTANT</Name>
          <Value>Elwise_s64_SUBTRACT_CONSTANT</Value>
          <Message></Message>
        </Entry>
        <Entry>
          <Name>Elwise_u8_ADD</Name>
          <Value>Elwise_u8_ADD</Value>
          <Message></Message>
        </Entry>
        <Entry>
          <Name>Elwise_u8_ADD_CONSTANT</Name>
          <Value>Elwise_u8_ADD_CONSTANT</Value>
          <Message></Message>
        </Entry>
        <Entry>
          <Name>Elwise_u8_DIVIDE</Name>
          <Value>Elwise_u8_DIVIDE</Value>
          <Message></Message>
        </Entry>
        <Entry>
          <Name>Elwise_u8_DIVIDE_CONSTANT</Name>
          <Value>Elwise_u8_DIVIDE_CONSTANT</Value>
          <Message></Message>
        </Entry>
        <Entry>
          <Name>Elwise_u8_MAX</Name>
          <Value>Elwise_u8_MAX</Value>
          <Message></Message>
        </Entry>
        <Entry>
          <Name>Elwise_u8_MIN</Name>
          <Value>Elwise_u8_MIN</Value>
          <Message></Message>
        </Entry>
        <Entry>
          <Name>Elwise_u8_MODULO</Name>
          <Value>Elwise_u8_MODULO</Value>
          <Message></Message>
        </Entry>
        <Entry>
          <Name>Elwise_u8_MULTIPLY</Name>
          <Value>Elwise_u8_MULTIPLY</Value>
          <Message></Message>
        </Entry>
        <Entry>
          <Name>Elwise_u8_MULTIPY_CONSTANT</Name>
          <Value>Elwise_u8_MULTIPY_CONSTANT</Value>
          <Message></Message>
        </Entry>
        <Entry>
          <Name>Elwise_u8_REMAINDER</Name>
          <Value>Elwise_u8_REMAINDER</Value>
          <Message></Message>
        </Entry>
        <Entry>
          <Name>Elwise_u8_SUBTRACT</Name>
          <Value>Elwise_u8_SUBTRACT</Value>
          <Message></Message>
        </Entry>
        <Entry>
          <Name>Elwise_u8_SUBTRACT_CONSTANT</Name>
          <Value>Elwise_u8_SUBTRACT_CONSTANT</Value>
          <Message></Message>
        </Entry>
        <Entry>
          <Name>Erode_f32_11x11</Name>
          <Value>Erode_f32_11x11</Value>
          <Message></Message>
        </Entry>
        <Entry>
          <Name>Erode_f32_3x3</Name>
          <Value>Erode_f32_3x3</Value>
          <Message></Message>
        </Entry>
        <Entry>
          <Name>Erode_f32_5x5</Name>
          <Value>Erode_f32_5x5</Value>
          <Message></Message>
        </Entry>
        <Entry>
          <Name>Erode_f32_9x9</Name>
          <Value>Erode_f32_9x9</Value>
          <Message></Message>
        </Entry>
        <Entry>
          <Name>Erode_f64_11x11</Name>
          <Value>Erode_f64_11x11</Value>
          <Message></Message>
        </Entry>
        <Entry>
          <Name>Erode_f64_3x3</Name>
          <Value>Erode_f64_3x3</Value>
          <Message></Message>
        </Entry>
        <Entry>
          <Name>Erode_f64_5x5</Name>
          <Value>Erode_f64_5x5</Value>
          <Message></Message>
        </Entry>
        <Entry>
          <Name>Erode_f64_9x9</Name>
          <Value>Erode_f64_9x9</Value>
          <Message></Message>
        </Entry>
        <Entry>
          <Name>Erode_s16_11x11</Name>
          <Value>Erode_s16_11x11</Value>
          <Message></Message>
        </Entry>
        <Entry>
          <Name>Erode_s16_3x3</Name>
          <Value>Erode_s16_3x3</Value>
          <Message></Message>
        </Entry>
        <Entry>
          <Name>Erode_s16_5x5</Name>
          <Value>Erode_s16_5x5</Value>
          <Message></Message>
        </Entry>
        <Entry>
          <Name>Erode_s16_9x9</Name>
          <Value>Erode_s16_9x9</Value>
          <Message></Message>
        </Entry>
        <Entry>
          <Name>Erode_s32_11x11</Name>
          <Value>Erode_s32_11x11</Value>
          <Message></Message>
        </Entry>
        <Entry>
          <Name>Erode_s32_3x3</Name>
          <Value>Erode_s32_3x3</Value>
          <Message></Message>
        </Entry>
        <Entry>
          <Name>Erode_s32_5x5</Name>
          <Value>Erode_s32_5x5</Value>
          <Message></Message>
        </Entry>
        <Entry>
          <Name>Erode_s32_9x9</Name>
          <Value>Erode_s32_9x9</Value>
          <Message></Message>
        </Entry>
        <Entry>
          <Name>Erode_u8_11x11</Name>
          <Value>Erode_u8_11x11</Value>
          <Message></Message>
        </Entry>
        <Entry>
          <Name>Erode_u8_3x3</Name>
          <Value>Erode_u8_3x3</Value>
          <Message></Message>
        </Entry>
        <Entry>
          <Name>Erode_u8_5x5</Name>
          <Value>Erode_u8_5x5</Value>
          <Message></Message>
        </Entry>
        <Entry>
          <Name>Erode_u8_9x9</Name>
          <Value>Erode_u8_9x9</Value>
          <Message></Message>
        </Entry>
        <Entry>
          <Name>FFT_1D_f32</Name>
          <Value>FFT_1D_f32</Value>
          <Message></Message>
        </Entry>
        <Entry>
          <Name>FFT_1D_f64</Name>
          <Value>FFT_1D_f64</Value>
          <Message></Message>
        </Entry>
        <Entry>
          <Name>FFT_2D_f32</Name>
          <Value>FFT_2D_f32</Value>
          <Message></Message>
        </Entry>
        <Entry>
          <Name>FFT_2D_f64</Name>
          <Value>FFT_2D_f64</Value>
          <Message></Message>
        </Entry>
        <Entry>
          <Name>GFOR_FOR_LOOP_SUM</Name>
          <Value>GFOR_FOR_LOOP_SUM</Value>
          <Message></Message>
        </Entry>
        <Entry>
          <Name>GFOR_NO_LOOP_SUM</Name>
          <Value>GFOR_NO_LOOP_SUM</Value>
          <Message></Message>
        </Entry>
        <Entry>
          <Name>GFOR_SUM</Name>
          <Value>GFOR_SUM</Value>
          <Message></Message>
        </Entry>
        <Entry>
          <Name>Histogram_f32</Name>
          <Value>Histogram_f32</Value>
          <Message></Message>
        </Entry>
        <Entry>
          <Name>Histogram_f64</Name>
          <Value>Histogram_f64</Value>
          <Message></Message>
        </Entry>
        <Entry>
          <Name>Image_Bilateral_11x11</Name>
          <Value>Image_Bilateral_11x11</Value>
          <Message></Message>
        </Entry>
        <Entry>
          <Name>Image_Bilateral_5x5</Name>
          <Value>Image_Bilateral_5x5</Value>
          <Message></Message>
        </Entry>
        <Entry>
          <Name>Image_Bilateral_9x9</Name>
          <Value>Image_Bilateral_9x9</Value>
          <Message></Message>
        </Entry>
        <Entry>
          <Name>Image_Convolve_11x11</Name>
          <Value>Image_Convolve_11x11</Value>
          <Message></Message>
        </Entry>
        <Entry>
          <Name>Image_Convolve_5x5</Name>
          <Value>Image_Convolve_5x5</Value>
          <Message></Message>
        </Entry>
        <Entry>
          <Name>Image_Convolve_9x9</Name>
          <Value>Image_Convolve_9x9</Value>
          <Message></Message>
        </Entry>
        <Entry>
          <Name>Image_Erode_11x11</Name>
          <Value>Image_Erode_11x11</Value>
          <Message></Message>
        </Entry>
        <Entry>
          <Name>Image_Erode_5x5</Name>
          <Value>Image_Erode_5x5</Value>
          <Message></Message>
        </Entry>
        <Entry>
          <Name>Image_Erode_9x9</Name>
          <Value>Image_Erode_9x9</Value>
          <Message></Message>
        </Entry>
        <Entry>
          <Name>Image_FAST</Name>
          <Value>Image_FAST</Value>
          <Message></Message>
        </Entry>
        <Entry>
          <Name>Image_Histogram</Name>
          <Value>Image_Histogram</Value>
          <Message></Message>
        </Entry>
        <Entry>
          <Name>Image_ORB</Name>
          <Value>Image_ORB</Value>
          <Message></Message>
        </Entry>
        <Entry>
          <Name>Image_Resize_Expand_2x</Name>
          <Value>Image_Resize_Expand_2x</Value>
          <Message></Message>
        </Entry>
        <Entry>
          <Name>Image_Resize_Shrink_2x</Name>
          <Value>Image_Resize_Shrink_2x</Value>
          <Message></Message>
        </Entry>
        <Entry>
          <Name>Cholesky_f32</Name>
          <Value>Cholesky_f32</Value>
          <Message></Message>
        </Entry>
        <Entry>
          <Name>Cholesky_f64</Name>
          <Value>Cholesky_f64</Value>
          <Message></Message>
        </Entry>
        <Entry>
          <Name>LU_f32</Name>
          <Value>LU_f32</Value>
          <Message></Message>
        </Entry>
        <Entry>
          <Name>LU_f64</Name>
          <Value>LU_f64</Value>
          <Message></Message>
        </Entry>
        <Entry>
          <Name>MatrixMultiply_f32</Name>
          <Value>MatrixMultiply_f32</Value>
          <Message></Message>
        </Entry>
        <Entry>
          <Name>MatrixMultiply_f64</Name>
          <Value>MatrixMultiply_f64</Value>
          <Message></Message>
        </Entry>
        <Entry>
          <Name>MedianFilter_f32_5x5_PAD_SYM</Name>
          <Value>MedianFilter_f32_5x5_PAD_SYM</Value>
          <Message></Message>
        </Entry>
        <Entry>
          <Name>MedianFilter_f32_5x5_PAD_ZERO</Name>
          <Value>MedianFilter_f32_5x5_PAD_ZERO</Value>
          <Message></Message>
        </Entry>
        <Entry>
          <Name>MedianFilter_f64_5x5_PAD_SYM</Name>
          <Value>MedianFilter_f64_5x5_PAD_SYM</Value>
          <Message></Message>
        </Entry>
        <Entry>
          <Name>MedianFilter_f64_5x5_PAD_ZERO</Name>
          <Value>MedianFilter_f64_5x5_PAD_ZERO</Value>
          <Message></Message>
        </Entry>
        <Entry>
          <Name>PinnedMemory_f32_Bandwidth</Name>
          <Value>PinnedMemory_f32_Bandwidth</Value>
          <Message></Message>
        </Entry>
        <Entry>
          <Name>PinnedMemory_f64_Bandwidth</Name>
          <Value>PinnedMemory_f64_Bandwidth</Value>
          <Message></Message>
        </Entry>
        <Entry>
          <Name>PinnedMemory_s16_Bandwidth</Name>
          <Value>PinnedMemory_s16_Bandwidth</Value>
          <Message></Message>
        </Entry>
        <Entry>
          <Name>PinnedMemory_s32_Bandwidth</Name>
          <Value>PinnedMemory_s32_Bandwidth</Value>
          <Message></Message>
        </Entry>
        <Entry>
          <Name>PinnedMemory_s64_Bandwidth</Name>
          <Value>PinnedMemory_s64_Bandwidth</Value>
          <Message></Message>
        </Entry>
        <Entry>
          <Name>PinnedMemory_u8_Bandwidth</Name>
          <Value>PinnedMemory_u8_Bandwidth</Value>
          <Message></Message>
        </Entry>
        <Entry>
          <Name>Expand_2D_f32_AF_INTERP_BILINEAR</Name>
          <Value>Expand_2D_f32_AF_INTERP_BILINEAR</Value>
          <Message></Message>
        </Entry>
        <Entry>
          <Name>Expand_2D_f32_AF_INTERP_NEAREST</Name>
          <Value>Expand_2D_f32_AF_INTERP_NEAREST</Value>
          <Message></Message>
        </Entry>
        <Entry>
          <Name>Expand_2D_f64_AF_INTERP_BILINEAR</Name>
          <Value>Expand_2D_f64_AF_INTERP_BILINEAR</Value>
          <Message></Message>
        </Entry>
        <Entry>
          <Name>Expand_2D_f64_AF_INTERP_NEAREST</Name>
          <Value>Expand_2D_f64_AF_INTERP_NEAREST</Value>
          <Message></Message>
        </Entry>
        <Entry>
          <Name>Expand_2D_s16_AF_INTERP_BILINEAR</Name>
          <Value>Expand_2D_s16_AF_INTERP_BILINEAR</Value>
          <Message></Message>
        </Entry>
        <Entry>
          <Name>Expand_2D_s16_AF_INTERP_NEAREST</Name>
          <Value>Expand_2D_s16_AF_INTERP_NEAREST</Value>
          <Message></Message>
        </Entry>
        <Entry>
          <Name>Expand_2D_s32_AF_INTERP_BILINEAR</Name>
          <Value>Expand_2D_s32_AF_INTERP_BILINEAR</Value>
          <Message></Message>
        </Entry>
        <Entry>
          <Name>Expand_2D_s32_AF_INTERP_NEAREST</Name>
          <Value>Expand_2D_s32_AF_INTERP_NEAREST</Value>
          <Message></Message>
        </Entry>
        <Entry>
          <Name>Expand_2D_s64_AF_INTERP_BILINEAR</Name>
          <Value>Expand_2D_s64_AF_INTERP_BILINEAR</Value>
          <Message></Message>
        </Entry>
        <Entry>
          <Name>Expand_2D_s64_AF_INTERP_NEAREST</Name>
          <Value>Expand_2D_s64_AF_INTERP_NEAREST</Value>
          <Message></Message>
        </Entry>
        <Entry>
          <Name>Expand_2D_u8_AF_INTERP_BILINEAR</Name>
          <Value>Expand_2D_u8_AF_INTERP_BILINEAR</Value>
          <Message></Message>
        </Entry>
        <Entry>
          <Name>Expand_2D_u8_AF_INTERP_NEAREST</Name>
          <Value>Expand_2D_u8_AF_INTERP_NEAREST</Value>
          <Message></Message>
        </Entry>
        <Entry>
          <Name>Shrink_2D_f32_AF_INTERP_BILINEAR</Name>
          <Value>Shrink_2D_f32_AF_INTERP_BILINEAR</Value>
          <Message></Message>
        </Entry>
        <Entry>
          <Name>Shrink_2D_f32_AF_INTERP_NEAREST</Name>
          <Value>Shrink_2D_f32_AF_INTERP_NEAREST</Value>
          <Message></Message>
        </Entry>
        <Entry>
          <Name>Shrink_2D_f64_AF_INTERP_BILINEAR</Name>
          <Value>Shrink_2D_f64_AF_INTERP_BILINEAR</Value>
          <Message></Message>
        </Entry>
        <Entry>
          <Name>Shrink_2D_f64_AF_INTERP_NEAREST</Name>
          <Value>Shrink_2D_f64_AF_INTERP_NEAREST</Value>
          <Message></Message>
        </Entry>
        <Entry>
          <Name>Shrink_2D_s16_AF_INTERP_BILINEAR</Name>
          <Value>Shrink_2D_s16_AF_INTERP_BILINEAR</Value>
          <Message></Message>
        </Entry>
        <Entry>
          <Name>Shrink_2D_s16_AF_INTERP_NEAREST</Name>
          <Value>Shrink_2D_s16_AF_INTERP_NEAREST</Value>
          <Message></Message>
        </Entry>
        <Entry>
          <Name>Shrink_2D_s32_AF_INTERP_BILINEAR</Name>
          <Value>Shrink_2D_s32_AF_INTERP_BILINEAR</Value>
          <Message></Message>
        </Entry>
        <Entry>
          <Name>Shrink_2D_s32_AF_INTERP_NEAREST</Name>
          <Value>Shrink_2D_s32_AF_INTERP_NEAREST</Value>
          <Message></Message>
        </Entry>
        <Entry>
          <Name>Shrink_2D_s64_AF_INTERP_BILINEAR</Name>
          <Value>Shrink_2D_s64_AF_INTERP_BILINEAR</Value>
          <Message></Message>
        </Entry>
        <Entry>
          <Name>Shrink_2D_s64_AF_INTERP_NEAREST</Name>
          <Value>Shrink_2D_s64_AF_INTERP_NEAREST</Value>
          <Message></Message>
        </Entry>
        <Entry>
          <Name>Shrink_2D_u8_AF_INTERP_BILINEAR</Name>
          <Value>Shrink_2D_u8_AF_INTERP_BILINEAR</Value>
          <Message></Message>
        </Entry>
        <Entry>
          <Name>Shrink_2D_u8_AF_INTERP_NEAREST</Name>
          <Value>Shrink_2D_u8_AF_INTERP_NEAREST</Value>
          <Message></Message>
        </Entry>
        <Entry>
          <Name>Rotate_f32_INTERP_NEAREST</Name>
          <Value>Rotate_f32_INTERP_NEAREST</Value>
          <Message></Message>
        </Entry>
        <Entry>
          <Name>Rotate_f64_INTERP_NEAREST</Name>
          <Value>Rotate_f64_INTERP_NEAREST</Value>
          <Message></Message>
        </Entry>
        <Entry>
          <Name>Rotate_s16_INTERP_NEAREST</Name>
          <Value>Rotate_s16_INTERP_NEAREST</Value>
          <Message></Message>
        </Entry>
        <Entry>
          <Name>Rotate_s32_INTERP_NEAREST</Name>
          <Value>Rotate_s32_INTERP_NEAREST</Value>
          <Message></Message>
        </Entry>
        <Entry>
          <Name>Rotate_s64_INTERP_NEAREST</Name>
          <Value>Rotate_s64_INTERP_NEAREST</Value>
          <Message></Message>
        </Entry>
        <Entry>
          <Name>Rotate_u8_INTERP_NEAREST</Name>
          <Value>Rotate_u8_INTERP_NEAREST</Value>
          <Message></Message>
        </Entry>
        <Entry>
          <Name>Sort_f32_ACENDING</Name>
          <Value>Sort_f32_ACENDING</Value>
          <Message></Message>
        </Entry>
        <Entry>
          <Name>Sort_f32_DECENDING</Name>
          <Value>Sort_f32_DECENDING</Value>
          <Message></Message>
        </Entry>
        <Entry>
          <Name>Sort_f64_ACENDING</Name>
          <Value>Sort_f64_ACENDING</Value>
          <Message></Message>
        </Entry>
        <Entry>
          <Name>Sort_f64_DECENDING</Name>
          <Value>Sort_f64_DECENDING</Value>
          <Message></Message>
        </Entry>
        <Entry>
          <Name>Sort_s16_ACENDING</Name>
          <Value>Sort_s16_ACENDING</Value>
          <Message></Message>
        </Entry>
        <Entry>
          <Name>Sort_s16_DECENDING</Name>
          <Value>Sort_s16_DECENDING</Value>
          <Message></Message>
        </Entry>
        <Entry>
          <Name>Sort_s32_ACENDING</Name>
          <Value>Sort_s32_ACENDING</Value>
          <Message></Message>
        </Entry>
        <Entry>
          <Name>Sort_s32_DECENDING</Name>
          <Value>Sort_s32_DECENDING</Value>
          <Message></Message>
        </Entry>
        <Entry>
          <Name>Sort_s64_ACENDING</Name>
          <Value>Sort_s64_ACENDING</Value>
          <Message></Message>
        </Entry>
        <Entry>
          <Name>Sort_s64_DECENDING</Name>
          <Value>Sort_s64_DECENDING</Value>
          <Message></Message>
        </Entry>
        <Entry>
          <Name>Sort_u16_ACENDING</Name>
          <Value>Sort_u16_ACENDING</Value>
          <Message></Message>
        </Entry>
        <Entry>
          <Name>Sort_u16_DECENDING</Name>
          <Value>Sort_u16_DECENDING</Value>
          <Message></Message>
        </Entry>
        <Entry>
          <Name>Sort_u32_ACENDING</Name>
          <Value>Sort_u32_ACENDING</Value>
          <Message></Message>
        </Entry>
        <Entry>
          <Name>Sort_u32_DECENDING</Name>
          <Value>Sort_u32_DECENDING</Value>
          <Message></Message>
        </Entry>
        <Entry>
          <Name>Sort_u64_ACENDING</Name>
          <Value>Sort_u64_ACENDING</Value>
          <Message></Message>
        </Entry>
        <Entry>
          <Name>Sort_u64_DECENDING</Name>
          <Value>Sort_u64_DECENDING</Value>
          <Message></Message>
        </Entry>
        <Entry>
          <Name>Sort_u8_ACENDING</Name>
          <Value>Sort_u8_ACENDING</Value>
          <Message></Message>
        </Entry>
        <Entry>
          <Name>Sort_u8_DECENDING</Name>
          <Value>Sort_u8_DECENDING</Value>
          <Message></Message>
        </Entry>
        <Entry>
          <Name>Sum_1D_f32</Name>
          <Value>Sum_1D_f32</Value>
          <Message></Message>
        </Entry>
        <Entry>
          <Name>Sum_1D_f64</Name>
          <Value>Sum_1D_f64</Value>
          <Message></Message>
        </Entry>
        <Entry>
          <Name>Sum_1D_s16</Name>
          <Value>Sum_1D_s16</Value>
          <Message></Message>
        </Entry>
        <Entry>
          <Name>Sum_1D_s32</Name>
          <Value>Sum_1D_s32</Value>
          <Message></Message>
        </Entry>
        <Entry>
          <Name>Sum_1D_s64</Name>
          <Value>Sum_1D_s64</Value>
          <Message></Message>
        </Entry>
        <Entry>
          <Name>Sum_1D_u8</Name>
          <Value>Sum_1D_u8</Value>
          <Message></Message>
        </Entry>
        <Entry>
          <Name>Sum_2D_f32</Name>
          <Value>Sum_2D_f32</Value>
          <Message></Message>
        </Entry>
        <Entry>
          <Name>Sum_2D_f64</Name>
          <Value>Sum_2D_f64</Value>
          <Message></Message>
        </Entry>
        <Entry>
          <Name>Sum_2D_s16</Name>
          <Value>Sum_2D_s16</Value>
          <Message></Message>
        </Entry>
        <Entry>
          <Name>Sum_2D_s32</Name>
          <Value>Sum_2D_s32</Value>
          <Message></Message>
        </Entry>
        <Entry>
          <Name>Sum_2D_s64</Name>
          <Value>Sum_2D_s64</Value>
          <Message></Message>
        </Entry>
        <Entry>
          <Name>Sum_2D_u8</Name>
          <Value>Sum_2D_u8</Value>
          <Message></Message>
        </Entry>
        <Entry>
          <Name>Transpose_f32</Name>
          <Value>Transpose_f32</Value>
          <Message></Message>
        </Entry>
        <Entry>
          <Name>Transpose_f64</Name>
          <Value>Transpose_f64</Value>
          <Message></Message>
        </Entry>
        <Entry>
          <Name>Transpose_s16</Name>
          <Value>Transpose_s16</Value>
          <Message></Message>
        </Entry>
        <Entry>
          <Name>Transpose_s32</Name>
          <Value>Transpose_s32</Value>
          <Message></Message>
        </Entry>
        <Entry>
          <Name>Transpose_s64</Name>
          <Value>Transpose_s64</Value>
          <Message></Message>
        </Entry>
        <Entry>
          <Name>Transpose_u8</Name>
          <Value>Transpose_u8</Value>
          <Message></Message>
        </Entry>
      </Menu>
    </Option>
  </TestSettings>
</PhoronixTestSuite>
