<?xml version="1.0"?>
<!--Phoronix Test Suite v9.6.0m1-->
<PhoronixTestSuite>
  <TestInformation>
    <Title>OpenVKL</Title>
    <AppVersion>0.9</AppVersion>
    <Description>OpenVKL is the Intel Open Volume Kernel Library that offers high-performance volume computation kernels and part of the Intel oneAPI rendering toolkit.</Description>
    <ResultScale>Items / Sec</ResultScale>
    <Proportion>HIB</Proportion>
    <TimesToRun>3</TimesToRun>
  </TestInformation>
  <TestProfile>
    <Version>1.0.0</Version>
    <SupportedPlatforms>Linux, MacOSX</SupportedPlatforms>
    <SoftwareType>Utility</SoftwareType>
    <TestType>Processor</TestType>
    <License>Free</License>
    <Status>Verified</Status>
    <SupportedArchitectures>x86_64</SupportedArchitectures>
    <EnvironmentSize>560</EnvironmentSize>
    <ProjectURL>https://www.openvkl.org/</ProjectURL>
    <InternalTags>SMP</InternalTags>
    <Maintainer>Michael Larabel</Maintainer>
  </TestProfile>
  <TestSettings>
    <Option>
      <DisplayName>Benchmark</DisplayName>
      <Identifier>benchmark</Identifier>
      <Menu>
        <Entry>
          <Name>vklBenchmark</Name>
          <Value>vklBenchmark</Value>
        </Entry>
        <Entry>
          <Name>vklBenchmarkStructuredVolume</Name>
          <Value>vklBenchmarkStructuredVolume</Value>
        </Entry>
        <Entry>
          <Name>vklBenchmarkUnstructuredVolume</Name>
          <Value>vklBenchmarkUnstructuredVolume</Value>
          <Message>Quite Time Consuming</Message>
        </Entry>
        <Entry>
          <Name>vklBenchmarkVdbVolume</Name>
          <Value>vklBenchmarkVdbVolume</Value>
        </Entry>
      </Menu>
    </Option>
  </TestSettings>
</PhoronixTestSuite>
