<?xml version="1.0"?>
<!--Phoronix Test Suite v8.2.0m0-->
<PhoronixTestSuite>
  <TestInformation>
    <Title>Qmlbench</Title>
    <AppVersion>2</AppVersion>
    <Description>This test runs various micro-benchmarks of Qt5 QML.</Description>
    <ResultScale>Frames</ResultScale>
    <Proportion>HIB</Proportion>
    <TimesToRun>1</TimesToRun>
  </TestInformation>
  <TestProfile>
    <Version>1.0.0</Version>
    <SupportedPlatforms>Linux, BSD, MacOSX</SupportedPlatforms>
    <SoftwareType>Utility</SoftwareType>
    <TestType>System</TestType>
    <License>Free</License>
    <Status>Verified</Status>
    <ExternalDependencies>build-utilities, qt5-development</ExternalDependencies>
    <EnvironmentSize>3</EnvironmentSize>
    <ProjectURL>https://github.com/CrimsonAS/qmlbench</ProjectURL>
    <Maintainer>Michael Larabel</Maintainer>
  </TestProfile>
  <TestSettings>
    <Option>
      <DisplayName>Test</DisplayName>
      <Identifier>test</Identifier>
      <Menu>
        <Entry>
          <Name>Canvas Text Simple</Name>
          <Value>benchmarks/auto/canvas/canvas_text_simple.qml</Value>
        </Entry>
        <Entry>
          <Name>Moving Images Animations</Name>
          <Value>benchmarks/auto/animations/comparison/moving-images-animations.qml</Value>
        </Entry>
        <Entry>
          <Name>Creation Delegates Flow</Name>
          <Value>benchmarks/auto/creation/layouts/delegates_flow.qml</Value>
        </Entry>
        <Entry>
          <Name>Fib10</Name>
          <Value>benchmarks/auto/js/fib10.qml</Value>
        </Entry>
      </Menu>
    </Option>
  </TestSettings>
</PhoronixTestSuite>
