<?xml version="1.0"?>
<!--Phoronix Test Suite v10.2.0m2-->
<PhoronixTestSuite>
  <TestInformation>
    <Title>Opus Codec Encoding</Title>
    <AppVersion>1.3.1</AppVersion>
    <Description>Opus is an open audio codec. Opus is a lossy audio compression format designed primarily for interactive real-time applications over the Internet. This test uses Opus-Tools and measures the time required to encode a WAV file to Opus.</Description>
    <ResultScale>Seconds</ResultScale>
    <Proportion>LIB</Proportion>
    <SubTitle>WAV To Opus Encode</SubTitle>
    <TimesToRun>5</TimesToRun>
  </TestInformation>
  <TestProfile>
    <Version>1.1.1</Version>
    <SupportedPlatforms>Linux, Solaris, MacOSX, BSD, Windows</SupportedPlatforms>
    <SoftwareType>Utility</SoftwareType>
    <TestType>Processor</TestType>
    <License>Free</License>
    <Status>Verified</Status>
    <ExternalDependencies>build-utilities, vorbis-development</ExternalDependencies>
    <Extends>pts/timed-audio-encode</Extends>
    <EnvironmentSize>400</EnvironmentSize>
    <ProjectURL>http://opus-codec.org/</ProjectURL>
    <Maintainer>Michael Larabel</Maintainer>
  </TestProfile>
</PhoronixTestSuite>
