<?xml version="1.0"?>
<!--Phoronix Test Suite v8.2.0m0-->
<PhoronixTestSuite>
  <TestInformation>
    <Title>Pjdfstest</Title>
    <Description>Pjdfstest is a file-system test suite making use of POSIX file-system calls.</Description>
    <ResultScale>Seconds</ResultScale>
    <Proportion>LIB</Proportion>
    <TimesToRun>1</TimesToRun>
  </TestInformation>
  <TestProfile>
    <Version>1.0.1</Version>
    <SupportedPlatforms>Linux, Solaris, BSD</SupportedPlatforms>
    <SoftwareType>Utility</SoftwareType>
    <TestType>Disk</TestType>
    <License>Free</License>
    <Status>Verified</Status>
    <ExternalDependencies>build-utilities</ExternalDependencies>
    <RequiresRoot>TRUE</RequiresRoot>
    <EnvironmentSize>2</EnvironmentSize>
    <ProjectURL>https://github.com/pjd/pjdfstest/</ProjectURL>
    <Maintainer>Michael Larabel</Maintainer>
  </TestProfile>
</PhoronixTestSuite>
