<?xml version="1.0"?>
<!--Phoronix Test Suite v5.6.0m1 (Dedilovo)-->
<PhoronixTestSuite>
  <TestInformation>
    <Title>Landscape Mountains Demo</Title>
    <Description>A demo of Unreal Engine 4.</Description>
    <ResultScale>Frames Per Second</ResultScale>
    <Proportion>HIB</Proportion>
    <TimesToRun>3</TimesToRun>
  </TestInformation>
  <TestProfile>
    <Version>1.1.0</Version>
    <SupportedPlatforms>Linux</SupportedPlatforms>
    <SoftwareType>Game</SoftwareType>
    <TestType>Graphics</TestType>
    <License>Free</License>
    <Status>Verified</Status>
    <SupportedArchitectures>x86_64</SupportedArchitectures>
    <Extends>pts/libframetime</Extends>
    <EnvironmentSize>1100</EnvironmentSize>
    <ProjectURL>http://wiki.unrealengine.com/Linux_Demos</ProjectURL>
    <RequiresCoreVersionMin>5500</RequiresCoreVersionMin>
    <Maintainer>Michael Larabel</Maintainer>
  </TestProfile>
  <TestSettings>
    <Default>
      <Arguments>-fullscreen</Arguments>
    </Default>
    <Option>
      <DisplayName>Resolution</DisplayName>
      <Identifier>auto-resolution</Identifier>
      <DefaultEntry>0</DefaultEntry>
      <Menu>
        <Entry>
          <Name>$VIDEO_WIDTH x $VIDEO_HEIGHT</Name>
          <Value>-ResX=$VIDEO_WIDTH -ResY=$VIDEO_HEIGHT</Value>
        </Entry>
      </Menu>
    </Option>
  </TestSettings>
</PhoronixTestSuite>
