<?xml version="1.0"?>
<!--Phoronix Test Suite v10.2.1-->
<PhoronixTestSuite>
  <TestInformation>
    <Title>ParaView</Title>
    <AppVersion>5.9</AppVersion>
    <Description>This test runs ParaView benchmarks: an open-source data analytics and visualization application. Paraview describes itself as "an open-source, multi-platform data analysis and visualization application. ParaView users can quickly build visualizations to analyze their data using qualitative and quantitative techniques."</Description>
    <ResultScale>Frames / Second</ResultScale>
    <Proportion>HIB</Proportion>
    <TimesToRun>3</TimesToRun>
  </TestInformation>
  <TestProfile>
    <Version>1.2.0</Version>
    <SupportedPlatforms>Linux, Windows, MacOSX</SupportedPlatforms>
    <SoftwareType>Utility</SoftwareType>
    <TestType>Graphics</TestType>
    <License>Free</License>
    <Status>Verified</Status>
    <SupportedArchitectures>x86_64</SupportedArchitectures>
    <ExternalDependencies>python</ExternalDependencies>
    <RequiresDisplay>TRUE</RequiresDisplay>
    <EnvironmentSize>1600</EnvironmentSize>
    <ProjectURL>http://www.paraview.org/</ProjectURL>
    <Maintainer>Michael Larabel</Maintainer>
  </TestProfile>
  <TestSettings>
    <Option>
      <DisplayName>Test</DisplayName>
      <Identifier>run-test</Identifier>
      <Menu>
        <Entry>
          <Name>Many Spheres</Name>
          <Value>manyspheres.py -s 100 -r 726 -f 600</Value>
        </Entry>
        <Entry>
          <Name>Wavelet Contour</Name>
          <Value>waveletcontour.py -d 256 -f 600</Value>
        </Entry>
        <Entry>
          <Name>Wavelet Volume</Name>
          <Value>waveletvolume.py -d 256 -f 600</Value>
        </Entry>
      </Menu>
    </Option>
    <Option>
      <DisplayName>Resolution</DisplayName>
      <Identifier>auto-resolution</Identifier>
      <ArgumentPrefix>-v </ArgumentPrefix>
      <Menu>
        <Entry>
          <Name>$VIDEO_WIDTH x $VIDEO_HEIGHT</Name>
          <Value>$VIDEO_WIDTH,$VIDEO_HEIGHT</Value>
        </Entry>
      </Menu>
    </Option>
  </TestSettings>
</PhoronixTestSuite>
