<?xml version="1.0"?>
<!--Phoronix Test Suite v10.0.0m2-->
<PhoronixTestSuite>
  <TestInformation>
    <Title>InfluxDB</Title>
    <AppVersion>1.8.2</AppVersion>
    <Description>This is a benchmark of the InfluxDB open-source time-series database optimized for fast, high-availability storage for IoT and other use-cases. The InfluxDB test profile makes use of InfluxDB Inch for facilitating the benchmarks.</Description>
    <ResultScale>val/sec</ResultScale>
    <Proportion>HIB</Proportion>
    <TimesToRun>3</TimesToRun>
  </TestInformation>
  <TestProfile>
    <Version>1.0.0</Version>
    <SupportedPlatforms>Linux</SupportedPlatforms>
    <SoftwareType>Utility</SoftwareType>
    <TestType>System</TestType>
    <License>Free</License>
    <Status>Verified</Status>
    <ExternalDependencies>golang</ExternalDependencies>
    <EnvironmentSize>183</EnvironmentSize>
    <ProjectURL>https://www.influxdata.com/</ProjectURL>
    <Maintainer>Michael Larabel</Maintainer>
  </TestProfile>
  <TestSettings>
    <Option>
      <DisplayName>Concurrent Streams</DisplayName>
      <Identifier>concurrent-streams</Identifier>
      <ArgumentPrefix>-c </ArgumentPrefix>
      <Menu>
        <Entry>
          <Name>4</Name>
          <Value>4</Value>
        </Entry>
        <Entry>
          <Name>64</Name>
          <Value>64</Value>
        </Entry>
        <Entry>
          <Name>1024</Name>
          <Value>1024</Value>
        </Entry>
      </Menu>
    </Option>
    <Option>
      <DisplayName>Batch Size</DisplayName>
      <Identifier>batch</Identifier>
      <ArgumentPrefix>-b </ArgumentPrefix>
      <Menu>
        <Entry>
          <Name>10000</Name>
          <Value>10000</Value>
        </Entry>
      </Menu>
    </Option>
    <Option>
      <DisplayName>Tags</DisplayName>
      <Identifier>tags</Identifier>
      <ArgumentPrefix>-t </ArgumentPrefix>
      <Menu>
        <Entry>
          <Name>2,5000,1</Name>
          <Value>2,5000,1</Value>
        </Entry>
      </Menu>
    </Option>
    <Option>
      <DisplayName>Points Per Series</DisplayName>
      <Identifier>points</Identifier>
      <ArgumentPrefix>-p </ArgumentPrefix>
      <Menu>
        <Entry>
          <Name>10000</Name>
          <Value>10000</Value>
        </Entry>
      </Menu>
    </Option>
  </TestSettings>
</PhoronixTestSuite>
