<?xml version="1.0"?>
<!--Phoronix Test Suite v9.4.0m2-->
<PhoronixTestSuite>
  <TestInformation>
    <Title>Timed GDB GNU Debugger Compilation</Title>
    <AppVersion>9.1</AppVersion>
    <Description>This test times how long it takes to build the GNU Debugger (GDB) in a default configuration.</Description>
    <ResultScale>Seconds</ResultScale>
    <Proportion>LIB</Proportion>
    <SubTitle>Time To Compile</SubTitle>
    <TimesToRun>3</TimesToRun>
  </TestInformation>
  <TestProfile>
    <Version>1.0.1</Version>
    <SupportedPlatforms>Linux</SupportedPlatforms>
    <SoftwareType>Utility</SoftwareType>
    <TestType>Processor</TestType>
    <License>Free</License>
    <Status>Verified</Status>
    <ExternalDependencies>build-utilities, bc, bison, flex</ExternalDependencies>
    <EnvironmentSize>802</EnvironmentSize>
    <ProjectURL>https://www.gnu.org/software/gdb/</ProjectURL>
    <InternalTags>SMP</InternalTags>
    <Maintainer>Michael Larabel</Maintainer>
    <SystemDependencies>makeinfo</SystemDependencies>
  </TestProfile>
</PhoronixTestSuite>
