<?xml version="1.0"?>
<!--Phoronix Test Suite v4.4.0m1 (Forsand)-->
<PhoronixTestSuite>
  <TestInformation>
    <Title>System XZ Decompression</Title>
    <Description>This test measures the time to decompress a Linux kernel tarball using XZ.</Description>
    <ResultScale>Seconds</ResultScale>
    <Proportion>LIB</Proportion>
    <TimesToRun>3</TimesToRun>
  </TestInformation>
  <TestProfile>
    <Version>1.0.2</Version>
    <SupportedPlatforms>Linux, BSD</SupportedPlatforms>
    <SoftwareType>Utility</SoftwareType>
    <TestType>Processor</TestType>
    <Maintainer>Jim Kukunas</Maintainer>
  </TestProfile>
</PhoronixTestSuite>
