<?xml version="1.0"?>
<!--Phoronix Test Suite v5.8.0m5 (Belev)-->
<PhoronixTestSuite>
  <TestInformation>
    <Title>Redis</Title>
    <AppVersion>3.0.1</AppVersion>
    <Description>Redis is an open-source data structure server.</Description>
    <TimesToRun>3</TimesToRun>
  </TestInformation>
  <TestProfile>
    <Version>1.0.0</Version>
    <SupportedPlatforms>Linux</SupportedPlatforms>
    <SoftwareType>Benchmark</SoftwareType>
    <TestType>System</TestType>
    <License>Free</License>
    <Status>Verified</Status>
    <ExternalDependencies>build-utilities</ExternalDependencies>
    <EnvironmentSize>52</EnvironmentSize>
    <ProjectURL>http://redis.io/</ProjectURL>
    <Maintainer>Michael Larabel</Maintainer>
  </TestProfile>
  <TestSettings>
    <Default>
      <Arguments>-n 1000000 -P 32 -q -c 50 --csv</Arguments>
    </Default>
    <Option>
      <DisplayName>Test</DisplayName>
      <Identifier>test</Identifier>
      <ArgumentPrefix>-t </ArgumentPrefix>
      <DefaultEntry>0</DefaultEntry>
      <Menu>
        <Entry>
          <Name>SET</Name>
          <Value>set</Value>
        </Entry>
        <Entry>
          <Name>GET</Name>
          <Value>get</Value>
        </Entry>
        <Entry>
          <Name>LPUSH</Name>
          <Value>lpush</Value>
        </Entry>
        <Entry>
          <Name>LPOP</Name>
          <Value>lpop</Value>
        </Entry>
        <Entry>
          <Name>SADD</Name>
          <Value>sadd</Value>
        </Entry>
      </Menu>
    </Option>
  </TestSettings>
</PhoronixTestSuite>
