<?xml version="1.0"?>
<!--Phoronix Test Suite v9.0.1-->
<PhoronixTestSuite>
  <TestInformation>
    <Title>SVT-VP9</Title>
    <AppVersion>0.1</AppVersion>
    <Description>This is a test of the Intel Open Visual Cloud Scalable Video Technology SVT-VP9 CPU-based multi-threaded video encoder for the VP9 video format with a sample 1080p YUV video file.</Description>
    <ResultScale>Frames Per Second</ResultScale>
    <Proportion>HIB</Proportion>
    <TimesToRun>3</TimesToRun>
  </TestInformation>
  <TestProfile>
    <Version>1.2.0</Version>
    <SupportedPlatforms>Linux, Windows</SupportedPlatforms>
    <SoftwareType>Utility</SoftwareType>
    <TestType>Processor</TestType>
    <License>Free</License>
    <Status>Verified</Status>
    <ExternalDependencies>build-utilities, p7zip, yasm, cmake</ExternalDependencies>
    <EnvironmentSize>1900</EnvironmentSize>
    <ProjectURL>http://github.com/OpenVisualCloud/SVT-VP9</ProjectURL>
    <InternalTags>SMP</InternalTags>
    <Maintainer>Michael Larabel</Maintainer>
  </TestProfile>
  <TestSettings>
    <Option>
      <DisplayName>Tuning</DisplayName>
      <Identifier>tune</Identifier>
      <Menu>
        <Entry>
          <Name>Visual Quality Optimized</Name>
          <Value>-tune 0</Value>
        </Entry>
        <Entry>
          <Name>PSNR/SSIM Optimized</Name>
          <Value>-tune 1</Value>
          <Message>Default</Message>
        </Entry>
        <Entry>
          <Name>VMAF Optimized</Name>
          <Value>-tune 2</Value>
        </Entry>
      </Menu>
    </Option>
    <Option>
      <DisplayName>Input</DisplayName>
      <Identifier>input</Identifier>
      <Menu>
        <Entry>
          <Name>Bosphorus 1080p</Name>
          <Value>-i Bosphorus_1920x1080_120fps_420_8bit_YUV.yuv -w 1920 -h 1080</Value>
        </Entry>
      </Menu>
    </Option>
  </TestSettings>
</PhoronixTestSuite>
