<?xml version="1.0"?>
<!--Phoronix Test Suite v7.8.0m1-->
<PhoronixTestSuite>
  <TestInformation>
    <Title>NGINX Benchmark</Title>
    <AppVersion>1.9.9</AppVersion>
    <Description>This is a test of ab, which is the Apache Benchmark program running against nginx. This test profile measures how many requests per second a given system can sustain when carrying out 2,000,000 requests with 500 requests being carried out concurrently.</Description>
    <ResultScale>Requests Per Second</ResultScale>
    <Proportion>HIB</Proportion>
    <SubTitle>Static Web Page Serving</SubTitle>
    <TimesToRun>3</TimesToRun>
  </TestInformation>
  <TestProfile>
    <Version>1.2.0</Version>
    <SupportedPlatforms>Linux</SupportedPlatforms>
    <SoftwareType>Utility</SoftwareType>
    <TestType>System</TestType>
    <License>Free</License>
    <Status>Verified</Status>
    <ExternalDependencies>build-utilities, zlib-development</ExternalDependencies>
    <EnvironmentSize>61</EnvironmentSize>
    <ProjectURL>http://nginx.net/</ProjectURL>
    <Maintainer>Pekka Panula</Maintainer>
  </TestProfile>
  <TestSettings>
    <Default>
      <Arguments>-n 2000000 -c 500 http://localhost:8088/test.html</Arguments>
    </Default>
  </TestSettings>
</PhoronixTestSuite>
