<?xml version="1.0"?>
<!--Phoronix Test Suite v10.2.0-->
<PhoronixTestSuite>
  <TestInformation>
    <Title>Cython Benchmark</Title>
    <AppVersion>0.29.21</AppVersion>
    <Description>Cython provides a superset of Python that is geared to deliver C-like levels of performance. This test profile makes use of Cython's bundled benchmark tests and runs an N-Queens sample test as a simple benchmark to the system's Cython performance.</Description>
    <ResultScale>Seconds</ResultScale>
    <Proportion>LIB</Proportion>
    <TimesToRun>3</TimesToRun>
  </TestInformation>
  <TestProfile>
    <Version>1.1.0</Version>
    <SupportedPlatforms>Linux</SupportedPlatforms>
    <SoftwareType>Utility</SoftwareType>
    <TestType>Processor</TestType>
    <License>Free</License>
    <Status>Verified</Status>
    <ExternalDependencies>python</ExternalDependencies>
    <Maintainer>Victor Rodriguez</Maintainer>
  </TestProfile>
  <TestSettings>
    <Option>
      <DisplayName>Test</DisplayName>
      <Identifier>test</Identifier>
      <Menu>
        <Entry>
          <Name>N-Queens</Name>
          <Value>NQUEENS</Value>
        </Entry>
      </Menu>
    </Option>
  </TestSettings>
</PhoronixTestSuite>
