<?xml version="1.0"?>
<!--Phoronix Test Suite v4.4.0m0 (Forsand)-->
<PhoronixTestSuite>
  <TestInformation>
    <Title>GPU Residency</Title>
    <Description>This test measures the GPU residency of a given state for a 60 second interval.</Description>
    <ResultScale>ms</ResultScale>
    <Proportion>HIB</Proportion>
    <TimesToRun>1</TimesToRun>
  </TestInformation>
  <TestProfile>
    <Version>1.0.1</Version>
    <SupportedPlatforms>Linux</SupportedPlatforms>
    <SoftwareType>Utility</SoftwareType>
    <TestType>Processor</TestType>
    <Maintainer>Jim Kukunas</Maintainer>
  </TestProfile>
  <TestSettings>
    <Option>
      <DisplayName>State</DisplayName>
      <Identifier>state</Identifier>
      <Menu>
        <Entry>
          <Name>RC6</Name>
          <Value>/sys/class/drm/card0/power/rc6_residency_ms</Value>
        </Entry>
        <Entry>
          <Name>RC6P</Name>
          <Value>/sys/class/drm/card0/power/rc6p_residency_ms</Value>
        </Entry>
      </Menu>
    </Option>
  </TestSettings>
</PhoronixTestSuite>
