<?xml version="1.0"?>
<!--Phoronix Test Suite v9.8.0m2-->
<PhoronixTestSuite>
  <TestInformation>
    <Title>Montage Astronomical Image Mosaic Engine</Title>
    <AppVersion>6.0</AppVersion>
    <Description>Montage is an open-source astronomical image mosaic engine. This BSD-licensed astronomy software is developed by the California Institute of Technology, Pasadena.</Description>
    <ResultScale>Seconds</ResultScale>
    <Proportion>LIB</Proportion>
    <SubTitle>Mosaic of M17, K band, 1.5 deg x 1.5 deg</SubTitle>
    <TimesToRun>3</TimesToRun>
  </TestInformation>
  <TestProfile>
    <Version>1.0.0</Version>
    <SupportedPlatforms>Linux, BSD</SupportedPlatforms>
    <SoftwareType>Utility</SoftwareType>
    <TestType>Processor</TestType>
    <License>Free</License>
    <Status>Verified</Status>
    <ExternalDependencies>build-utilities</ExternalDependencies>
    <EnvironmentSize>2500</EnvironmentSize>
    <ProjectURL>http://montage.ipac.caltech.edu/</ProjectURL>
    <Maintainer>Michael Larabel</Maintainer>
  </TestProfile>
</PhoronixTestSuite>
