<?xml version="1.0"?>
<!--Phoronix Test Suite v9.2.0m1-->
<PhoronixTestSuite>
  <TestInformation>
    <Title>CloudSuite Media Streaming</Title>
    <Description>CloudSuite Media Streaming uses the Nginx web server for hosted videos of varying lengths/qualities.</Description>
    <ResultScale>Reply Rate</ResultScale>
    <Proportion>HIB</Proportion>
    <TimesToRun>1</TimesToRun>
  </TestInformation>
  <TestProfile>
    <Version>1.0.0</Version>
    <SupportedPlatforms>Linux</SupportedPlatforms>
    <SoftwareType>Utility</SoftwareType>
    <TestType>System</TestType>
    <License>Free</License>
    <Status>Verified</Status>
    <RequiresInternet>TRUE</RequiresInternet>
    <EnvironmentSize>700</EnvironmentSize>
    <ProjectURL>https://github.com/parsa-epfl/cloudsuite/blob/master/docs/benchmarks/media-streaming.md</ProjectURL>
    <InternalTags>Cloud, Docker</InternalTags>
    <Maintainer>Michael Larabel</Maintainer>
    <SystemDependencies>docker</SystemDependencies>
  </TestProfile>
</PhoronixTestSuite>
