<?xml version="1.0"?>
<!--Phoronix Test Suite v10.0.1-->
<PhoronixTestSuite>
  <TestInformation>
    <Title>Basis Universal</Title>
    <AppVersion>1.12</AppVersion>
    <Description>Basis Universal is a GPU texture codoec. This test times how long it takes to convert sRGB PNGs into Basis Univeral assets with various settings.</Description>
    <ResultScale>Seconds</ResultScale>
    <Proportion>LIB</Proportion>
    <TimesToRun>3</TimesToRun>
  </TestInformation>
  <TestProfile>
    <Version>1.0.2</Version>
    <SupportedPlatforms>Linux, Windows, MacOSX</SupportedPlatforms>
    <SoftwareType>Benchmark</SoftwareType>
    <TestType>System</TestType>
    <License>Free</License>
    <Status>Verified</Status>
    <ExternalDependencies>build-utilities, cmake</ExternalDependencies>
    <EnvironmentSize>1</EnvironmentSize>
    <ProjectURL>http://github.com/BinomialLLC/basis_universal</ProjectURL>
    <Maintainer>Michael Larabel</Maintainer>
  </TestProfile>
  <TestSettings>
    <Option>
      <DisplayName>Settings</DisplayName>
      <Identifier>settings</Identifier>
      <Menu>
        <Entry>
          <Name>ETC1S</Name>
          <Value> </Value>
        </Entry>
        <Entry>
          <Name>UASTC Level 0</Name>
          <Value>-uastc -uastc_level 0</Value>
        </Entry>
        <Entry>
          <Name>UASTC Level 2</Name>
          <Value>-uastc -uastc_level 2</Value>
        </Entry>
        <Entry>
          <Name>UASTC Level 3</Name>
          <Value>-uastc -uastc_level 3</Value>
        </Entry>
        <Entry>
          <Name>UASTC Level 2 + RDO Post-Processing</Name>
          <Value>-uastc -uastc_level 2 -uastc_rdo_q .75</Value>
        </Entry>
      </Menu>
    </Option>
  </TestSettings>
</PhoronixTestSuite>
