<?xml version="1.0"?>
<!--Phoronix Test Suite v10.2.0m2-->
<PhoronixTestSuite>
  <TestInformation>
    <Title>perf-bench</Title>
    <Description>This test profile is used for running Linux perf-bench, the benchmark support within the Linux kernel's perf tool.</Description>
    <ResultScale>ops/sec</ResultScale>
    <Proportion>HIB</Proportion>
    <TimesToRun>3</TimesToRun>
  </TestInformation>
  <TestProfile>
    <Version>1.0.3</Version>
    <SupportedPlatforms>Linux</SupportedPlatforms>
    <SoftwareType>Utility</SoftwareType>
    <TestType>OS</TestType>
    <License>Free</License>
    <Status>Verified</Status>
    <ExternalDependencies>build-utilities, openssl-development, bison, flex</ExternalDependencies>
    <EnvironmentSize>207</EnvironmentSize>
    <ProjectURL>http://www.kernel.org/</ProjectURL>
    <Maintainer>Michael Larabel</Maintainer>
  </TestProfile>
  <TestSettings>
    <Option>
      <DisplayName>Benchmark</DisplayName>
      <Identifier>benchmark</Identifier>
      <Menu>
        <Entry>
          <Name>Sched Pipe</Name>
          <Value>sched pipe -l 5000000</Value>
        </Entry>
        <Entry>
          <Name>Memcpy 1MB</Name>
          <Value>mem memcpy -l 100000 -s 1MB</Value>
        </Entry>
        <Entry>
          <Name>Memset 1MB</Name>
          <Value>mem memset -l 100000 -s 1MB</Value>
        </Entry>
        <Entry>
          <Name>Syscall Basic</Name>
          <Value>syscall basic -l 100000000</Value>
        </Entry>
        <Entry>
          <Name>Futex Hash</Name>
          <Value>futex hash -r 30 -s</Value>
        </Entry>
        <Entry>
          <Name>Futex Lock-Pi</Name>
          <Value>futex lock-pi -r 30 -s</Value>
        </Entry>
        <Entry>
          <Name>Epoll Wait</Name>
          <Value>epoll wait -r 30</Value>
        </Entry>
      </Menu>
    </Option>
  </TestSettings>
</PhoronixTestSuite>
