<?xml version="1.0"?>
<!--Phoronix Test Suite v6.8.0-->
<PhoronixTestSuite>
  <TestInformation>
    <Title>Bullet Physics Engine</Title>
    <AppVersion>2.81</AppVersion>
    <Description>This is a benchmark of the Bullet Physics Engine.</Description>
    <ResultScale>Seconds</ResultScale>
    <Proportion>LIB</Proportion>
    <TimesToRun>3</TimesToRun>
  </TestInformation>
  <TestProfile>
    <Version>1.2.2</Version>
    <SupportedPlatforms>Linux, MacOSX, BSD</SupportedPlatforms>
    <SoftwareType>Utility</SoftwareType>
    <TestType>Processor</TestType>
    <License>Free</License>
    <Status>Verified</Status>
    <ExternalDependencies>build-utilities, cmake, glut</ExternalDependencies>
    <EnvironmentSize>134</EnvironmentSize>
    <ProjectURL>http://www.bulletphysics.org/</ProjectURL>
    <Maintainer>Michael Larabel</Maintainer>
  </TestProfile>
  <TestSettings>
    <Default>
      <AllowCacheShare>TRUE</AllowCacheShare>
    </Default>
    <Option>
      <DisplayName>Test</DisplayName>
      <Identifier>run-test</Identifier>
      <ArgumentPrefix></ArgumentPrefix>
      <ArgumentPostfix></ArgumentPostfix>
      <DefaultEntry>0</DefaultEntry>
      <Menu>
        <Entry>
          <Name>3000 Fall</Name>
          <Value>3000 fall</Value>
          <Message></Message>
        </Entry>
        <Entry>
          <Name>1000 Stack</Name>
          <Value>1000 stack</Value>
          <Message></Message>
        </Entry>
        <Entry>
          <Name>136 Ragdolls</Name>
          <Value>136 ragdolls</Value>
          <Message></Message>
        </Entry>
        <Entry>
          <Name>1000 Convex</Name>
          <Value>1000 convex</Value>
          <Message></Message>
        </Entry>
        <Entry>
          <Name>Prim Trimesh</Name>
          <Value>prim-trimesh</Value>
          <Message></Message>
        </Entry>
        <Entry>
          <Name>Convex Trimesh</Name>
          <Value>convex-trimesh</Value>
          <Message></Message>
        </Entry>
        <Entry>
          <Name>Raytests</Name>
          <Value>raytests</Value>
          <Message></Message>
        </Entry>
      </Menu>
    </Option>
  </TestSettings>
</PhoronixTestSuite>
