<?xml version="1.0"?>
<!--Phoronix Test Suite v10.2.0-->
<PhoronixTestSuite>
  <TestInformation>
    <Title>Google SynthMark</Title>
    <AppVersion>20201109</AppVersion>
    <Description>SynthMark is a cross platform tool for benchmarking CPU performance under a variety of real-time audio workloads. It uses a polyphonic synthesizer model to provide standardized tests for latency, jitter and computational throughput.</Description>
    <ResultScale>Voices</ResultScale>
    <Proportion>HIB</Proportion>
    <TimesToRun>3</TimesToRun>
  </TestInformation>
  <TestProfile>
    <Version>1.0.0</Version>
    <SupportedPlatforms>Linux</SupportedPlatforms>
    <SoftwareType>Utility</SoftwareType>
    <TestType>Processor</TestType>
    <License>Free</License>
    <Status>Verified</Status>
    <ExternalDependencies>build-utilities</ExternalDependencies>
    <EnvironmentSize>4</EnvironmentSize>
    <ProjectURL>https://github.com/google/synthmark</ProjectURL>
    <Maintainer>Michael Larabel</Maintainer>
  </TestProfile>
  <TestSettings>
    <Option>
      <DisplayName>Test</DisplayName>
      <Identifier>test</Identifier>
      <Menu>
        <Entry>
          <Name>VoiceMark_100</Name>
          <Value>-tv -p100 -s30</Value>
        </Entry>
      </Menu>
    </Option>
  </TestSettings>
</PhoronixTestSuite>
