<?xml version="1.0"?>
<!--Phoronix Test Suite v5.4.0m6 (Lipki)-->
<PhoronixTestSuite>
  <TestInformation>
    <Title>Timed WebKitFLTK Compilation</Title>
    <AppVersion>0.1.1</AppVersion>
    <Description>This test times how long it takes to build the WebKitFLTK web library.</Description>
    <ResultScale>Seconds</ResultScale>
    <Proportion>LIB</Proportion>
    <SubTitle>Time To Compile</SubTitle>
    <PreInstallMessage>Some build dependencies might be needed that currently aren't handled by the Phoronix Test Suite including: FLTK, Ruby, sqlite, icu, harfbuzz, gperf</PreInstallMessage>
  </TestInformation>
  <TestProfile>
    <Version>1.0.0</Version>
    <SupportedPlatforms>Linux</SupportedPlatforms>
    <SoftwareType>Utility</SoftwareType>
    <TestType>Processor</TestType>
    <License>Free</License>
    <Status>Verified</Status>
    <ExternalDependencies>build-utilities, gtk-development, glibc-development, cairo-development, bison, perl, python, curl, openssl-development</ExternalDependencies>
    <ProjectURL>http://fifth-browser.sourceforge.net/</ProjectURL>
    <InternalTags>SMP</InternalTags>
    <Maintainer>Curaga</Maintainer>
  </TestProfile>
</PhoronixTestSuite>
