<?xml version="1.0"?>
<!--Phoronix Test Suite v9.8.0m1-->
<PhoronixTestSuite>
  <TestInformation>
    <Title>Mixbench</Title>
    <AppVersion>2020-06-23</AppVersion>
    <Description>A benchmark suite for GPUs on mixed operational intensity kernels.</Description>
    <Proportion>HIB</Proportion>
    <TimesToRun>3</TimesToRun>
  </TestInformation>
  <TestProfile>
    <Version>1.1.0</Version>
    <SupportedPlatforms>Linux</SupportedPlatforms>
    <SoftwareType>Benchmark</SoftwareType>
    <TestType>Graphics</TestType>
    <License>Free</License>
    <Status>Verified</Status>
    <ExternalDependencies>build-utilities, opencl</ExternalDependencies>
    <RequiresDisplay>TRUE</RequiresDisplay>
    <EnvironmentSize>1</EnvironmentSize>
    <ProjectURL>https://github.com/ekondis/mixbench</ProjectURL>
    <InternalTags>CUDA, OpenCL</InternalTags>
    <Maintainer>Michael Larabel</Maintainer>
  </TestProfile>
  <TestSettings>
    <Option>
      <DisplayName>Backend</DisplayName>
      <Identifier>backend</Identifier>
      <Menu>
        <Entry>
          <Name>OpenCL</Name>
          <Value>mixbench-ocl-ro</Value>
        </Entry>
        <Entry>
          <Name>NVIDIA CUDA</Name>
          <Value>mixbench-cuda-ro</Value>
        </Entry>
      </Menu>
    </Option>
    <Option>
      <DisplayName>Benchmark</DisplayName>
      <Identifier>benchmark</Identifier>
      <Menu>
        <Entry>
          <Name>Single Precision</Name>
          <Value>SPGFLOPS</Value>
        </Entry>
        <Entry>
          <Name>Double Precision</Name>
          <Value>DPGFLOPS</Value>
        </Entry>
        <Entry>
          <Name>Half Precision</Name>
          <Value>HPGFLOPS</Value>
        </Entry>
        <Entry>
          <Name>Integer</Name>
          <Value>GIOPS</Value>
        </Entry>
      </Menu>
    </Option>
  </TestSettings>
</PhoronixTestSuite>
