<?xml version="1.0"?>
<!--Phoronix Test Suite v9.0.0m3-->
<PhoronixTestSuite>
  <TestInformation>
    <Title>Geekbench</Title>
    <AppVersion>5.0</AppVersion>
    <Description>This is a benchmark of Geekbench 5 Pro. The test profile automates the execution of Geekbench 5 under the Phoronix Test Suite, assuming you have a valid license key for Geekbench 5 Pro. This test will not work without a valid license key for Geekbench Pro.</Description>
    <ResultScale>Score</ResultScale>
    <Proportion>HIB</Proportion>
    <TimesToRun>3</TimesToRun>
    <PreInstallMessage>You must manually activate the Geekbench binary with your email/license key before this benchmark will work.</PreInstallMessage>
  </TestInformation>
  <TestProfile>
    <Version>1.1.1</Version>
    <SupportedPlatforms>Linux, Windows</SupportedPlatforms>
    <SoftwareType>Utility</SoftwareType>
    <TestType>System</TestType>
    <License>Retail</License>
    <Status>Verified</Status>
    <SupportedArchitectures>x86_64</SupportedArchitectures>
    <EnvironmentSize>132</EnvironmentSize>
    <ProjectURL>https://www.primatelabs.com/store/</ProjectURL>
    <Maintainer>Michael Larabel</Maintainer>
  </TestProfile>
  <TestSettings>
    <Default>
      <Arguments>--no-upload </Arguments>
    </Default>
    <Option>
      <DisplayName>Test</DisplayName>
      <Identifier>test</Identifier>
      <Menu>
        <Entry>
          <Name>CPU Single Core</Name>
          <Value>--single-core</Value>
        </Entry>
        <Entry>
          <Name>CPU Multi Core</Name>
          <Value>--multi-core</Value>
        </Entry>
        <Entry>
          <Name>GPU OpenCL</Name>
          <Value>--compute OpenCL</Value>
        </Entry>
        <Entry>
          <Name>GPU NVIDIA CUDA</Name>
          <Value>--compute CUDA</Value>
        </Entry>
        <Entry>
          <Name>GPU Vulkan</Name>
          <Value>--compute Vulkan</Value>
        </Entry>
      </Menu>
    </Option>
  </TestSettings>
</PhoronixTestSuite>
