<?xml version="1.0"?>
<!--Phoronix Test Suite v6.4.0-->
<PhoronixTestSuite>
  <TestInformation>
    <Title>Mixbench</Title>
    <AppVersion>2016-06-06</AppVersion>
    <Description>A benchmark suite for GPUs on mixed operational intensity kernels.</Description>
    <Proportion>HIB</Proportion>
    <TimesToRun>3</TimesToRun>
  </TestInformation>
  <TestProfile>
    <Version>1.0.0</Version>
    <SupportedPlatforms>Linux</SupportedPlatforms>
    <SoftwareType>Benchmark</SoftwareType>
    <TestType>Graphics</TestType>
    <License>Free</License>
    <Status>Verified</Status>
    <ExternalDependencies>build-utilities, opencl</ExternalDependencies>
    <EnvironmentSize>1</EnvironmentSize>
    <ProjectURL>https://github.com/ekondis/mixbench</ProjectURL>
    <InternalTags>CUDA, OpenCL</InternalTags>
    <Maintainer>Michael Larabel</Maintainer>
  </TestProfile>
  <TestSettings>
    <Option>
      <DisplayName>Benchmark</DisplayName>
      <Identifier>benchmark</Identifier>
      <ArgumentPrefix></ArgumentPrefix>
      <ArgumentPostfix></ArgumentPostfix>
      <DefaultEntry>0</DefaultEntry>
      <Menu>
        <Entry>
          <Name>Single Precision</Name>
          <Value>SPGFLOPS</Value>
          <Message></Message>
        </Entry>
        <Entry>
          <Name>Double Precision</Name>
          <Value>DPGFLOPS</Value>
          <Message></Message>
        </Entry>
        <Entry>
          <Name>Integer</Name>
          <Value>GIOPS</Value>
          <Message></Message>
        </Entry>
      </Menu>
    </Option>
  </TestSettings>
</PhoronixTestSuite>
