<?xml version="1.0"?>
<!--Phoronix Test Suite v10.2.1-->
<PhoronixTestSuite>
  <TestInformation>
    <Title>Chaos Group V-RAY</Title>
    <AppVersion>5</AppVersion>
    <Description>This is a test of Chaos Group's V-RAY benchmark. V-RAY is a commercial renderer that can integrate with various creator software products like SketchUp and 3ds Max. The V-RAY benchmark is standalone and supports CPU and NVIDIA CUDA/RTX based rendering.</Description>
    <ResultScale>Vrays</ResultScale>
    <Proportion>HIB</Proportion>
    <TimesToRun>3</TimesToRun>
    <PreInstallMessage>You must manually download the (free) V-RAY CLI benchmark program from https://www.chaosgroup.com/vray/benchmark and place it in your Phoronix Test Suite download cache prior to test installation/execution.</PreInstallMessage>
  </TestInformation>
  <TestProfile>
    <Version>1.3.0</Version>
    <SupportedPlatforms>Linux, Windows, MacOSX</SupportedPlatforms>
    <SoftwareType>Utility</SoftwareType>
    <TestType>System</TestType>
    <License>Non-Free</License>
    <Status>Verified</Status>
    <SupportedArchitectures>x86_64</SupportedArchitectures>
    <EnvironmentSize>810</EnvironmentSize>
    <ProjectURL>https://www.chaosgroup.com/vray/benchmark</ProjectURL>
    <Maintainer>Michael Larabel</Maintainer>
  </TestProfile>
  <TestSettings>
    <Default>
      <MinimumLength>10</MinimumLength>
    </Default>
    <Option>
      <DisplayName>Mode</DisplayName>
      <Identifier>mode</Identifier>
      <ArgumentPrefix>-m </ArgumentPrefix>
      <Menu>
        <Entry>
          <Name>CPU</Name>
          <Value>vray</Value>
        </Entry>
        <Entry>
          <Name>NVIDIA CUDA GPU</Name>
          <Value>vray-gpu-cuda</Value>
        </Entry>
        <Entry>
          <Name>NVIDIA RTX GPU</Name>
          <Value>vray-gpu-rtx</Value>
        </Entry>
      </Menu>
    </Option>
  </TestSettings>
</PhoronixTestSuite>
